<?xml version="1.0" encoding="UTF-8"?>
<testsuite xmlns:xsi="http://www.w3.org/2001/XMLSchema-instance" xsi:noNamespaceSchemaLocation="https://maven.apache.org/surefire/maven-surefire-plugin/xsd/surefire-test-report-3.0.xsd" version="3.0" name="com.catan.model.CatanGameTest" time="0.22" tests="6" errors="0" skipped="0" failures="0">
  <properties>
[...]
</properties>
  <testcase name="testInvalidPlayerCount" classname="com.catan.model.CatanGameTest" time="0.146">
    <system-out><![CDATA[Vertex dir=0 q: -1 r: -2 x=441.43593539448983 roundedX=441.0 y=80.0 roundedY=80.0
Vertex dir=1 q: -1 r: -2 x=510.71796769724494 roundedX=511.0 y=120.0 roundedY=120.0
Vertex dir=2 q: -1 r: -2 x=510.71796769724494 roundedX=511.0 y=200.0 roundedY=200.0
Vertex dir=3 q: -1 r: -2 x=441.43593539448983 roundedX=441.0 y=240.0 roundedY=240.0
Vertex dir=4 q: -1 r: -2 x=372.1539030917347 roundedX=372.0 y=200.00000000000003 roundedY=200.0
Vertex dir=5 q: -1 r: -2 x=372.1539030917347 roundedX=372.0 y=120.0 roundedY=120.0
Vertex dir=0 q: 0 r: -1 x=649.282032302755 roundedX=649.0 y=200.0 roundedY=200.0
Vertex dir=1 q: 0 r: -1 x=718.5640646055101 roundedX=719.0 y=240.0 roundedY=240.0
Vertex dir=2 q: 0 r: -1 x=718.5640646055101 roundedX=719.0 y=320.0 roundedY=320.0
Vertex dir=3 q: 0 r: -1 x=649.282032302755 roundedX=649.0 y=360.0 roundedY=360.0
Vertex dir=4 q: 0 r: -1 x=580.0 roundedX=580.0 y=320.0 roundedY=320.0
Vertex dir=5 q: 0 r: -1 x=580.0 roundedX=580.0 y=240.0 roundedY=240.0
Vertex dir=0 q: 0 r: 0 x=580.0 roundedX=580.0 y=320.0 roundedY=320.0
Vertex dir=1 q: 0 r: 0 x=649.282032302755 roundedX=649.0 y=360.0 roundedY=360.0
Vertex dir=2 q: 0 r: 0 x=649.282032302755 roundedX=649.0 y=440.0 roundedY=440.0
Vertex dir=3 q: 0 r: 0 x=580.0 roundedX=580.0 y=480.0 roundedY=480.0
Vertex dir=4 q: 0 r: 0 x=510.71796769724494 roundedX=511.0 y=440.0 roundedY=440.0
Vertex dir=5 q: 0 r: 0 x=510.71796769724494 roundedX=511.0 y=360.0 roundedY=360.0
Vertex dir=0 q: 1 r: 1 x=787.8460969082653 roundedX=788.0 y=440.0 roundedY=440.0
Vertex dir=1 q: 1 r: 1 x=857.1281292110203 roundedX=857.0 y=480.0 roundedY=480.0
Vertex dir=2 q: 1 r: 1 x=857.1281292110203 roundedX=857.0 y=560.0 roundedY=560.0
Vertex dir=3 q: 1 r: 1 x=787.8460969082653 roundedX=788.0 y=600.0 roundedY=600.0
Vertex dir=4 q: 1 r: 1 x=718.5640646055102 roundedX=719.0 y=560.0 roundedY=560.0
Vertex dir=5 q: 1 r: 1 x=718.5640646055102 roundedX=719.0 y=480.0 roundedY=480.0
Vertex dir=0 q: 0 r: -2 x=580.0 roundedX=580.0 y=80.0 roundedY=80.0
Vertex dir=1 q: 0 r: -2 x=649.282032302755 roundedX=649.0 y=120.0 roundedY=120.0
Vertex dir=2 q: 0 r: -2 x=649.282032302755 roundedX=649.0 y=200.0 roundedY=200.0
Vertex dir=3 q: 0 r: -2 x=580.0 roundedX=580.0 y=240.0 roundedY=240.0
Vertex dir=4 q: 0 r: -2 x=510.71796769724494 roundedX=511.0 y=200.00000000000003 roundedY=200.0
Vertex dir=5 q: 0 r: -2 x=510.71796769724494 roundedX=511.0 y=120.0 roundedY=120.0
Vertex dir=0 q: 0 r: 1 x=649.282032302755 roundedX=649.0 y=440.0 roundedY=440.0
Vertex dir=1 q: 0 r: 1 x=718.5640646055101 roundedX=719.0 y=480.0 roundedY=480.0
Vertex dir=2 q: 0 r: 1 x=718.5640646055101 roundedX=719.0 y=560.0 roundedY=560.0
Vertex dir=3 q: 0 r: 1 x=649.282032302755 roundedX=649.0 y=600.0 roundedY=600.0
Vertex dir=4 q: 0 r: 1 x=580.0 roundedX=580.0 y=560.0 roundedY=560.0
Vertex dir=5 q: 0 r: 1 x=580.0 roundedX=580.0 y=480.0 roundedY=480.0
Vertex dir=0 q: 1 r: 2 x=718.5640646055101 roundedX=719.0 y=560.0 roundedY=560.0
Vertex dir=1 q: 1 r: 2 x=787.8460969082652 roundedX=788.0 y=600.0 roundedY=600.0
Vertex dir=2 q: 1 r: 2 x=787.8460969082652 roundedX=788.0 y=680.0 roundedY=680.0
Vertex dir=3 q: 1 r: 2 x=718.5640646055101 roundedX=719.0 y=720.0 roundedY=720.0
Vertex dir=4 q: 1 r: 2 x=649.282032302755 roundedX=649.0 y=680.0 roundedY=680.0
Vertex dir=5 q: 1 r: 2 x=649.282032302755 roundedX=649.0 y=600.0 roundedY=600.0
Vertex dir=0 q: 0 r: 2 x=580.0 roundedX=580.0 y=560.0 roundedY=560.0
Vertex dir=1 q: 0 r: 2 x=649.282032302755 roundedX=649.0 y=600.0 roundedY=600.0
Vertex dir=2 q: 0 r: 2 x=649.282032302755 roundedX=649.0 y=680.0 roundedY=680.0
Vertex dir=3 q: 0 r: 2 x=580.0 roundedX=580.0 y=720.0 roundedY=720.0
Vertex dir=4 q: 0 r: 2 x=510.71796769724494 roundedX=511.0 y=680.0 roundedY=680.0
Vertex dir=5 q: 0 r: 2 x=510.71796769724494 roundedX=511.0 y=600.0 roundedY=600.0
Vertex dir=0 q: -2 r: 1 x=372.1539030917347 roundedX=372.0 y=440.0 roundedY=440.0
Vertex dir=1 q: -2 r: 1 x=441.4359353944898 roundedX=441.0 y=480.0 roundedY=480.0
Vertex dir=2 q: -2 r: 1 x=441.43593539448983 roundedX=441.0 y=560.0 roundedY=560.0
Vertex dir=3 q: -2 r: 1 x=372.1539030917347 roundedX=372.0 y=600.0 roundedY=600.0
Vertex dir=4 q: -2 r: 1 x=302.87187078897966 roundedX=303.0 y=560.0 roundedY=560.0
Vertex dir=5 q: -2 r: 1 x=302.87187078897966 roundedX=303.0 y=480.0 roundedY=480.0
Vertex dir=0 q: -1 r: 2 x=441.43593539448983 roundedX=441.0 y=560.0 roundedY=560.0
Vertex dir=1 q: -1 r: 2 x=510.71796769724494 roundedX=511.0 y=600.0 roundedY=600.0
Vertex dir=2 q: -1 r: 2 x=510.71796769724494 roundedX=511.0 y=680.0 roundedY=680.0
Vertex dir=3 q: -1 r: 2 x=441.43593539448983 roundedX=441.0 y=720.0 roundedY=720.0
Vertex dir=4 q: -1 r: 2 x=372.1539030917347 roundedX=372.0 y=680.0 roundedY=680.0
Vertex dir=5 q: -1 r: 2 x=372.1539030917347 roundedX=372.0 y=600.0 roundedY=600.0
Vertex dir=0 q: 1 r: -2 x=718.5640646055101 roundedX=719.0 y=80.0 roundedY=80.0
Vertex dir=1 q: 1 r: -2 x=787.8460969082652 roundedX=788.0 y=120.0 roundedY=120.0
Vertex dir=2 q: 1 r: -2 x=787.8460969082652 roundedX=788.0 y=200.0 roundedY=200.0
Vertex dir=3 q: 1 r: -2 x=718.5640646055101 roundedX=719.0 y=240.0 roundedY=240.0
Vertex dir=4 q: 1 r: -2 x=649.282032302755 roundedX=649.0 y=200.00000000000003 roundedY=200.0
Vertex dir=5 q: 1 r: -2 x=649.282032302755 roundedX=649.0 y=120.0 roundedY=120.0
Vertex dir=0 q: -2 r: 0 x=302.87187078897966 roundedX=303.0 y=320.0 roundedY=320.0
Vertex dir=1 q: -2 r: 0 x=372.1539030917347 roundedX=372.0 y=360.0 roundedY=360.0
Vertex dir=2 q: -2 r: 0 x=372.1539030917348 roundedX=372.0 y=440.0 roundedY=440.0
Vertex dir=3 q: -2 r: 0 x=302.87187078897966 roundedX=303.0 y=480.0 roundedY=480.0
Vertex dir=4 q: -2 r: 0 x=233.58983848622458 roundedX=234.0 y=440.0 roundedY=440.0
Vertex dir=5 q: -2 r: 0 x=233.58983848622458 roundedX=234.0 y=360.0 roundedY=360.0
Vertex dir=0 q: -1 r: 1 x=510.71796769724494 roundedX=511.0 y=440.0 roundedY=440.0
Vertex dir=1 q: -1 r: 1 x=580.0 roundedX=580.0 y=480.0 roundedY=480.0
Vertex dir=2 q: -1 r: 1 x=580.0 roundedX=580.0 y=560.0 roundedY=560.0
Vertex dir=3 q: -1 r: 1 x=510.71796769724494 roundedX=511.0 y=600.0 roundedY=600.0
Vertex dir=4 q: -1 r: 1 x=441.4359353944899 roundedX=441.0 y=560.0 roundedY=560.0
Vertex dir=5 q: -1 r: 1 x=441.4359353944899 roundedX=441.0 y=480.0 roundedY=480.0
Vertex dir=0 q: -2 r: -1 x=372.1539030917347 roundedX=372.0 y=200.0 roundedY=200.0
Vertex dir=1 q: -2 r: -1 x=441.4359353944898 roundedX=441.0 y=240.0 roundedY=240.0
Vertex dir=2 q: -2 r: -1 x=441.43593539448983 roundedX=441.0 y=320.0 roundedY=320.0
Vertex dir=3 q: -2 r: -1 x=372.1539030917347 roundedX=372.0 y=360.0 roundedY=360.0
Vertex dir=4 q: -2 r: -1 x=302.87187078897966 roundedX=303.0 y=320.0 roundedY=320.0
Vertex dir=5 q: -2 r: -1 x=302.87187078897966 roundedX=303.0 y=240.0 roundedY=240.0
Vertex dir=0 q: 1 r: -1 x=787.8460969082653 roundedX=788.0 y=200.0 roundedY=200.0
Vertex dir=1 q: 1 r: -1 x=857.1281292110203 roundedX=857.0 y=240.0 roundedY=240.0
Vertex dir=2 q: 1 r: -1 x=857.1281292110203 roundedX=857.0 y=320.0 roundedY=320.0
Vertex dir=3 q: 1 r: -1 x=787.8460969082653 roundedX=788.0 y=360.0 roundedY=360.0
Vertex dir=4 q: 1 r: -1 x=718.5640646055102 roundedX=719.0 y=320.0 roundedY=320.0
Vertex dir=5 q: 1 r: -1 x=718.5640646055102 roundedX=719.0 y=240.0 roundedY=240.0
Vertex dir=0 q: -1 r: 0 x=441.43593539448983 roundedX=441.0 y=320.0 roundedY=320.0
Vertex dir=1 q: -1 r: 0 x=510.71796769724494 roundedX=511.0 y=360.0 roundedY=360.0
Vertex dir=2 q: -1 r: 0 x=510.71796769724494 roundedX=511.0 y=440.0 roundedY=440.0
Vertex dir=3 q: -1 r: 0 x=441.43593539448983 roundedX=441.0 y=480.0 roundedY=480.0
Vertex dir=4 q: -1 r: 0 x=372.1539030917347 roundedX=372.0 y=440.0 roundedY=440.0
Vertex dir=5 q: -1 r: 0 x=372.1539030917347 roundedX=372.0 y=360.0 roundedY=360.0
Vertex dir=0 q: 2 r: 0 x=857.1281292110203 roundedX=857.0 y=320.0 roundedY=320.0
Vertex dir=1 q: 2 r: 0 x=926.4101615137754 roundedX=926.0 y=360.0 roundedY=360.0
Vertex dir=2 q: 2 r: 0 x=926.4101615137754 roundedX=926.0 y=440.0 roundedY=440.0
Vertex dir=3 q: 2 r: 0 x=857.1281292110203 roundedX=857.0 y=480.0 roundedY=480.0
Vertex dir=4 q: 2 r: 0 x=787.8460969082653 roundedX=788.0 y=440.0 roundedY=440.0
Vertex dir=5 q: 2 r: 0 x=787.8460969082653 roundedX=788.0 y=360.0 roundedY=360.0
Vertex dir=0 q: -1 r: -1 x=510.71796769724494 roundedX=511.0 y=200.0 roundedY=200.0
Vertex dir=1 q: -1 r: -1 x=580.0 roundedX=580.0 y=240.0 roundedY=240.0
Vertex dir=2 q: -1 r: -1 x=580.0 roundedX=580.0 y=320.0 roundedY=320.0
Vertex dir=3 q: -1 r: -1 x=510.71796769724494 roundedX=511.0 y=360.0 roundedY=360.0
Vertex dir=4 q: -1 r: -1 x=441.4359353944899 roundedX=441.0 y=320.0 roundedY=320.0
Vertex dir=5 q: -1 r: -1 x=441.4359353944899 roundedX=441.0 y=240.0 roundedY=240.0
Vertex dir=0 q: 1 r: 0 x=718.5640646055101 roundedX=719.0 y=320.0 roundedY=320.0
Vertex dir=1 q: 1 r: 0 x=787.8460969082652 roundedX=788.0 y=360.0 roundedY=360.0
Vertex dir=2 q: 1 r: 0 x=787.8460969082652 roundedX=788.0 y=440.0 roundedY=440.0
Vertex dir=3 q: 1 r: 0 x=718.5640646055101 roundedX=719.0 y=480.0 roundedY=480.0
Vertex dir=4 q: 1 r: 0 x=649.282032302755 roundedX=649.0 y=440.0 roundedY=440.0
Vertex dir=5 q: 1 r: 0 x=649.282032302755 roundedX=649.0 y=360.0 roundedY=360.0
Key X: 580.0Key Y: 560.0, Value: [Vertex(0, 1, 4), Vertex(0, 2, 0), Vertex(-1, 1, 2)]
Key X: 857.0Key Y: 320.0, Value: [Vertex(1, -1, 2), Vertex(2, 0, 0)]
Key X: 719.0Key Y: 480.0, Value: [Vertex(1, 1, 5), Vertex(0, 1, 1), Vertex(1, 0, 3)]
Key X: 580.0Key Y: 720.0, Value: [Vertex(0, 2, 3)]
Key X: 719.0Key Y: 560.0, Value: [Vertex(1, 1, 4), Vertex(0, 1, 2), Vertex(1, 2, 0)]
Key X: 441.0Key Y: 80.0, Value: [Vertex(-1, -2, 0)]
Key X: 857.0Key Y: 480.0, Value: [Vertex(1, 1, 1), Vertex(2, 0, 3)]
Key X: 719.0Key Y: 720.0, Value: [Vertex(1, 2, 3)]
Key X: 857.0Key Y: 560.0, Value: [Vertex(1, 1, 2)]
Key X: 372.0Key Y: 120.0, Value: [Vertex(-1, -2, 5)]
Key X: 303.0Key Y: 240.0, Value: [Vertex(-2, -1, 5)]
Key X: 372.0Key Y: 200.0, Value: [Vertex(-1, -2, 4), Vertex(-2, -1, 0)]
Key X: 511.0Key Y: 120.0, Value: [Vertex(-1, -2, 1), Vertex(0, -2, 5)]
Key X: 303.0Key Y: 320.0, Value: [Vertex(-2, 0, 0), Vertex(-2, -1, 4)]
Key X: 649.0Key Y: 120.0, Value: [Vertex(0, -2, 1), Vertex(1, -2, 5)]
Key X: 441.0Key Y: 240.0, Value: [Vertex(-1, -2, 3), Vertex(-2, -1, 1), Vertex(-1, -1, 5)]
Key X: 372.0Key Y: 360.0, Value: [Vertex(-2, 0, 1), Vertex(-2, -1, 3), Vertex(-1, 0, 5)]
Key X: 511.0Key Y: 200.0, Value: [Vertex(-1, -2, 2), Vertex(0, -2, 4), Vertex(-1, -1, 0)]
Key X: 788.0Key Y: 120.0, Value: [Vertex(1, -2, 1)]
Key X: 303.0Key Y: 480.0, Value: [Vertex(-2, 1, 5), Vertex(-2, 0, 3)]
Key X: 441.0Key Y: 320.0, Value: [Vertex(-2, -1, 2), Vertex(-1, 0, 0), Vertex(-1, -1, 4)]
Key X: 649.0Key Y: 200.0, Value: [Vertex(0, -1, 0), Vertex(0, -2, 2), Vertex(1, -2, 4)]
Key X: 303.0Key Y: 560.0, Value: [Vertex(-2, 1, 4)]
Key X: 372.0Key Y: 440.0, Value: [Vertex(-2, 1, 0), Vertex(-2, 0, 2), Vertex(-1, 0, 4)]
Key X: 372.0Key Y: 600.0, Value: [Vertex(-2, 1, 3), Vertex(-1, 2, 5)]
Key X: 788.0Key Y: 200.0, Value: [Vertex(1, -2, 2), Vertex(1, -1, 0)]
Key X: 441.0Key Y: 480.0, Value: [Vertex(-2, 1, 1), Vertex(-1, 1, 5), Vertex(-1, 0, 3)]
Key X: 511.0Key Y: 360.0, Value: [Vertex(0, 0, 5), Vertex(-1, 0, 1), Vertex(-1, -1, 3)]
Key X: 441.0Key Y: 560.0, Value: [Vertex(-2, 1, 2), Vertex(-1, 2, 0), Vertex(-1, 1, 4)]
Key X: 372.0Key Y: 680.0, Value: [Vertex(-1, 2, 4)]
Key X: 511.0Key Y: 440.0, Value: [Vertex(0, 0, 4), Vertex(-1, 1, 0), Vertex(-1, 0, 2)]
Key X: 649.0Key Y: 360.0, Value: [Vertex(0, -1, 3), Vertex(0, 0, 1), Vertex(1, 0, 5)]
Key X: 441.0Key Y: 720.0, Value: [Vertex(-1, 2, 3)]
Key X: 788.0Key Y: 360.0, Value: [Vertex(1, -1, 3), Vertex(2, 0, 5), Vertex(1, 0, 1)]
Key X: 511.0Key Y: 600.0, Value: [Vertex(0, 2, 5), Vertex(-1, 2, 1), Vertex(-1, 1, 3)]
Key X: 649.0Key Y: 440.0, Value: [Vertex(0, 0, 2), Vertex(0, 1, 0), Vertex(1, 0, 4)]
Key X: 511.0Key Y: 680.0, Value: [Vertex(0, 2, 4), Vertex(-1, 2, 2)]
Key X: 926.0Key Y: 360.0, Value: [Vertex(2, 0, 1)]
Key X: 649.0Key Y: 600.0, Value: [Vertex(0, 1, 3), Vertex(1, 2, 5), Vertex(0, 2, 1)]
Key X: 788.0Key Y: 440.0, Value: [Vertex(1, 1, 0), Vertex(2, 0, 4), Vertex(1, 0, 2)]
Key X: 649.0Key Y: 680.0, Value: [Vertex(1, 2, 4), Vertex(0, 2, 2)]
Key X: 926.0Key Y: 440.0, Value: [Vertex(2, 0, 2)]
Key X: 788.0Key Y: 600.0, Value: [Vertex(1, 1, 3), Vertex(1, 2, 1)]
Key X: 788.0Key Y: 680.0, Value: [Vertex(1, 2, 2)]
Key X: 580.0Key Y: 80.0, Value: [Vertex(0, -2, 0)]
Key X: 719.0Key Y: 80.0, Value: [Vertex(1, -2, 0)]
Key X: 580.0Key Y: 240.0, Value: [Vertex(0, -1, 5), Vertex(0, -2, 3), Vertex(-1, -1, 1)]
Key X: 234.0Key Y: 360.0, Value: [Vertex(-2, 0, 5)]
Key X: 580.0Key Y: 320.0, Value: [Vertex(0, -1, 4), Vertex(0, 0, 0), Vertex(-1, -1, 2)]
Key X: 234.0Key Y: 440.0, Value: [Vertex(-2, 0, 4)]
Key X: 719.0Key Y: 240.0, Value: [Vertex(0, -1, 1), Vertex(1, -2, 3), Vertex(1, -1, 5)]
Key X: 857.0Key Y: 240.0, Value: [Vertex(1, -1, 1)]
Key X: 719.0Key Y: 320.0, Value: [Vertex(0, -1, 2), Vertex(1, -1, 4), Vertex(1, 0, 0)]
Key X: 580.0Key Y: 480.0, Value: [Vertex(0, 0, 3), Vertex(0, 1, 5), Vertex(-1, 1, 1)]
Key: Vertex(-2, 1, 4) -> Value: Vertex(-2, 1, 4)
Size: 114
Key: Vertex(-2, 1, 5) -> Value: Vertex(-2, 1, 5)
Size: 114
Key: Vertex(1, -1, 0) -> Value: Vertex(1, -2, 2)
Size: 114
Key: Vertex(1, -1, 1) -> Value: Vertex(1, -1, 1)
Size: 114
Key: Vertex(1, -1, 2) -> Value: Vertex(1, -1, 2)
Size: 114
Key: Vertex(1, -1, 3) -> Value: Vertex(1, -1, 3)
Size: 114
Key: Vertex(1, -1, 4) -> Value: Vertex(0, -1, 2)
Size: 114
Key: Vertex(1, -1, 5) -> Value: Vertex(0, -1, 1)
Size: 114
Key: Vertex(1, 0, 0) -> Value: Vertex(0, -1, 2)
Size: 114
Key: Vertex(1, 0, 1) -> Value: Vertex(1, -1, 3)
Size: 114
Key: Vertex(0, -2, 0) -> Value: Vertex(0, -2, 0)
Size: 114
Key: Vertex(0, -2, 1) -> Value: Vertex(0, -2, 1)
Size: 114
Key: Vertex(1, 0, 2) -> Value: Vertex(1, 1, 0)
Size: 114
Key: Vertex(1, 0, 3) -> Value: Vertex(1, 1, 5)
Size: 114
Key: Vertex(0, -2, 2) -> Value: Vertex(0, -1, 0)
Size: 114
Key: Vertex(1, 0, 4) -> Value: Vertex(0, 0, 2)
Size: 114
Key: Vertex(0, -2, 3) -> Value: Vertex(0, -1, 5)
Size: 114
Key: Vertex(0, -2, 4) -> Value: Vertex(-1, -2, 2)
Size: 114
Key: Vertex(1, 0, 5) -> Value: Vertex(0, -1, 3)
Size: 114
Key: Vertex(0, -2, 5) -> Value: Vertex(-1, -2, 1)
Size: 114
Key: Vertex(1, 1, 0) -> Value: Vertex(1, 1, 0)
Size: 114
Key: Vertex(1, 1, 1) -> Value: Vertex(1, 1, 1)
Size: 114
Key: Vertex(0, -1, 0) -> Value: Vertex(0, -1, 0)
Size: 114
Key: Vertex(1, 1, 2) -> Value: Vertex(1, 1, 2)
Size: 114
Key: Vertex(0, -1, 1) -> Value: Vertex(0, -1, 1)
Size: 114
Key: Vertex(1, 1, 3) -> Value: Vertex(1, 1, 3)
Size: 114
Key: Vertex(0, -1, 2) -> Value: Vertex(0, -1, 2)
Size: 114
Key: Vertex(1, 1, 4) -> Value: Vertex(1, 1, 4)
Size: 114
Key: Vertex(0, -1, 3) -> Value: Vertex(0, -1, 3)
Size: 114
Key: Vertex(1, 1, 5) -> Value: Vertex(1, 1, 5)
Size: 114
Key: Vertex(0, -1, 4) -> Value: Vertex(0, -1, 4)
Size: 114
Key: Vertex(0, -1, 5) -> Value: Vertex(0, -1, 5)
Size: 114
Key: Vertex(1, 2, 0) -> Value: Vertex(1, 1, 4)
Size: 114
Key: Vertex(1, 2, 1) -> Value: Vertex(1, 1, 3)
Size: 114
Key: Vertex(0, 0, 0) -> Value: Vertex(0, -1, 4)
Size: 114
Key: Vertex(-1, -2, 0) -> Value: Vertex(-1, -2, 0)
Size: 114
Key: Vertex(0, 0, 1) -> Value: Vertex(0, -1, 3)
Size: 114
Key: Vertex(1, 2, 2) -> Value: Vertex(1, 2, 2)
Size: 114
Key: Vertex(1, 2, 3) -> Value: Vertex(1, 2, 3)
Size: 114
Key: Vertex(-1, -2, 1) -> Value: Vertex(-1, -2, 1)
Size: 114
Key: Vertex(0, 0, 2) -> Value: Vertex(0, 0, 2)
Size: 114
Key: Vertex(-1, -2, 2) -> Value: Vertex(-1, -2, 2)
Size: 114
Key: Vertex(1, 2, 4) -> Value: Vertex(1, 2, 4)
Size: 114
Key: Vertex(0, 0, 3) -> Value: Vertex(0, 0, 3)
Size: 114
Key: Vertex(-1, -2, 3) -> Value: Vertex(-1, -2, 3)
Size: 114
Key: Vertex(0, 0, 4) -> Value: Vertex(0, 0, 4)
Size: 114
Key: Vertex(1, 2, 5) -> Value: Vertex(0, 1, 3)
Size: 114
Key: Vertex(-1, -2, 4) -> Value: Vertex(-1, -2, 4)
Size: 114
Key: Vertex(0, 0, 5) -> Value: Vertex(0, 0, 5)
Size: 114
Key: Vertex(-1, -2, 5) -> Value: Vertex(-1, -2, 5)
Size: 114
Key: Vertex(0, 1, 0) -> Value: Vertex(0, 0, 2)
Size: 114
Key: Vertex(0, 1, 1) -> Value: Vertex(1, 1, 5)
Size: 114
Key: Vertex(-1, -1, 0) -> Value: Vertex(-1, -2, 2)
Size: 114
Key: Vertex(0, 1, 2) -> Value: Vertex(1, 1, 4)
Size: 114
Key: Vertex(-1, -1, 1) -> Value: Vertex(0, -1, 5)
Size: 114
Key: Vertex(0, 1, 3) -> Value: Vertex(0, 1, 3)
Size: 114
Key: Vertex(-1, -1, 2) -> Value: Vertex(0, -1, 4)
Size: 114
Key: Vertex(0, 1, 4) -> Value: Vertex(0, 1, 4)
Size: 114
Key: Vertex(-1, -1, 3) -> Value: Vertex(0, 0, 5)
Size: 114
Key: Vertex(-1, -1, 4) -> Value: Vertex(-2, -1, 2)
Size: 114
Key: Vertex(0, 1, 5) -> Value: Vertex(0, 0, 3)
Size: 114
Key: Vertex(-1, -1, 5) -> Value: Vertex(-1, -2, 3)
Size: 114
Key: Vertex(0, 2, 0) -> Value: Vertex(0, 1, 4)
Size: 114
Key: Vertex(-1, 0, 0) -> Value: Vertex(-2, -1, 2)
Size: 114
Key: Vertex(0, 2, 1) -> Value: Vertex(0, 1, 3)
Size: 114
Key: Vertex(-1, 0, 1) -> Value: Vertex(0, 0, 5)
Size: 114
Key: Vertex(0, 2, 2) -> Value: Vertex(1, 2, 4)
Size: 114
Key: Vertex(0, 2, 3) -> Value: Vertex(0, 2, 3)
Size: 114
Key: Vertex(-1, 0, 2) -> Value: Vertex(0, 0, 4)
Size: 114
Key: Vertex(-1, 0, 3) -> Value: Vertex(-2, 1, 1)
Size: 114
Key: Vertex(0, 2, 4) -> Value: Vertex(0, 2, 4)
Size: 114
Key: Vertex(-1, 0, 4) -> Value: Vertex(-2, 1, 0)
Size: 114
Key: Vertex(0, 2, 5) -> Value: Vertex(0, 2, 5)
Size: 114
Key: Vertex(-1, 0, 5) -> Value: Vertex(-2, 0, 1)
Size: 114
Key: Vertex(-1, 1, 0) -> Value: Vertex(0, 0, 4)
Size: 114
Key: Vertex(-2, -1, 0) -> Value: Vertex(-1, -2, 4)
Size: 114
Key: Vertex(-1, 1, 1) -> Value: Vertex(0, 0, 3)
Size: 114
Key: Vertex(-1, 1, 2) -> Value: Vertex(0, 1, 4)
Size: 114
Key: Vertex(-2, -1, 1) -> Value: Vertex(-1, -2, 3)
Size: 114
Key: Vertex(-2, -1, 2) -> Value: Vertex(-2, -1, 2)
Size: 114
Key: Vertex(-1, 1, 3) -> Value: Vertex(0, 2, 5)
Size: 114
Key: Vertex(-2, -1, 3) -> Value: Vertex(-2, 0, 1)
Size: 114
Key: Vertex(-1, 1, 4) -> Value: Vertex(-2, 1, 2)
Size: 114
Key: Vertex(-2, -1, 4) -> Value: Vertex(-2, 0, 0)
Size: 114
Key: Vertex(-1, 1, 5) -> Value: Vertex(-2, 1, 1)
Size: 114
Key: Vertex(-2, -1, 5) -> Value: Vertex(-2, -1, 5)
Size: 114
Key: Vertex(-1, 2, 0) -> Value: Vertex(-2, 1, 2)
Size: 114
Key: Vertex(-2, 0, 0) -> Value: Vertex(-2, 0, 0)
Size: 114
Key: Vertex(-1, 2, 1) -> Value: Vertex(0, 2, 5)
Size: 114
Key: Vertex(-2, 0, 1) -> Value: Vertex(-2, 0, 1)
Size: 114
Key: Vertex(-1, 2, 2) -> Value: Vertex(0, 2, 4)
Size: 114
Key: Vertex(-2, 0, 2) -> Value: Vertex(-2, 1, 0)
Size: 114
Key: Vertex(-1, 2, 3) -> Value: Vertex(-1, 2, 3)
Size: 114
Key: Vertex(-2, 0, 3) -> Value: Vertex(-2, 1, 5)
Size: 114
Key: Vertex(-1, 2, 4) -> Value: Vertex(-1, 2, 4)
Size: 114
Key: Vertex(2, 0, 0) -> Value: Vertex(1, -1, 2)
Size: 114
Key: Vertex(-1, 2, 5) -> Value: Vertex(-2, 1, 3)
Size: 114
Key: Vertex(-2, 0, 4) -> Value: Vertex(-2, 0, 4)
Size: 114
Key: Vertex(2, 0, 1) -> Value: Vertex(2, 0, 1)
Size: 114
Key: Vertex(1, -2, 0) -> Value: Vertex(1, -2, 0)
Size: 114
Key: Vertex(-2, 0, 5) -> Value: Vertex(-2, 0, 5)
Size: 114
Key: Vertex(1, -2, 1) -> Value: Vertex(1, -2, 1)
Size: 114
Key: Vertex(2, 0, 2) -> Value: Vertex(2, 0, 2)
Size: 114
Key: Vertex(2, 0, 3) -> Value: Vertex(1, 1, 1)
Size: 114
Key: Vertex(1, -2, 2) -> Value: Vertex(1, -2, 2)
Size: 114
Key: Vertex(2, 0, 4) -> Value: Vertex(1, 1, 0)
Size: 114
Key: Vertex(1, -2, 3) -> Value: Vertex(0, -1, 1)
Size: 114
Key: Vertex(1, -2, 4) -> Value: Vertex(0, -1, 0)
Size: 114
Key: Vertex(2, 0, 5) -> Value: Vertex(1, -1, 3)
Size: 114
Key: Vertex(1, -2, 5) -> Value: Vertex(0, -2, 1)
Size: 114
Key: Vertex(-2, 1, 0) -> Value: Vertex(-2, 1, 0)
Size: 114
Key: Vertex(-2, 1, 1) -> Value: Vertex(-2, 1, 1)
Size: 114
Key: Vertex(-2, 1, 2) -> Value: Vertex(-2, 1, 2)
Size: 114
Key: Vertex(-2, 1, 3) -> Value: Vertex(-2, 1, 3)
Size: 114
Vertex dir=0 q: -1 r: -2 x=441.43593539448983 roundedX=441.0 y=80.0 roundedY=80.0
Vertex dir=1 q: -1 r: -2 x=510.71796769724494 roundedX=511.0 y=120.0 roundedY=120.0
Vertex dir=2 q: -1 r: -2 x=510.71796769724494 roundedX=511.0 y=200.0 roundedY=200.0
Vertex dir=3 q: -1 r: -2 x=441.43593539448983 roundedX=441.0 y=240.0 roundedY=240.0
Vertex dir=4 q: -1 r: -2 x=372.1539030917347 roundedX=372.0 y=200.00000000000003 roundedY=200.0
Vertex dir=5 q: -1 r: -2 x=372.1539030917347 roundedX=372.0 y=120.0 roundedY=120.0
Vertex dir=0 q: 0 r: -1 x=649.282032302755 roundedX=649.0 y=200.0 roundedY=200.0
Vertex dir=1 q: 0 r: -1 x=718.5640646055101 roundedX=719.0 y=240.0 roundedY=240.0
Vertex dir=2 q: 0 r: -1 x=718.5640646055101 roundedX=719.0 y=320.0 roundedY=320.0
Vertex dir=3 q: 0 r: -1 x=649.282032302755 roundedX=649.0 y=360.0 roundedY=360.0
Vertex dir=4 q: 0 r: -1 x=580.0 roundedX=580.0 y=320.0 roundedY=320.0
Vertex dir=5 q: 0 r: -1 x=580.0 roundedX=580.0 y=240.0 roundedY=240.0
Vertex dir=0 q: 0 r: 0 x=580.0 roundedX=580.0 y=320.0 roundedY=320.0
Vertex dir=1 q: 0 r: 0 x=649.282032302755 roundedX=649.0 y=360.0 roundedY=360.0
Vertex dir=2 q: 0 r: 0 x=649.282032302755 roundedX=649.0 y=440.0 roundedY=440.0
Vertex dir=3 q: 0 r: 0 x=580.0 roundedX=580.0 y=480.0 roundedY=480.0
Vertex dir=4 q: 0 r: 0 x=510.71796769724494 roundedX=511.0 y=440.0 roundedY=440.0
Vertex dir=5 q: 0 r: 0 x=510.71796769724494 roundedX=511.0 y=360.0 roundedY=360.0
Vertex dir=0 q: 1 r: 1 x=787.8460969082653 roundedX=788.0 y=440.0 roundedY=440.0
Vertex dir=1 q: 1 r: 1 x=857.1281292110203 roundedX=857.0 y=480.0 roundedY=480.0
Vertex dir=2 q: 1 r: 1 x=857.1281292110203 roundedX=857.0 y=560.0 roundedY=560.0
Vertex dir=3 q: 1 r: 1 x=787.8460969082653 roundedX=788.0 y=600.0 roundedY=600.0
Vertex dir=4 q: 1 r: 1 x=718.5640646055102 roundedX=719.0 y=560.0 roundedY=560.0
Vertex dir=5 q: 1 r: 1 x=718.5640646055102 roundedX=719.0 y=480.0 roundedY=480.0
Vertex dir=0 q: 0 r: -2 x=580.0 roundedX=580.0 y=80.0 roundedY=80.0
Vertex dir=1 q: 0 r: -2 x=649.282032302755 roundedX=649.0 y=120.0 roundedY=120.0
Vertex dir=2 q: 0 r: -2 x=649.282032302755 roundedX=649.0 y=200.0 roundedY=200.0
Vertex dir=3 q: 0 r: -2 x=580.0 roundedX=580.0 y=240.0 roundedY=240.0
Vertex dir=4 q: 0 r: -2 x=510.71796769724494 roundedX=511.0 y=200.00000000000003 roundedY=200.0
Vertex dir=5 q: 0 r: -2 x=510.71796769724494 roundedX=511.0 y=120.0 roundedY=120.0
Vertex dir=0 q: 0 r: 1 x=649.282032302755 roundedX=649.0 y=440.0 roundedY=440.0
Vertex dir=1 q: 0 r: 1 x=718.5640646055101 roundedX=719.0 y=480.0 roundedY=480.0
Vertex dir=2 q: 0 r: 1 x=718.5640646055101 roundedX=719.0 y=560.0 roundedY=560.0
Vertex dir=3 q: 0 r: 1 x=649.282032302755 roundedX=649.0 y=600.0 roundedY=600.0
Vertex dir=4 q: 0 r: 1 x=580.0 roundedX=580.0 y=560.0 roundedY=560.0
Vertex dir=5 q: 0 r: 1 x=580.0 roundedX=580.0 y=480.0 roundedY=480.0
Vertex dir=0 q: 1 r: 2 x=718.5640646055101 roundedX=719.0 y=560.0 roundedY=560.0
Vertex dir=1 q: 1 r: 2 x=787.8460969082652 roundedX=788.0 y=600.0 roundedY=600.0
Vertex dir=2 q: 1 r: 2 x=787.8460969082652 roundedX=788.0 y=680.0 roundedY=680.0
Vertex dir=3 q: 1 r: 2 x=718.5640646055101 roundedX=719.0 y=720.0 roundedY=720.0
Vertex dir=4 q: 1 r: 2 x=649.282032302755 roundedX=649.0 y=680.0 roundedY=680.0
Vertex dir=5 q: 1 r: 2 x=649.282032302755 roundedX=649.0 y=600.0 roundedY=600.0
Vertex dir=0 q: 0 r: 2 x=580.0 roundedX=580.0 y=560.0 roundedY=560.0
Vertex dir=1 q: 0 r: 2 x=649.282032302755 roundedX=649.0 y=600.0 roundedY=600.0
Vertex dir=2 q: 0 r: 2 x=649.282032302755 roundedX=649.0 y=680.0 roundedY=680.0
Vertex dir=3 q: 0 r: 2 x=580.0 roundedX=580.0 y=720.0 roundedY=720.0
Vertex dir=4 q: 0 r: 2 x=510.71796769724494 roundedX=511.0 y=680.0 roundedY=680.0
Vertex dir=5 q: 0 r: 2 x=510.71796769724494 roundedX=511.0 y=600.0 roundedY=600.0
Vertex dir=0 q: -2 r: 1 x=372.1539030917347 roundedX=372.0 y=440.0 roundedY=440.0
Vertex dir=1 q: -2 r: 1 x=441.4359353944898 roundedX=441.0 y=480.0 roundedY=480.0
Vertex dir=2 q: -2 r: 1 x=441.43593539448983 roundedX=441.0 y=560.0 roundedY=560.0
Vertex dir=3 q: -2 r: 1 x=372.1539030917347 roundedX=372.0 y=600.0 roundedY=600.0
Vertex dir=4 q: -2 r: 1 x=302.87187078897966 roundedX=303.0 y=560.0 roundedY=560.0
Vertex dir=5 q: -2 r: 1 x=302.87187078897966 roundedX=303.0 y=480.0 roundedY=480.0
Vertex dir=0 q: -1 r: 2 x=441.43593539448983 roundedX=441.0 y=560.0 roundedY=560.0
Vertex dir=1 q: -1 r: 2 x=510.71796769724494 roundedX=511.0 y=600.0 roundedY=600.0
Vertex dir=2 q: -1 r: 2 x=510.71796769724494 roundedX=511.0 y=680.0 roundedY=680.0
Vertex dir=3 q: -1 r: 2 x=441.43593539448983 roundedX=441.0 y=720.0 roundedY=720.0
Vertex dir=4 q: -1 r: 2 x=372.1539030917347 roundedX=372.0 y=680.0 roundedY=680.0
Vertex dir=5 q: -1 r: 2 x=372.1539030917347 roundedX=372.0 y=600.0 roundedY=600.0
Vertex dir=0 q: 1 r: -2 x=718.5640646055101 roundedX=719.0 y=80.0 roundedY=80.0
Vertex dir=1 q: 1 r: -2 x=787.8460969082652 roundedX=788.0 y=120.0 roundedY=120.0
Vertex dir=2 q: 1 r: -2 x=787.8460969082652 roundedX=788.0 y=200.0 roundedY=200.0
Vertex dir=3 q: 1 r: -2 x=718.5640646055101 roundedX=719.0 y=240.0 roundedY=240.0
Vertex dir=4 q: 1 r: -2 x=649.282032302755 roundedX=649.0 y=200.00000000000003 roundedY=200.0
Vertex dir=5 q: 1 r: -2 x=649.282032302755 roundedX=649.0 y=120.0 roundedY=120.0
Vertex dir=0 q: -2 r: 0 x=302.87187078897966 roundedX=303.0 y=320.0 roundedY=320.0
Vertex dir=1 q: -2 r: 0 x=372.1539030917347 roundedX=372.0 y=360.0 roundedY=360.0
Vertex dir=2 q: -2 r: 0 x=372.1539030917348 roundedX=372.0 y=440.0 roundedY=440.0
Vertex dir=3 q: -2 r: 0 x=302.87187078897966 roundedX=303.0 y=480.0 roundedY=480.0
Vertex dir=4 q: -2 r: 0 x=233.58983848622458 roundedX=234.0 y=440.0 roundedY=440.0
Vertex dir=5 q: -2 r: 0 x=233.58983848622458 roundedX=234.0 y=360.0 roundedY=360.0
Vertex dir=0 q: -1 r: 1 x=510.71796769724494 roundedX=511.0 y=440.0 roundedY=440.0
Vertex dir=1 q: -1 r: 1 x=580.0 roundedX=580.0 y=480.0 roundedY=480.0
Vertex dir=2 q: -1 r: 1 x=580.0 roundedX=580.0 y=560.0 roundedY=560.0
Vertex dir=3 q: -1 r: 1 x=510.71796769724494 roundedX=511.0 y=600.0 roundedY=600.0
Vertex dir=4 q: -1 r: 1 x=441.4359353944899 roundedX=441.0 y=560.0 roundedY=560.0
Vertex dir=5 q: -1 r: 1 x=441.4359353944899 roundedX=441.0 y=480.0 roundedY=480.0
Vertex dir=0 q: -2 r: -1 x=372.1539030917347 roundedX=372.0 y=200.0 roundedY=200.0
Vertex dir=1 q: -2 r: -1 x=441.4359353944898 roundedX=441.0 y=240.0 roundedY=240.0
Vertex dir=2 q: -2 r: -1 x=441.43593539448983 roundedX=441.0 y=320.0 roundedY=320.0
Vertex dir=3 q: -2 r: -1 x=372.1539030917347 roundedX=372.0 y=360.0 roundedY=360.0
Vertex dir=4 q: -2 r: -1 x=302.87187078897966 roundedX=303.0 y=320.0 roundedY=320.0
Vertex dir=5 q: -2 r: -1 x=302.87187078897966 roundedX=303.0 y=240.0 roundedY=240.0
Vertex dir=0 q: 1 r: -1 x=787.8460969082653 roundedX=788.0 y=200.0 roundedY=200.0
Vertex dir=1 q: 1 r: -1 x=857.1281292110203 roundedX=857.0 y=240.0 roundedY=240.0
Vertex dir=2 q: 1 r: -1 x=857.1281292110203 roundedX=857.0 y=320.0 roundedY=320.0
Vertex dir=3 q: 1 r: -1 x=787.8460969082653 roundedX=788.0 y=360.0 roundedY=360.0
Vertex dir=4 q: 1 r: -1 x=718.5640646055102 roundedX=719.0 y=320.0 roundedY=320.0
Vertex dir=5 q: 1 r: -1 x=718.5640646055102 roundedX=719.0 y=240.0 roundedY=240.0
Vertex dir=0 q: -1 r: 0 x=441.43593539448983 roundedX=441.0 y=320.0 roundedY=320.0
Vertex dir=1 q: -1 r: 0 x=510.71796769724494 roundedX=511.0 y=360.0 roundedY=360.0
Vertex dir=2 q: -1 r: 0 x=510.71796769724494 roundedX=511.0 y=440.0 roundedY=440.0
Vertex dir=3 q: -1 r: 0 x=441.43593539448983 roundedX=441.0 y=480.0 roundedY=480.0
Vertex dir=4 q: -1 r: 0 x=372.1539030917347 roundedX=372.0 y=440.0 roundedY=440.0
Vertex dir=5 q: -1 r: 0 x=372.1539030917347 roundedX=372.0 y=360.0 roundedY=360.0
Vertex dir=0 q: 2 r: 0 x=857.1281292110203 roundedX=857.0 y=320.0 roundedY=320.0
Vertex dir=1 q: 2 r: 0 x=926.4101615137754 roundedX=926.0 y=360.0 roundedY=360.0
Vertex dir=2 q: 2 r: 0 x=926.4101615137754 roundedX=926.0 y=440.0 roundedY=440.0
Vertex dir=3 q: 2 r: 0 x=857.1281292110203 roundedX=857.0 y=480.0 roundedY=480.0
Vertex dir=4 q: 2 r: 0 x=787.8460969082653 roundedX=788.0 y=440.0 roundedY=440.0
Vertex dir=5 q: 2 r: 0 x=787.8460969082653 roundedX=788.0 y=360.0 roundedY=360.0
Vertex dir=0 q: -1 r: -1 x=510.71796769724494 roundedX=511.0 y=200.0 roundedY=200.0
Vertex dir=1 q: -1 r: -1 x=580.0 roundedX=580.0 y=240.0 roundedY=240.0
Vertex dir=2 q: -1 r: -1 x=580.0 roundedX=580.0 y=320.0 roundedY=320.0
Vertex dir=3 q: -1 r: -1 x=510.71796769724494 roundedX=511.0 y=360.0 roundedY=360.0
Vertex dir=4 q: -1 r: -1 x=441.4359353944899 roundedX=441.0 y=320.0 roundedY=320.0
Vertex dir=5 q: -1 r: -1 x=441.4359353944899 roundedX=441.0 y=240.0 roundedY=240.0
Vertex dir=0 q: 1 r: 0 x=718.5640646055101 roundedX=719.0 y=320.0 roundedY=320.0
Vertex dir=1 q: 1 r: 0 x=787.8460969082652 roundedX=788.0 y=360.0 roundedY=360.0
Vertex dir=2 q: 1 r: 0 x=787.8460969082652 roundedX=788.0 y=440.0 roundedY=440.0
Vertex dir=3 q: 1 r: 0 x=718.5640646055101 roundedX=719.0 y=480.0 roundedY=480.0
Vertex dir=4 q: 1 r: 0 x=649.282032302755 roundedX=649.0 y=440.0 roundedY=440.0
Vertex dir=5 q: 1 r: 0 x=649.282032302755 roundedX=649.0 y=360.0 roundedY=360.0
Key X: 580.0Key Y: 560.0, Value: [Vertex(0, 1, 4), Vertex(0, 2, 0), Vertex(-1, 1, 2)]
Key X: 857.0Key Y: 320.0, Value: [Vertex(1, -1, 2), Vertex(2, 0, 0)]
Key X: 719.0Key Y: 480.0, Value: [Vertex(1, 1, 5), Vertex(0, 1, 1), Vertex(1, 0, 3)]
Key X: 580.0Key Y: 720.0, Value: [Vertex(0, 2, 3)]
Key X: 719.0Key Y: 560.0, Value: [Vertex(1, 1, 4), Vertex(0, 1, 2), Vertex(1, 2, 0)]
Key X: 441.0Key Y: 80.0, Value: [Vertex(-1, -2, 0)]
Key X: 857.0Key Y: 480.0, Value: [Vertex(1, 1, 1), Vertex(2, 0, 3)]
Key X: 719.0Key Y: 720.0, Value: [Vertex(1, 2, 3)]
Key X: 857.0Key Y: 560.0, Value: [Vertex(1, 1, 2)]
Key X: 372.0Key Y: 120.0, Value: [Vertex(-1, -2, 5)]
Key X: 303.0Key Y: 240.0, Value: [Vertex(-2, -1, 5)]
Key X: 372.0Key Y: 200.0, Value: [Vertex(-1, -2, 4), Vertex(-2, -1, 0)]
Key X: 511.0Key Y: 120.0, Value: [Vertex(-1, -2, 1), Vertex(0, -2, 5)]
Key X: 303.0Key Y: 320.0, Value: [Vertex(-2, 0, 0), Vertex(-2, -1, 4)]
Key X: 649.0Key Y: 120.0, Value: [Vertex(0, -2, 1), Vertex(1, -2, 5)]
Key X: 441.0Key Y: 240.0, Value: [Vertex(-1, -2, 3), Vertex(-2, -1, 1), Vertex(-1, -1, 5)]
Key X: 372.0Key Y: 360.0, Value: [Vertex(-2, 0, 1), Vertex(-2, -1, 3), Vertex(-1, 0, 5)]
Key X: 511.0Key Y: 200.0, Value: [Vertex(-1, -2, 2), Vertex(0, -2, 4), Vertex(-1, -1, 0)]
Key X: 788.0Key Y: 120.0, Value: [Vertex(1, -2, 1)]
Key X: 303.0Key Y: 480.0, Value: [Vertex(-2, 1, 5), Vertex(-2, 0, 3)]
Key X: 441.0Key Y: 320.0, Value: [Vertex(-2, -1, 2), Vertex(-1, 0, 0), Vertex(-1, -1, 4)]
Key X: 649.0Key Y: 200.0, Value: [Vertex(0, -1, 0), Vertex(0, -2, 2), Vertex(1, -2, 4)]
Key X: 303.0Key Y: 560.0, Value: [Vertex(-2, 1, 4)]
Key X: 372.0Key Y: 440.0, Value: [Vertex(-2, 1, 0), Vertex(-2, 0, 2), Vertex(-1, 0, 4)]
Key X: 372.0Key Y: 600.0, Value: [Vertex(-2, 1, 3), Vertex(-1, 2, 5)]
Key X: 788.0Key Y: 200.0, Value: [Vertex(1, -2, 2), Vertex(1, -1, 0)]
Key X: 441.0Key Y: 480.0, Value: [Vertex(-2, 1, 1), Vertex(-1, 1, 5), Vertex(-1, 0, 3)]
Key X: 511.0Key Y: 360.0, Value: [Vertex(0, 0, 5), Vertex(-1, 0, 1), Vertex(-1, -1, 3)]
Key X: 441.0Key Y: 560.0, Value: [Vertex(-2, 1, 2), Vertex(-1, 2, 0), Vertex(-1, 1, 4)]
Key X: 372.0Key Y: 680.0, Value: [Vertex(-1, 2, 4)]
Key X: 511.0Key Y: 440.0, Value: [Vertex(0, 0, 4), Vertex(-1, 1, 0), Vertex(-1, 0, 2)]
Key X: 649.0Key Y: 360.0, Value: [Vertex(0, -1, 3), Vertex(0, 0, 1), Vertex(1, 0, 5)]
Key X: 441.0Key Y: 720.0, Value: [Vertex(-1, 2, 3)]
Key X: 788.0Key Y: 360.0, Value: [Vertex(1, -1, 3), Vertex(2, 0, 5), Vertex(1, 0, 1)]
Key X: 511.0Key Y: 600.0, Value: [Vertex(0, 2, 5), Vertex(-1, 2, 1), Vertex(-1, 1, 3)]
Key X: 649.0Key Y: 440.0, Value: [Vertex(0, 0, 2), Vertex(0, 1, 0), Vertex(1, 0, 4)]
Key X: 511.0Key Y: 680.0, Value: [Vertex(0, 2, 4), Vertex(-1, 2, 2)]
Key X: 926.0Key Y: 360.0, Value: [Vertex(2, 0, 1)]
Key X: 649.0Key Y: 600.0, Value: [Vertex(0, 1, 3), Vertex(1, 2, 5), Vertex(0, 2, 1)]
Key X: 788.0Key Y: 440.0, Value: [Vertex(1, 1, 0), Vertex(2, 0, 4), Vertex(1, 0, 2)]
Key X: 649.0Key Y: 680.0, Value: [Vertex(1, 2, 4), Vertex(0, 2, 2)]
Key X: 926.0Key Y: 440.0, Value: [Vertex(2, 0, 2)]
Key X: 788.0Key Y: 600.0, Value: [Vertex(1, 1, 3), Vertex(1, 2, 1)]
Key X: 788.0Key Y: 680.0, Value: [Vertex(1, 2, 2)]
Key X: 580.0Key Y: 80.0, Value: [Vertex(0, -2, 0)]
Key X: 719.0Key Y: 80.0, Value: [Vertex(1, -2, 0)]
Key X: 580.0Key Y: 240.0, Value: [Vertex(0, -1, 5), Vertex(0, -2, 3), Vertex(-1, -1, 1)]
Key X: 234.0Key Y: 360.0, Value: [Vertex(-2, 0, 5)]
Key X: 580.0Key Y: 320.0, Value: [Vertex(0, -1, 4), Vertex(0, 0, 0), Vertex(-1, -1, 2)]
Key X: 234.0Key Y: 440.0, Value: [Vertex(-2, 0, 4)]
Key X: 719.0Key Y: 240.0, Value: [Vertex(0, -1, 1), Vertex(1, -2, 3), Vertex(1, -1, 5)]
Key X: 857.0Key Y: 240.0, Value: [Vertex(1, -1, 1)]
Key X: 719.0Key Y: 320.0, Value: [Vertex(0, -1, 2), Vertex(1, -1, 4), Vertex(1, 0, 0)]
Key X: 580.0Key Y: 480.0, Value: [Vertex(0, 0, 3), Vertex(0, 1, 5), Vertex(-1, 1, 1)]
Vertex dir=0 q: -1 r: -2 x=441.43593539448983 roundedX=441.0 y=80.0 roundedY=80.0
Vertex dir=1 q: -1 r: -2 x=510.71796769724494 roundedX=511.0 y=120.0 roundedY=120.0
Vertex dir=2 q: -1 r: -2 x=510.71796769724494 roundedX=511.0 y=200.0 roundedY=200.0
Vertex dir=3 q: -1 r: -2 x=441.43593539448983 roundedX=441.0 y=240.0 roundedY=240.0
Vertex dir=4 q: -1 r: -2 x=372.1539030917347 roundedX=372.0 y=200.00000000000003 roundedY=200.0
Vertex dir=5 q: -1 r: -2 x=372.1539030917347 roundedX=372.0 y=120.0 roundedY=120.0
Vertex dir=0 q: 0 r: -1 x=649.282032302755 roundedX=649.0 y=200.0 roundedY=200.0
Vertex dir=1 q: 0 r: -1 x=718.5640646055101 roundedX=719.0 y=240.0 roundedY=240.0
Vertex dir=2 q: 0 r: -1 x=718.5640646055101 roundedX=719.0 y=320.0 roundedY=320.0
Vertex dir=3 q: 0 r: -1 x=649.282032302755 roundedX=649.0 y=360.0 roundedY=360.0
Vertex dir=4 q: 0 r: -1 x=580.0 roundedX=580.0 y=320.0 roundedY=320.0
Vertex dir=5 q: 0 r: -1 x=580.0 roundedX=580.0 y=240.0 roundedY=240.0
Vertex dir=0 q: 0 r: 0 x=580.0 roundedX=580.0 y=320.0 roundedY=320.0
Vertex dir=1 q: 0 r: 0 x=649.282032302755 roundedX=649.0 y=360.0 roundedY=360.0
Vertex dir=2 q: 0 r: 0 x=649.282032302755 roundedX=649.0 y=440.0 roundedY=440.0
Vertex dir=3 q: 0 r: 0 x=580.0 roundedX=580.0 y=480.0 roundedY=480.0
Vertex dir=4 q: 0 r: 0 x=510.71796769724494 roundedX=511.0 y=440.0 roundedY=440.0
Vertex dir=5 q: 0 r: 0 x=510.71796769724494 roundedX=511.0 y=360.0 roundedY=360.0
Vertex dir=0 q: 1 r: 1 x=787.8460969082653 roundedX=788.0 y=440.0 roundedY=440.0
Vertex dir=1 q: 1 r: 1 x=857.1281292110203 roundedX=857.0 y=480.0 roundedY=480.0
Vertex dir=2 q: 1 r: 1 x=857.1281292110203 roundedX=857.0 y=560.0 roundedY=560.0
Vertex dir=3 q: 1 r: 1 x=787.8460969082653 roundedX=788.0 y=600.0 roundedY=600.0
Vertex dir=4 q: 1 r: 1 x=718.5640646055102 roundedX=719.0 y=560.0 roundedY=560.0
Vertex dir=5 q: 1 r: 1 x=718.5640646055102 roundedX=719.0 y=480.0 roundedY=480.0
Vertex dir=0 q: 0 r: -2 x=580.0 roundedX=580.0 y=80.0 roundedY=80.0
Vertex dir=1 q: 0 r: -2 x=649.282032302755 roundedX=649.0 y=120.0 roundedY=120.0
Vertex dir=2 q: 0 r: -2 x=649.282032302755 roundedX=649.0 y=200.0 roundedY=200.0
Vertex dir=3 q: 0 r: -2 x=580.0 roundedX=580.0 y=240.0 roundedY=240.0
Vertex dir=4 q: 0 r: -2 x=510.71796769724494 roundedX=511.0 y=200.00000000000003 roundedY=200.0
Vertex dir=5 q: 0 r: -2 x=510.71796769724494 roundedX=511.0 y=120.0 roundedY=120.0
Vertex dir=0 q: 0 r: 1 x=649.282032302755 roundedX=649.0 y=440.0 roundedY=440.0
Vertex dir=1 q: 0 r: 1 x=718.5640646055101 roundedX=719.0 y=480.0 roundedY=480.0
Vertex dir=2 q: 0 r: 1 x=718.5640646055101 roundedX=719.0 y=560.0 roundedY=560.0
Vertex dir=3 q: 0 r: 1 x=649.282032302755 roundedX=649.0 y=600.0 roundedY=600.0
Vertex dir=4 q: 0 r: 1 x=580.0 roundedX=580.0 y=560.0 roundedY=560.0
Vertex dir=5 q: 0 r: 1 x=580.0 roundedX=580.0 y=480.0 roundedY=480.0
Vertex dir=0 q: 1 r: 2 x=718.5640646055101 roundedX=719.0 y=560.0 roundedY=560.0
Vertex dir=1 q: 1 r: 2 x=787.8460969082652 roundedX=788.0 y=600.0 roundedY=600.0
Vertex dir=2 q: 1 r: 2 x=787.8460969082652 roundedX=788.0 y=680.0 roundedY=680.0
Vertex dir=3 q: 1 r: 2 x=718.5640646055101 roundedX=719.0 y=720.0 roundedY=720.0
Vertex dir=4 q: 1 r: 2 x=649.282032302755 roundedX=649.0 y=680.0 roundedY=680.0
Vertex dir=5 q: 1 r: 2 x=649.282032302755 roundedX=649.0 y=600.0 roundedY=600.0
Vertex dir=0 q: 0 r: 2 x=580.0 roundedX=580.0 y=560.0 roundedY=560.0
Vertex dir=1 q: 0 r: 2 x=649.282032302755 roundedX=649.0 y=600.0 roundedY=600.0
Vertex dir=2 q: 0 r: 2 x=649.282032302755 roundedX=649.0 y=680.0 roundedY=680.0
Vertex dir=3 q: 0 r: 2 x=580.0 roundedX=580.0 y=720.0 roundedY=720.0
Vertex dir=4 q: 0 r: 2 x=510.71796769724494 roundedX=511.0 y=680.0 roundedY=680.0
Vertex dir=5 q: 0 r: 2 x=510.71796769724494 roundedX=511.0 y=600.0 roundedY=600.0
Vertex dir=0 q: -2 r: 1 x=372.1539030917347 roundedX=372.0 y=440.0 roundedY=440.0
Vertex dir=1 q: -2 r: 1 x=441.4359353944898 roundedX=441.0 y=480.0 roundedY=480.0
Vertex dir=2 q: -2 r: 1 x=441.43593539448983 roundedX=441.0 y=560.0 roundedY=560.0
Vertex dir=3 q: -2 r: 1 x=372.1539030917347 roundedX=372.0 y=600.0 roundedY=600.0
Vertex dir=4 q: -2 r: 1 x=302.87187078897966 roundedX=303.0 y=560.0 roundedY=560.0
Vertex dir=5 q: -2 r: 1 x=302.87187078897966 roundedX=303.0 y=480.0 roundedY=480.0
Vertex dir=0 q: -1 r: 2 x=441.43593539448983 roundedX=441.0 y=560.0 roundedY=560.0
Vertex dir=1 q: -1 r: 2 x=510.71796769724494 roundedX=511.0 y=600.0 roundedY=600.0
Vertex dir=2 q: -1 r: 2 x=510.71796769724494 roundedX=511.0 y=680.0 roundedY=680.0
Vertex dir=3 q: -1 r: 2 x=441.43593539448983 roundedX=441.0 y=720.0 roundedY=720.0
Vertex dir=4 q: -1 r: 2 x=372.1539030917347 roundedX=372.0 y=680.0 roundedY=680.0
Vertex dir=5 q: -1 r: 2 x=372.1539030917347 roundedX=372.0 y=600.0 roundedY=600.0
Vertex dir=0 q: 1 r: -2 x=718.5640646055101 roundedX=719.0 y=80.0 roundedY=80.0
Vertex dir=1 q: 1 r: -2 x=787.8460969082652 roundedX=788.0 y=120.0 roundedY=120.0
Vertex dir=2 q: 1 r: -2 x=787.8460969082652 roundedX=788.0 y=200.0 roundedY=200.0
Vertex dir=3 q: 1 r: -2 x=718.5640646055101 roundedX=719.0 y=240.0 roundedY=240.0
Vertex dir=4 q: 1 r: -2 x=649.282032302755 roundedX=649.0 y=200.00000000000003 roundedY=200.0
Vertex dir=5 q: 1 r: -2 x=649.282032302755 roundedX=649.0 y=120.0 roundedY=120.0
Vertex dir=0 q: -2 r: 0 x=302.87187078897966 roundedX=303.0 y=320.0 roundedY=320.0
Vertex dir=1 q: -2 r: 0 x=372.1539030917347 roundedX=372.0 y=360.0 roundedY=360.0
Vertex dir=2 q: -2 r: 0 x=372.1539030917348 roundedX=372.0 y=440.0 roundedY=440.0
Vertex dir=3 q: -2 r: 0 x=302.87187078897966 roundedX=303.0 y=480.0 roundedY=480.0
Vertex dir=4 q: -2 r: 0 x=233.58983848622458 roundedX=234.0 y=440.0 roundedY=440.0
Vertex dir=5 q: -2 r: 0 x=233.58983848622458 roundedX=234.0 y=360.0 roundedY=360.0
Vertex dir=0 q: -1 r: 1 x=510.71796769724494 roundedX=511.0 y=440.0 roundedY=440.0
Vertex dir=1 q: -1 r: 1 x=580.0 roundedX=580.0 y=480.0 roundedY=480.0
Vertex dir=2 q: -1 r: 1 x=580.0 roundedX=580.0 y=560.0 roundedY=560.0
Vertex dir=3 q: -1 r: 1 x=510.71796769724494 roundedX=511.0 y=600.0 roundedY=600.0
Vertex dir=4 q: -1 r: 1 x=441.4359353944899 roundedX=441.0 y=560.0 roundedY=560.0
Vertex dir=5 q: -1 r: 1 x=441.4359353944899 roundedX=441.0 y=480.0 roundedY=480.0
Vertex dir=0 q: -2 r: -1 x=372.1539030917347 roundedX=372.0 y=200.0 roundedY=200.0
Vertex dir=1 q: -2 r: -1 x=441.4359353944898 roundedX=441.0 y=240.0 roundedY=240.0
Vertex dir=2 q: -2 r: -1 x=441.43593539448983 roundedX=441.0 y=320.0 roundedY=320.0
Vertex dir=3 q: -2 r: -1 x=372.1539030917347 roundedX=372.0 y=360.0 roundedY=360.0
Vertex dir=4 q: -2 r: -1 x=302.87187078897966 roundedX=303.0 y=320.0 roundedY=320.0
Vertex dir=5 q: -2 r: -1 x=302.87187078897966 roundedX=303.0 y=240.0 roundedY=240.0
Vertex dir=0 q: 1 r: -1 x=787.8460969082653 roundedX=788.0 y=200.0 roundedY=200.0
Vertex dir=1 q: 1 r: -1 x=857.1281292110203 roundedX=857.0 y=240.0 roundedY=240.0
Vertex dir=2 q: 1 r: -1 x=857.1281292110203 roundedX=857.0 y=320.0 roundedY=320.0
Vertex dir=3 q: 1 r: -1 x=787.8460969082653 roundedX=788.0 y=360.0 roundedY=360.0
Vertex dir=4 q: 1 r: -1 x=718.5640646055102 roundedX=719.0 y=320.0 roundedY=320.0
Vertex dir=5 q: 1 r: -1 x=718.5640646055102 roundedX=719.0 y=240.0 roundedY=240.0
Vertex dir=0 q: -1 r: 0 x=441.43593539448983 roundedX=441.0 y=320.0 roundedY=320.0
Vertex dir=1 q: -1 r: 0 x=510.71796769724494 roundedX=511.0 y=360.0 roundedY=360.0
Vertex dir=2 q: -1 r: 0 x=510.71796769724494 roundedX=511.0 y=440.0 roundedY=440.0
Vertex dir=3 q: -1 r: 0 x=441.43593539448983 roundedX=441.0 y=480.0 roundedY=480.0
Vertex dir=4 q: -1 r: 0 x=372.1539030917347 roundedX=372.0 y=440.0 roundedY=440.0
Vertex dir=5 q: -1 r: 0 x=372.1539030917347 roundedX=372.0 y=360.0 roundedY=360.0
Vertex dir=0 q: 2 r: 0 x=857.1281292110203 roundedX=857.0 y=320.0 roundedY=320.0
Vertex dir=1 q: 2 r: 0 x=926.4101615137754 roundedX=926.0 y=360.0 roundedY=360.0
Vertex dir=2 q: 2 r: 0 x=926.4101615137754 roundedX=926.0 y=440.0 roundedY=440.0
Vertex dir=3 q: 2 r: 0 x=857.1281292110203 roundedX=857.0 y=480.0 roundedY=480.0
Vertex dir=4 q: 2 r: 0 x=787.8460969082653 roundedX=788.0 y=440.0 roundedY=440.0
Vertex dir=5 q: 2 r: 0 x=787.8460969082653 roundedX=788.0 y=360.0 roundedY=360.0
Vertex dir=0 q: -1 r: -1 x=510.71796769724494 roundedX=511.0 y=200.0 roundedY=200.0
Vertex dir=1 q: -1 r: -1 x=580.0 roundedX=580.0 y=240.0 roundedY=240.0
Vertex dir=2 q: -1 r: -1 x=580.0 roundedX=580.0 y=320.0 roundedY=320.0
Vertex dir=3 q: -1 r: -1 x=510.71796769724494 roundedX=511.0 y=360.0 roundedY=360.0
Vertex dir=4 q: -1 r: -1 x=441.4359353944899 roundedX=441.0 y=320.0 roundedY=320.0
Vertex dir=5 q: -1 r: -1 x=441.4359353944899 roundedX=441.0 y=240.0 roundedY=240.0
Vertex dir=0 q: 1 r: 0 x=718.5640646055101 roundedX=719.0 y=320.0 roundedY=320.0
Vertex dir=1 q: 1 r: 0 x=787.8460969082652 roundedX=788.0 y=360.0 roundedY=360.0
Vertex dir=2 q: 1 r: 0 x=787.8460969082652 roundedX=788.0 y=440.0 roundedY=440.0
Vertex dir=3 q: 1 r: 0 x=718.5640646055101 roundedX=719.0 y=480.0 roundedY=480.0
Vertex dir=4 q: 1 r: 0 x=649.282032302755 roundedX=649.0 y=440.0 roundedY=440.0
Vertex dir=5 q: 1 r: 0 x=649.282032302755 roundedX=649.0 y=360.0 roundedY=360.0
Key X: 580.0Key Y: 560.0, Value: [Vertex(0, 1, 4), Vertex(0, 2, 0), Vertex(-1, 1, 2)]
Key X: 857.0Key Y: 320.0, Value: [Vertex(1, -1, 2), Vertex(2, 0, 0)]
Key X: 719.0Key Y: 480.0, Value: [Vertex(1, 1, 5), Vertex(0, 1, 1), Vertex(1, 0, 3)]
Key X: 580.0Key Y: 720.0, Value: [Vertex(0, 2, 3)]
Key X: 719.0Key Y: 560.0, Value: [Vertex(1, 1, 4), Vertex(0, 1, 2), Vertex(1, 2, 0)]
Key X: 441.0Key Y: 80.0, Value: [Vertex(-1, -2, 0)]
Key X: 857.0Key Y: 480.0, Value: [Vertex(1, 1, 1), Vertex(2, 0, 3)]
Key X: 719.0Key Y: 720.0, Value: [Vertex(1, 2, 3)]
Key X: 857.0Key Y: 560.0, Value: [Vertex(1, 1, 2)]
Key X: 372.0Key Y: 120.0, Value: [Vertex(-1, -2, 5)]
Key X: 303.0Key Y: 240.0, Value: [Vertex(-2, -1, 5)]
Key X: 372.0Key Y: 200.0, Value: [Vertex(-1, -2, 4), Vertex(-2, -1, 0)]
Key X: 511.0Key Y: 120.0, Value: [Vertex(-1, -2, 1), Vertex(0, -2, 5)]
Key X: 303.0Key Y: 320.0, Value: [Vertex(-2, 0, 0), Vertex(-2, -1, 4)]
Key X: 649.0Key Y: 120.0, Value: [Vertex(0, -2, 1), Vertex(1, -2, 5)]
Key X: 441.0Key Y: 240.0, Value: [Vertex(-1, -2, 3), Vertex(-2, -1, 1), Vertex(-1, -1, 5)]
Key X: 372.0Key Y: 360.0, Value: [Vertex(-2, 0, 1), Vertex(-2, -1, 3), Vertex(-1, 0, 5)]
Key X: 511.0Key Y: 200.0, Value: [Vertex(-1, -2, 2), Vertex(0, -2, 4), Vertex(-1, -1, 0)]
Key X: 788.0Key Y: 120.0, Value: [Vertex(1, -2, 1)]
Key X: 303.0Key Y: 480.0, Value: [Vertex(-2, 1, 5), Vertex(-2, 0, 3)]
Key X: 441.0Key Y: 320.0, Value: [Vertex(-2, -1, 2), Vertex(-1, 0, 0), Vertex(-1, -1, 4)]
Key X: 649.0Key Y: 200.0, Value: [Vertex(0, -1, 0), Vertex(0, -2, 2), Vertex(1, -2, 4)]
Key X: 303.0Key Y: 560.0, Value: [Vertex(-2, 1, 4)]
Key X: 372.0Key Y: 440.0, Value: [Vertex(-2, 1, 0), Vertex(-2, 0, 2), Vertex(-1, 0, 4)]
Key X: 372.0Key Y: 600.0, Value: [Vertex(-2, 1, 3), Vertex(-1, 2, 5)]
Key X: 788.0Key Y: 200.0, Value: [Vertex(1, -2, 2), Vertex(1, -1, 0)]
Key X: 441.0Key Y: 480.0, Value: [Vertex(-2, 1, 1), Vertex(-1, 1, 5), Vertex(-1, 0, 3)]
Key X: 511.0Key Y: 360.0, Value: [Vertex(0, 0, 5), Vertex(-1, 0, 1), Vertex(-1, -1, 3)]
Key X: 441.0Key Y: 560.0, Value: [Vertex(-2, 1, 2), Vertex(-1, 2, 0), Vertex(-1, 1, 4)]
Key X: 372.0Key Y: 680.0, Value: [Vertex(-1, 2, 4)]
Key X: 511.0Key Y: 440.0, Value: [Vertex(0, 0, 4), Vertex(-1, 1, 0), Vertex(-1, 0, 2)]
Key X: 649.0Key Y: 360.0, Value: [Vertex(0, -1, 3), Vertex(0, 0, 1), Vertex(1, 0, 5)]
Key X: 441.0Key Y: 720.0, Value: [Vertex(-1, 2, 3)]
Key X: 788.0Key Y: 360.0, Value: [Vertex(1, -1, 3), Vertex(2, 0, 5), Vertex(1, 0, 1)]
Key X: 511.0Key Y: 600.0, Value: [Vertex(0, 2, 5), Vertex(-1, 2, 1), Vertex(-1, 1, 3)]
Key X: 649.0Key Y: 440.0, Value: [Vertex(0, 0, 2), Vertex(0, 1, 0), Vertex(1, 0, 4)]
Key X: 511.0Key Y: 680.0, Value: [Vertex(0, 2, 4), Vertex(-1, 2, 2)]
Key X: 926.0Key Y: 360.0, Value: [Vertex(2, 0, 1)]
Key X: 649.0Key Y: 600.0, Value: [Vertex(0, 1, 3), Vertex(1, 2, 5), Vertex(0, 2, 1)]
Key X: 788.0Key Y: 440.0, Value: [Vertex(1, 1, 0), Vertex(2, 0, 4), Vertex(1, 0, 2)]
Key X: 649.0Key Y: 680.0, Value: [Vertex(1, 2, 4), Vertex(0, 2, 2)]
Key X: 926.0Key Y: 440.0, Value: [Vertex(2, 0, 2)]
Key X: 788.0Key Y: 600.0, Value: [Vertex(1, 1, 3), Vertex(1, 2, 1)]
Key X: 788.0Key Y: 680.0, Value: [Vertex(1, 2, 2)]
Key X: 580.0Key Y: 80.0, Value: [Vertex(0, -2, 0)]
Key X: 719.0Key Y: 80.0, Value: [Vertex(1, -2, 0)]
Key X: 580.0Key Y: 240.0, Value: [Vertex(0, -1, 5), Vertex(0, -2, 3), Vertex(-1, -1, 1)]
Key X: 234.0Key Y: 360.0, Value: [Vertex(-2, 0, 5)]
Key X: 580.0Key Y: 320.0, Value: [Vertex(0, -1, 4), Vertex(0, 0, 0), Vertex(-1, -1, 2)]
Key X: 234.0Key Y: 440.0, Value: [Vertex(-2, 0, 4)]
Key X: 719.0Key Y: 240.0, Value: [Vertex(0, -1, 1), Vertex(1, -2, 3), Vertex(1, -1, 5)]
Key X: 857.0Key Y: 240.0, Value: [Vertex(1, -1, 1)]
Key X: 719.0Key Y: 320.0, Value: [Vertex(0, -1, 2), Vertex(1, -1, 4), Vertex(1, 0, 0)]
Key X: 580.0Key Y: 480.0, Value: [Vertex(0, 0, 3), Vertex(0, 1, 5), Vertex(-1, 1, 1)]
Key: Vertex(-2, 1, 4) -> Value: Vertex(-2, 1, 4)
Size: 114
Key: Vertex(-2, 1, 5) -> Value: Vertex(-2, 1, 5)
Size: 114
Key: Vertex(1, -1, 0) -> Value: Vertex(1, -2, 2)
Size: 114
Key: Vertex(1, -1, 1) -> Value: Vertex(1, -1, 1)
Size: 114
Key: Vertex(1, -1, 2) -> Value: Vertex(1, -1, 2)
Size: 114
Key: Vertex(1, -1, 3) -> Value: Vertex(1, -1, 3)
Size: 114
Key: Vertex(1, -1, 4) -> Value: Vertex(0, -1, 2)
Size: 114
Key: Vertex(1, -1, 5) -> Value: Vertex(0, -1, 1)
Size: 114
Key: Vertex(1, 0, 0) -> Value: Vertex(0, -1, 2)
Size: 114
Key: Vertex(1, 0, 1) -> Value: Vertex(1, -1, 3)
Size: 114
Key: Vertex(0, -2, 0) -> Value: Vertex(0, -2, 0)
Size: 114
Key: Vertex(0, -2, 1) -> Value: Vertex(0, -2, 1)
Size: 114
Key: Vertex(1, 0, 2) -> Value: Vertex(1, 1, 0)
Size: 114
Key: Vertex(1, 0, 3) -> Value: Vertex(1, 1, 5)
Size: 114
Key: Vertex(0, -2, 2) -> Value: Vertex(0, -1, 0)
Size: 114
Key: Vertex(1, 0, 4) -> Value: Vertex(0, 0, 2)
Size: 114
Key: Vertex(0, -2, 3) -> Value: Vertex(0, -1, 5)
Size: 114
Key: Vertex(0, -2, 4) -> Value: Vertex(-1, -2, 2)
Size: 114
Key: Vertex(1, 0, 5) -> Value: Vertex(0, -1, 3)
Size: 114
Key: Vertex(0, -2, 5) -> Value: Vertex(-1, -2, 1)
Size: 114
Key: Vertex(1, 1, 0) -> Value: Vertex(1, 1, 0)
Size: 114
Key: Vertex(1, 1, 1) -> Value: Vertex(1, 1, 1)
Size: 114
Key: Vertex(0, -1, 0) -> Value: Vertex(0, -1, 0)
Size: 114
Key: Vertex(1, 1, 2) -> Value: Vertex(1, 1, 2)
Size: 114
Key: Vertex(0, -1, 1) -> Value: Vertex(0, -1, 1)
Size: 114
Key: Vertex(1, 1, 3) -> Value: Vertex(1, 1, 3)
Size: 114
Key: Vertex(0, -1, 2) -> Value: Vertex(0, -1, 2)
Size: 114
Key: Vertex(1, 1, 4) -> Value: Vertex(1, 1, 4)
Size: 114
Key: Vertex(0, -1, 3) -> Value: Vertex(0, -1, 3)
Size: 114
Key: Vertex(1, 1, 5) -> Value: Vertex(1, 1, 5)
Size: 114
Key: Vertex(0, -1, 4) -> Value: Vertex(0, -1, 4)
Size: 114
Key: Vertex(0, -1, 5) -> Value: Vertex(0, -1, 5)
Size: 114
Key: Vertex(1, 2, 0) -> Value: Vertex(1, 1, 4)
Size: 114
Key: Vertex(1, 2, 1) -> Value: Vertex(1, 1, 3)
Size: 114
Key: Vertex(0, 0, 0) -> Value: Vertex(0, -1, 4)
Size: 114
Key: Vertex(-1, -2, 0) -> Value: Vertex(-1, -2, 0)
Size: 114
Key: Vertex(0, 0, 1) -> Value: Vertex(0, -1, 3)
Size: 114
Key: Vertex(1, 2, 2) -> Value: Vertex(1, 2, 2)
Size: 114
Key: Vertex(1, 2, 3) -> Value: Vertex(1, 2, 3)
Size: 114
Key: Vertex(-1, -2, 1) -> Value: Vertex(-1, -2, 1)
Size: 114
Key: Vertex(0, 0, 2) -> Value: Vertex(0, 0, 2)
Size: 114
Key: Vertex(-1, -2, 2) -> Value: Vertex(-1, -2, 2)
Size: 114
Key: Vertex(1, 2, 4) -> Value: Vertex(1, 2, 4)
Size: 114
Key: Vertex(0, 0, 3) -> Value: Vertex(0, 0, 3)
Size: 114
Key: Vertex(-1, -2, 3) -> Value: Vertex(-1, -2, 3)
Size: 114
Key: Vertex(0, 0, 4) -> Value: Vertex(0, 0, 4)
Size: 114
Key: Vertex(1, 2, 5) -> Value: Vertex(0, 1, 3)
Size: 114
Key: Vertex(-1, -2, 4) -> Value: Vertex(-1, -2, 4)
Size: 114
Key: Vertex(0, 0, 5) -> Value: Vertex(0, 0, 5)
Size: 114
Key: Vertex(-1, -2, 5) -> Value: Vertex(-1, -2, 5)
Size: 114
Key: Vertex(0, 1, 0) -> Value: Vertex(0, 0, 2)
Size: 114
Key: Vertex(0, 1, 1) -> Value: Vertex(1, 1, 5)
Size: 114
Key: Vertex(-1, -1, 0) -> Value: Vertex(-1, -2, 2)
Size: 114
Key: Vertex(0, 1, 2) -> Value: Vertex(1, 1, 4)
Size: 114
Key: Vertex(-1, -1, 1) -> Value: Vertex(0, -1, 5)
Size: 114
Key: Vertex(0, 1, 3) -> Value: Vertex(0, 1, 3)
Size: 114
Key: Vertex(-1, -1, 2) -> Value: Vertex(0, -1, 4)
Size: 114
Key: Vertex(0, 1, 4) -> Value: Vertex(0, 1, 4)
Size: 114
Key: Vertex(-1, -1, 3) -> Value: Vertex(0, 0, 5)
Size: 114
Key: Vertex(-1, -1, 4) -> Value: Vertex(-2, -1, 2)
Size: 114
Key: Vertex(0, 1, 5) -> Value: Vertex(0, 0, 3)
Size: 114
Key: Vertex(-1, -1, 5) -> Value: Vertex(-1, -2, 3)
Size: 114
Key: Vertex(0, 2, 0) -> Value: Vertex(0, 1, 4)
Size: 114
Key: Vertex(-1, 0, 0) -> Value: Vertex(-2, -1, 2)
Size: 114
Key: Vertex(0, 2, 1) -> Value: Vertex(0, 1, 3)
Size: 114
Key: Vertex(-1, 0, 1) -> Value: Vertex(0, 0, 5)
Size: 114
Key: Vertex(0, 2, 2) -> Value: Vertex(1, 2, 4)
Size: 114
Key: Vertex(0, 2, 3) -> Value: Vertex(0, 2, 3)
Size: 114
Key: Vertex(-1, 0, 2) -> Value: Vertex(0, 0, 4)
Size: 114
Key: Vertex(-1, 0, 3) -> Value: Vertex(-2, 1, 1)
Size: 114
Key: Vertex(0, 2, 4) -> Value: Vertex(0, 2, 4)
Size: 114
Key: Vertex(-1, 0, 4) -> Value: Vertex(-2, 1, 0)
Size: 114
Key: Vertex(0, 2, 5) -> Value: Vertex(0, 2, 5)
Size: 114
Key: Vertex(-1, 0, 5) -> Value: Vertex(-2, 0, 1)
Size: 114
Key: Vertex(-1, 1, 0) -> Value: Vertex(0, 0, 4)
Size: 114
Key: Vertex(-2, -1, 0) -> Value: Vertex(-1, -2, 4)
Size: 114
Key: Vertex(-1, 1, 1) -> Value: Vertex(0, 0, 3)
Size: 114
Key: Vertex(-1, 1, 2) -> Value: Vertex(0, 1, 4)
Size: 114
Key: Vertex(-2, -1, 1) -> Value: Vertex(-1, -2, 3)
Size: 114
Key: Vertex(-2, -1, 2) -> Value: Vertex(-2, -1, 2)
Size: 114
Key: Vertex(-1, 1, 3) -> Value: Vertex(0, 2, 5)
Size: 114
Key: Vertex(-2, -1, 3) -> Value: Vertex(-2, 0, 1)
Size: 114
Key: Vertex(-1, 1, 4) -> Value: Vertex(-2, 1, 2)
Size: 114
Key: Vertex(-2, -1, 4) -> Value: Vertex(-2, 0, 0)
Size: 114
Key: Vertex(-1, 1, 5) -> Value: Vertex(-2, 1, 1)
Size: 114
Key: Vertex(-2, -1, 5) -> Value: Vertex(-2, -1, 5)
Size: 114
Key: Vertex(-1, 2, 0) -> Value: Vertex(-2, 1, 2)
Size: 114
Key: Vertex(-2, 0, 0) -> Value: Vertex(-2, 0, 0)
Size: 114
Key: Vertex(-1, 2, 1) -> Value: Vertex(0, 2, 5)
Size: 114
Key: Vertex(-2, 0, 1) -> Value: Vertex(-2, 0, 1)
Size: 114
Key: Vertex(-1, 2, 2) -> Value: Vertex(0, 2, 4)
Size: 114
Key: Vertex(-2, 0, 2) -> Value: Vertex(-2, 1, 0)
Size: 114
Key: Vertex(-1, 2, 3) -> Value: Vertex(-1, 2, 3)
Size: 114
Key: Vertex(-2, 0, 3) -> Value: Vertex(-2, 1, 5)
Size: 114
Key: Vertex(-1, 2, 4) -> Value: Vertex(-1, 2, 4)
Size: 114
Key: Vertex(2, 0, 0) -> Value: Vertex(1, -1, 2)
Size: 114
Key: Vertex(-1, 2, 5) -> Value: Vertex(-2, 1, 3)
Size: 114
Key: Vertex(-2, 0, 4) -> Value: Vertex(-2, 0, 4)
Size: 114
Key: Vertex(2, 0, 1) -> Value: Vertex(2, 0, 1)
Size: 114
Key: Vertex(1, -2, 0) -> Value: Vertex(1, -2, 0)
Size: 114
Key: Vertex(-2, 0, 5) -> Value: Vertex(-2, 0, 5)
Size: 114
Key: Vertex(1, -2, 1) -> Value: Vertex(1, -2, 1)
Size: 114
Key: Vertex(2, 0, 2) -> Value: Vertex(2, 0, 2)
Size: 114
Key: Vertex(2, 0, 3) -> Value: Vertex(1, 1, 1)
Size: 114
Key: Vertex(1, -2, 2) -> Value: Vertex(1, -2, 2)
Size: 114
Key: Vertex(2, 0, 4) -> Value: Vertex(1, 1, 0)
Size: 114
Key: Vertex(1, -2, 3) -> Value: Vertex(0, -1, 1)
Size: 114
Key: Vertex(1, -2, 4) -> Value: Vertex(0, -1, 0)
Size: 114
Key: Vertex(2, 0, 5) -> Value: Vertex(1, -1, 3)
Size: 114
Key: Vertex(1, -2, 5) -> Value: Vertex(0, -2, 1)
Size: 114
Key: Vertex(-2, 1, 0) -> Value: Vertex(-2, 1, 0)
Size: 114
Key: Vertex(-2, 1, 1) -> Value: Vertex(-2, 1, 1)
Size: 114
Key: Vertex(-2, 1, 2) -> Value: Vertex(-2, 1, 2)
Size: 114
Key: Vertex(-2, 1, 3) -> Value: Vertex(-2, 1, 3)
Size: 114
Berechnete einzigartige Edges: 72
✓ Authentisches CATAN-Board initialisiert: 54 Siedlungen, 72 Straßen
]]></system-out>
  </testcase>
  <testcase name="testTrading" classname="com.catan.model.CatanGameTest" time="0.016">
    <system-out><![CDATA[Vertex dir=0 q: -1 r: -2 x=441.43593539448983 roundedX=441.0 y=80.0 roundedY=80.0
Vertex dir=1 q: -1 r: -2 x=510.71796769724494 roundedX=511.0 y=120.0 roundedY=120.0
Vertex dir=2 q: -1 r: -2 x=510.71796769724494 roundedX=511.0 y=200.0 roundedY=200.0
Vertex dir=3 q: -1 r: -2 x=441.43593539448983 roundedX=441.0 y=240.0 roundedY=240.0
Vertex dir=4 q: -1 r: -2 x=372.1539030917347 roundedX=372.0 y=200.00000000000003 roundedY=200.0
Vertex dir=5 q: -1 r: -2 x=372.1539030917347 roundedX=372.0 y=120.0 roundedY=120.0
Vertex dir=0 q: 0 r: -1 x=649.282032302755 roundedX=649.0 y=200.0 roundedY=200.0
Vertex dir=1 q: 0 r: -1 x=718.5640646055101 roundedX=719.0 y=240.0 roundedY=240.0
Vertex dir=2 q: 0 r: -1 x=718.5640646055101 roundedX=719.0 y=320.0 roundedY=320.0
Vertex dir=3 q: 0 r: -1 x=649.282032302755 roundedX=649.0 y=360.0 roundedY=360.0
Vertex dir=4 q: 0 r: -1 x=580.0 roundedX=580.0 y=320.0 roundedY=320.0
Vertex dir=5 q: 0 r: -1 x=580.0 roundedX=580.0 y=240.0 roundedY=240.0
Vertex dir=0 q: 0 r: 0 x=580.0 roundedX=580.0 y=320.0 roundedY=320.0
Vertex dir=1 q: 0 r: 0 x=649.282032302755 roundedX=649.0 y=360.0 roundedY=360.0
Vertex dir=2 q: 0 r: 0 x=649.282032302755 roundedX=649.0 y=440.0 roundedY=440.0
Vertex dir=3 q: 0 r: 0 x=580.0 roundedX=580.0 y=480.0 roundedY=480.0
Vertex dir=4 q: 0 r: 0 x=510.71796769724494 roundedX=511.0 y=440.0 roundedY=440.0
Vertex dir=5 q: 0 r: 0 x=510.71796769724494 roundedX=511.0 y=360.0 roundedY=360.0
Vertex dir=0 q: 1 r: 1 x=787.8460969082653 roundedX=788.0 y=440.0 roundedY=440.0
Vertex dir=1 q: 1 r: 1 x=857.1281292110203 roundedX=857.0 y=480.0 roundedY=480.0
Vertex dir=2 q: 1 r: 1 x=857.1281292110203 roundedX=857.0 y=560.0 roundedY=560.0
Vertex dir=3 q: 1 r: 1 x=787.8460969082653 roundedX=788.0 y=600.0 roundedY=600.0
Vertex dir=4 q: 1 r: 1 x=718.5640646055102 roundedX=719.0 y=560.0 roundedY=560.0
Vertex dir=5 q: 1 r: 1 x=718.5640646055102 roundedX=719.0 y=480.0 roundedY=480.0
Vertex dir=0 q: 0 r: -2 x=580.0 roundedX=580.0 y=80.0 roundedY=80.0
Vertex dir=1 q: 0 r: -2 x=649.282032302755 roundedX=649.0 y=120.0 roundedY=120.0
Vertex dir=2 q: 0 r: -2 x=649.282032302755 roundedX=649.0 y=200.0 roundedY=200.0
Vertex dir=3 q: 0 r: -2 x=580.0 roundedX=580.0 y=240.0 roundedY=240.0
Vertex dir=4 q: 0 r: -2 x=510.71796769724494 roundedX=511.0 y=200.00000000000003 roundedY=200.0
Vertex dir=5 q: 0 r: -2 x=510.71796769724494 roundedX=511.0 y=120.0 roundedY=120.0
Vertex dir=0 q: 0 r: 1 x=649.282032302755 roundedX=649.0 y=440.0 roundedY=440.0
Vertex dir=1 q: 0 r: 1 x=718.5640646055101 roundedX=719.0 y=480.0 roundedY=480.0
Vertex dir=2 q: 0 r: 1 x=718.5640646055101 roundedX=719.0 y=560.0 roundedY=560.0
Vertex dir=3 q: 0 r: 1 x=649.282032302755 roundedX=649.0 y=600.0 roundedY=600.0
Vertex dir=4 q: 0 r: 1 x=580.0 roundedX=580.0 y=560.0 roundedY=560.0
Vertex dir=5 q: 0 r: 1 x=580.0 roundedX=580.0 y=480.0 roundedY=480.0
Vertex dir=0 q: 1 r: 2 x=718.5640646055101 roundedX=719.0 y=560.0 roundedY=560.0
Vertex dir=1 q: 1 r: 2 x=787.8460969082652 roundedX=788.0 y=600.0 roundedY=600.0
Vertex dir=2 q: 1 r: 2 x=787.8460969082652 roundedX=788.0 y=680.0 roundedY=680.0
Vertex dir=3 q: 1 r: 2 x=718.5640646055101 roundedX=719.0 y=720.0 roundedY=720.0
Vertex dir=4 q: 1 r: 2 x=649.282032302755 roundedX=649.0 y=680.0 roundedY=680.0
Vertex dir=5 q: 1 r: 2 x=649.282032302755 roundedX=649.0 y=600.0 roundedY=600.0
Vertex dir=0 q: 0 r: 2 x=580.0 roundedX=580.0 y=560.0 roundedY=560.0
Vertex dir=1 q: 0 r: 2 x=649.282032302755 roundedX=649.0 y=600.0 roundedY=600.0
Vertex dir=2 q: 0 r: 2 x=649.282032302755 roundedX=649.0 y=680.0 roundedY=680.0
Vertex dir=3 q: 0 r: 2 x=580.0 roundedX=580.0 y=720.0 roundedY=720.0
Vertex dir=4 q: 0 r: 2 x=510.71796769724494 roundedX=511.0 y=680.0 roundedY=680.0
Vertex dir=5 q: 0 r: 2 x=510.71796769724494 roundedX=511.0 y=600.0 roundedY=600.0
Vertex dir=0 q: -2 r: 1 x=372.1539030917347 roundedX=372.0 y=440.0 roundedY=440.0
Vertex dir=1 q: -2 r: 1 x=441.4359353944898 roundedX=441.0 y=480.0 roundedY=480.0
Vertex dir=2 q: -2 r: 1 x=441.43593539448983 roundedX=441.0 y=560.0 roundedY=560.0
Vertex dir=3 q: -2 r: 1 x=372.1539030917347 roundedX=372.0 y=600.0 roundedY=600.0
Vertex dir=4 q: -2 r: 1 x=302.87187078897966 roundedX=303.0 y=560.0 roundedY=560.0
Vertex dir=5 q: -2 r: 1 x=302.87187078897966 roundedX=303.0 y=480.0 roundedY=480.0
Vertex dir=0 q: -1 r: 2 x=441.43593539448983 roundedX=441.0 y=560.0 roundedY=560.0
Vertex dir=1 q: -1 r: 2 x=510.71796769724494 roundedX=511.0 y=600.0 roundedY=600.0
Vertex dir=2 q: -1 r: 2 x=510.71796769724494 roundedX=511.0 y=680.0 roundedY=680.0
Vertex dir=3 q: -1 r: 2 x=441.43593539448983 roundedX=441.0 y=720.0 roundedY=720.0
Vertex dir=4 q: -1 r: 2 x=372.1539030917347 roundedX=372.0 y=680.0 roundedY=680.0
Vertex dir=5 q: -1 r: 2 x=372.1539030917347 roundedX=372.0 y=600.0 roundedY=600.0
Vertex dir=0 q: 1 r: -2 x=718.5640646055101 roundedX=719.0 y=80.0 roundedY=80.0
Vertex dir=1 q: 1 r: -2 x=787.8460969082652 roundedX=788.0 y=120.0 roundedY=120.0
Vertex dir=2 q: 1 r: -2 x=787.8460969082652 roundedX=788.0 y=200.0 roundedY=200.0
Vertex dir=3 q: 1 r: -2 x=718.5640646055101 roundedX=719.0 y=240.0 roundedY=240.0
Vertex dir=4 q: 1 r: -2 x=649.282032302755 roundedX=649.0 y=200.00000000000003 roundedY=200.0
Vertex dir=5 q: 1 r: -2 x=649.282032302755 roundedX=649.0 y=120.0 roundedY=120.0
Vertex dir=0 q: -2 r: 0 x=302.87187078897966 roundedX=303.0 y=320.0 roundedY=320.0
Vertex dir=1 q: -2 r: 0 x=372.1539030917347 roundedX=372.0 y=360.0 roundedY=360.0
Vertex dir=2 q: -2 r: 0 x=372.1539030917348 roundedX=372.0 y=440.0 roundedY=440.0
Vertex dir=3 q: -2 r: 0 x=302.87187078897966 roundedX=303.0 y=480.0 roundedY=480.0
Vertex dir=4 q: -2 r: 0 x=233.58983848622458 roundedX=234.0 y=440.0 roundedY=440.0
Vertex dir=5 q: -2 r: 0 x=233.58983848622458 roundedX=234.0 y=360.0 roundedY=360.0
Vertex dir=0 q: -1 r: 1 x=510.71796769724494 roundedX=511.0 y=440.0 roundedY=440.0
Vertex dir=1 q: -1 r: 1 x=580.0 roundedX=580.0 y=480.0 roundedY=480.0
Vertex dir=2 q: -1 r: 1 x=580.0 roundedX=580.0 y=560.0 roundedY=560.0
Vertex dir=3 q: -1 r: 1 x=510.71796769724494 roundedX=511.0 y=600.0 roundedY=600.0
Vertex dir=4 q: -1 r: 1 x=441.4359353944899 roundedX=441.0 y=560.0 roundedY=560.0
Vertex dir=5 q: -1 r: 1 x=441.4359353944899 roundedX=441.0 y=480.0 roundedY=480.0
Vertex dir=0 q: -2 r: -1 x=372.1539030917347 roundedX=372.0 y=200.0 roundedY=200.0
Vertex dir=1 q: -2 r: -1 x=441.4359353944898 roundedX=441.0 y=240.0 roundedY=240.0
Vertex dir=2 q: -2 r: -1 x=441.43593539448983 roundedX=441.0 y=320.0 roundedY=320.0
Vertex dir=3 q: -2 r: -1 x=372.1539030917347 roundedX=372.0 y=360.0 roundedY=360.0
Vertex dir=4 q: -2 r: -1 x=302.87187078897966 roundedX=303.0 y=320.0 roundedY=320.0
Vertex dir=5 q: -2 r: -1 x=302.87187078897966 roundedX=303.0 y=240.0 roundedY=240.0
Vertex dir=0 q: 1 r: -1 x=787.8460969082653 roundedX=788.0 y=200.0 roundedY=200.0
Vertex dir=1 q: 1 r: -1 x=857.1281292110203 roundedX=857.0 y=240.0 roundedY=240.0
Vertex dir=2 q: 1 r: -1 x=857.1281292110203 roundedX=857.0 y=320.0 roundedY=320.0
Vertex dir=3 q: 1 r: -1 x=787.8460969082653 roundedX=788.0 y=360.0 roundedY=360.0
Vertex dir=4 q: 1 r: -1 x=718.5640646055102 roundedX=719.0 y=320.0 roundedY=320.0
Vertex dir=5 q: 1 r: -1 x=718.5640646055102 roundedX=719.0 y=240.0 roundedY=240.0
Vertex dir=0 q: -1 r: 0 x=441.43593539448983 roundedX=441.0 y=320.0 roundedY=320.0
Vertex dir=1 q: -1 r: 0 x=510.71796769724494 roundedX=511.0 y=360.0 roundedY=360.0
Vertex dir=2 q: -1 r: 0 x=510.71796769724494 roundedX=511.0 y=440.0 roundedY=440.0
Vertex dir=3 q: -1 r: 0 x=441.43593539448983 roundedX=441.0 y=480.0 roundedY=480.0
Vertex dir=4 q: -1 r: 0 x=372.1539030917347 roundedX=372.0 y=440.0 roundedY=440.0
Vertex dir=5 q: -1 r: 0 x=372.1539030917347 roundedX=372.0 y=360.0 roundedY=360.0
Vertex dir=0 q: 2 r: 0 x=857.1281292110203 roundedX=857.0 y=320.0 roundedY=320.0
Vertex dir=1 q: 2 r: 0 x=926.4101615137754 roundedX=926.0 y=360.0 roundedY=360.0
Vertex dir=2 q: 2 r: 0 x=926.4101615137754 roundedX=926.0 y=440.0 roundedY=440.0
Vertex dir=3 q: 2 r: 0 x=857.1281292110203 roundedX=857.0 y=480.0 roundedY=480.0
Vertex dir=4 q: 2 r: 0 x=787.8460969082653 roundedX=788.0 y=440.0 roundedY=440.0
Vertex dir=5 q: 2 r: 0 x=787.8460969082653 roundedX=788.0 y=360.0 roundedY=360.0
Vertex dir=0 q: -1 r: -1 x=510.71796769724494 roundedX=511.0 y=200.0 roundedY=200.0
Vertex dir=1 q: -1 r: -1 x=580.0 roundedX=580.0 y=240.0 roundedY=240.0
Vertex dir=2 q: -1 r: -1 x=580.0 roundedX=580.0 y=320.0 roundedY=320.0
Vertex dir=3 q: -1 r: -1 x=510.71796769724494 roundedX=511.0 y=360.0 roundedY=360.0
Vertex dir=4 q: -1 r: -1 x=441.4359353944899 roundedX=441.0 y=320.0 roundedY=320.0
Vertex dir=5 q: -1 r: -1 x=441.4359353944899 roundedX=441.0 y=240.0 roundedY=240.0
Vertex dir=0 q: 1 r: 0 x=718.5640646055101 roundedX=719.0 y=320.0 roundedY=320.0
Vertex dir=1 q: 1 r: 0 x=787.8460969082652 roundedX=788.0 y=360.0 roundedY=360.0
Vertex dir=2 q: 1 r: 0 x=787.8460969082652 roundedX=788.0 y=440.0 roundedY=440.0
Vertex dir=3 q: 1 r: 0 x=718.5640646055101 roundedX=719.0 y=480.0 roundedY=480.0
Vertex dir=4 q: 1 r: 0 x=649.282032302755 roundedX=649.0 y=440.0 roundedY=440.0
Vertex dir=5 q: 1 r: 0 x=649.282032302755 roundedX=649.0 y=360.0 roundedY=360.0
Key X: 580.0Key Y: 560.0, Value: [Vertex(0, 1, 4), Vertex(0, 2, 0), Vertex(-1, 1, 2)]
Key X: 857.0Key Y: 320.0, Value: [Vertex(1, -1, 2), Vertex(2, 0, 0)]
Key X: 719.0Key Y: 480.0, Value: [Vertex(1, 1, 5), Vertex(0, 1, 1), Vertex(1, 0, 3)]
Key X: 580.0Key Y: 720.0, Value: [Vertex(0, 2, 3)]
Key X: 719.0Key Y: 560.0, Value: [Vertex(1, 1, 4), Vertex(0, 1, 2), Vertex(1, 2, 0)]
Key X: 441.0Key Y: 80.0, Value: [Vertex(-1, -2, 0)]
Key X: 857.0Key Y: 480.0, Value: [Vertex(1, 1, 1), Vertex(2, 0, 3)]
Key X: 719.0Key Y: 720.0, Value: [Vertex(1, 2, 3)]
Key X: 857.0Key Y: 560.0, Value: [Vertex(1, 1, 2)]
Key X: 372.0Key Y: 120.0, Value: [Vertex(-1, -2, 5)]
Key X: 303.0Key Y: 240.0, Value: [Vertex(-2, -1, 5)]
Key X: 372.0Key Y: 200.0, Value: [Vertex(-1, -2, 4), Vertex(-2, -1, 0)]
Key X: 511.0Key Y: 120.0, Value: [Vertex(-1, -2, 1), Vertex(0, -2, 5)]
Key X: 303.0Key Y: 320.0, Value: [Vertex(-2, 0, 0), Vertex(-2, -1, 4)]
Key X: 649.0Key Y: 120.0, Value: [Vertex(0, -2, 1), Vertex(1, -2, 5)]
Key X: 441.0Key Y: 240.0, Value: [Vertex(-1, -2, 3), Vertex(-2, -1, 1), Vertex(-1, -1, 5)]
Key X: 372.0Key Y: 360.0, Value: [Vertex(-2, 0, 1), Vertex(-2, -1, 3), Vertex(-1, 0, 5)]
Key X: 511.0Key Y: 200.0, Value: [Vertex(-1, -2, 2), Vertex(0, -2, 4), Vertex(-1, -1, 0)]
Key X: 788.0Key Y: 120.0, Value: [Vertex(1, -2, 1)]
Key X: 303.0Key Y: 480.0, Value: [Vertex(-2, 1, 5), Vertex(-2, 0, 3)]
Key X: 441.0Key Y: 320.0, Value: [Vertex(-2, -1, 2), Vertex(-1, 0, 0), Vertex(-1, -1, 4)]
Key X: 649.0Key Y: 200.0, Value: [Vertex(0, -1, 0), Vertex(0, -2, 2), Vertex(1, -2, 4)]
Key X: 303.0Key Y: 560.0, Value: [Vertex(-2, 1, 4)]
Key X: 372.0Key Y: 440.0, Value: [Vertex(-2, 1, 0), Vertex(-2, 0, 2), Vertex(-1, 0, 4)]
Key X: 372.0Key Y: 600.0, Value: [Vertex(-2, 1, 3), Vertex(-1, 2, 5)]
Key X: 788.0Key Y: 200.0, Value: [Vertex(1, -2, 2), Vertex(1, -1, 0)]
Key X: 441.0Key Y: 480.0, Value: [Vertex(-2, 1, 1), Vertex(-1, 1, 5), Vertex(-1, 0, 3)]
Key X: 511.0Key Y: 360.0, Value: [Vertex(0, 0, 5), Vertex(-1, 0, 1), Vertex(-1, -1, 3)]
Key X: 441.0Key Y: 560.0, Value: [Vertex(-2, 1, 2), Vertex(-1, 2, 0), Vertex(-1, 1, 4)]
Key X: 372.0Key Y: 680.0, Value: [Vertex(-1, 2, 4)]
Key X: 511.0Key Y: 440.0, Value: [Vertex(0, 0, 4), Vertex(-1, 1, 0), Vertex(-1, 0, 2)]
Key X: 649.0Key Y: 360.0, Value: [Vertex(0, -1, 3), Vertex(0, 0, 1), Vertex(1, 0, 5)]
Key X: 441.0Key Y: 720.0, Value: [Vertex(-1, 2, 3)]
Key X: 788.0Key Y: 360.0, Value: [Vertex(1, -1, 3), Vertex(2, 0, 5), Vertex(1, 0, 1)]
Key X: 511.0Key Y: 600.0, Value: [Vertex(0, 2, 5), Vertex(-1, 2, 1), Vertex(-1, 1, 3)]
Key X: 649.0Key Y: 440.0, Value: [Vertex(0, 0, 2), Vertex(0, 1, 0), Vertex(1, 0, 4)]
Key X: 511.0Key Y: 680.0, Value: [Vertex(0, 2, 4), Vertex(-1, 2, 2)]
Key X: 926.0Key Y: 360.0, Value: [Vertex(2, 0, 1)]
Key X: 649.0Key Y: 600.0, Value: [Vertex(0, 1, 3), Vertex(1, 2, 5), Vertex(0, 2, 1)]
Key X: 788.0Key Y: 440.0, Value: [Vertex(1, 1, 0), Vertex(2, 0, 4), Vertex(1, 0, 2)]
Key X: 649.0Key Y: 680.0, Value: [Vertex(1, 2, 4), Vertex(0, 2, 2)]
Key X: 926.0Key Y: 440.0, Value: [Vertex(2, 0, 2)]
Key X: 788.0Key Y: 600.0, Value: [Vertex(1, 1, 3), Vertex(1, 2, 1)]
Key X: 788.0Key Y: 680.0, Value: [Vertex(1, 2, 2)]
Key X: 580.0Key Y: 80.0, Value: [Vertex(0, -2, 0)]
Key X: 719.0Key Y: 80.0, Value: [Vertex(1, -2, 0)]
Key X: 580.0Key Y: 240.0, Value: [Vertex(0, -1, 5), Vertex(0, -2, 3), Vertex(-1, -1, 1)]
Key X: 234.0Key Y: 360.0, Value: [Vertex(-2, 0, 5)]
Key X: 580.0Key Y: 320.0, Value: [Vertex(0, -1, 4), Vertex(0, 0, 0), Vertex(-1, -1, 2)]
Key X: 234.0Key Y: 440.0, Value: [Vertex(-2, 0, 4)]
Key X: 719.0Key Y: 240.0, Value: [Vertex(0, -1, 1), Vertex(1, -2, 3), Vertex(1, -1, 5)]
Key X: 857.0Key Y: 240.0, Value: [Vertex(1, -1, 1)]
Key X: 719.0Key Y: 320.0, Value: [Vertex(0, -1, 2), Vertex(1, -1, 4), Vertex(1, 0, 0)]
Key X: 580.0Key Y: 480.0, Value: [Vertex(0, 0, 3), Vertex(0, 1, 5), Vertex(-1, 1, 1)]
Key: Vertex(-2, 1, 4) -> Value: Vertex(-2, 1, 4)
Size: 114
Key: Vertex(-2, 1, 5) -> Value: Vertex(-2, 1, 5)
Size: 114
Key: Vertex(1, -1, 0) -> Value: Vertex(1, -2, 2)
Size: 114
Key: Vertex(1, -1, 1) -> Value: Vertex(1, -1, 1)
Size: 114
Key: Vertex(1, -1, 2) -> Value: Vertex(1, -1, 2)
Size: 114
Key: Vertex(1, -1, 3) -> Value: Vertex(1, -1, 3)
Size: 114
Key: Vertex(1, -1, 4) -> Value: Vertex(0, -1, 2)
Size: 114
Key: Vertex(1, -1, 5) -> Value: Vertex(0, -1, 1)
Size: 114
Key: Vertex(1, 0, 0) -> Value: Vertex(0, -1, 2)
Size: 114
Key: Vertex(1, 0, 1) -> Value: Vertex(1, -1, 3)
Size: 114
Key: Vertex(0, -2, 0) -> Value: Vertex(0, -2, 0)
Size: 114
Key: Vertex(0, -2, 1) -> Value: Vertex(0, -2, 1)
Size: 114
Key: Vertex(1, 0, 2) -> Value: Vertex(1, 1, 0)
Size: 114
Key: Vertex(1, 0, 3) -> Value: Vertex(1, 1, 5)
Size: 114
Key: Vertex(0, -2, 2) -> Value: Vertex(0, -1, 0)
Size: 114
Key: Vertex(1, 0, 4) -> Value: Vertex(0, 0, 2)
Size: 114
Key: Vertex(0, -2, 3) -> Value: Vertex(0, -1, 5)
Size: 114
Key: Vertex(0, -2, 4) -> Value: Vertex(-1, -2, 2)
Size: 114
Key: Vertex(1, 0, 5) -> Value: Vertex(0, -1, 3)
Size: 114
Key: Vertex(0, -2, 5) -> Value: Vertex(-1, -2, 1)
Size: 114
Key: Vertex(1, 1, 0) -> Value: Vertex(1, 1, 0)
Size: 114
Key: Vertex(1, 1, 1) -> Value: Vertex(1, 1, 1)
Size: 114
Key: Vertex(0, -1, 0) -> Value: Vertex(0, -1, 0)
Size: 114
Key: Vertex(1, 1, 2) -> Value: Vertex(1, 1, 2)
Size: 114
Key: Vertex(0, -1, 1) -> Value: Vertex(0, -1, 1)
Size: 114
Key: Vertex(1, 1, 3) -> Value: Vertex(1, 1, 3)
Size: 114
Key: Vertex(0, -1, 2) -> Value: Vertex(0, -1, 2)
Size: 114
Key: Vertex(1, 1, 4) -> Value: Vertex(1, 1, 4)
Size: 114
Key: Vertex(0, -1, 3) -> Value: Vertex(0, -1, 3)
Size: 114
Key: Vertex(1, 1, 5) -> Value: Vertex(1, 1, 5)
Size: 114
Key: Vertex(0, -1, 4) -> Value: Vertex(0, -1, 4)
Size: 114
Key: Vertex(0, -1, 5) -> Value: Vertex(0, -1, 5)
Size: 114
Key: Vertex(1, 2, 0) -> Value: Vertex(1, 1, 4)
Size: 114
Key: Vertex(1, 2, 1) -> Value: Vertex(1, 1, 3)
Size: 114
Key: Vertex(0, 0, 0) -> Value: Vertex(0, -1, 4)
Size: 114
Key: Vertex(-1, -2, 0) -> Value: Vertex(-1, -2, 0)
Size: 114
Key: Vertex(0, 0, 1) -> Value: Vertex(0, -1, 3)
Size: 114
Key: Vertex(1, 2, 2) -> Value: Vertex(1, 2, 2)
Size: 114
Key: Vertex(1, 2, 3) -> Value: Vertex(1, 2, 3)
Size: 114
Key: Vertex(-1, -2, 1) -> Value: Vertex(-1, -2, 1)
Size: 114
Key: Vertex(0, 0, 2) -> Value: Vertex(0, 0, 2)
Size: 114
Key: Vertex(-1, -2, 2) -> Value: Vertex(-1, -2, 2)
Size: 114
Key: Vertex(1, 2, 4) -> Value: Vertex(1, 2, 4)
Size: 114
Key: Vertex(0, 0, 3) -> Value: Vertex(0, 0, 3)
Size: 114
Key: Vertex(-1, -2, 3) -> Value: Vertex(-1, -2, 3)
Size: 114
Key: Vertex(0, 0, 4) -> Value: Vertex(0, 0, 4)
Size: 114
Key: Vertex(1, 2, 5) -> Value: Vertex(0, 1, 3)
Size: 114
Key: Vertex(-1, -2, 4) -> Value: Vertex(-1, -2, 4)
Size: 114
Key: Vertex(0, 0, 5) -> Value: Vertex(0, 0, 5)
Size: 114
Key: Vertex(-1, -2, 5) -> Value: Vertex(-1, -2, 5)
Size: 114
Key: Vertex(0, 1, 0) -> Value: Vertex(0, 0, 2)
Size: 114
Key: Vertex(0, 1, 1) -> Value: Vertex(1, 1, 5)
Size: 114
Key: Vertex(-1, -1, 0) -> Value: Vertex(-1, -2, 2)
Size: 114
Key: Vertex(0, 1, 2) -> Value: Vertex(1, 1, 4)
Size: 114
Key: Vertex(-1, -1, 1) -> Value: Vertex(0, -1, 5)
Size: 114
Key: Vertex(0, 1, 3) -> Value: Vertex(0, 1, 3)
Size: 114
Key: Vertex(-1, -1, 2) -> Value: Vertex(0, -1, 4)
Size: 114
Key: Vertex(0, 1, 4) -> Value: Vertex(0, 1, 4)
Size: 114
Key: Vertex(-1, -1, 3) -> Value: Vertex(0, 0, 5)
Size: 114
Key: Vertex(-1, -1, 4) -> Value: Vertex(-2, -1, 2)
Size: 114
Key: Vertex(0, 1, 5) -> Value: Vertex(0, 0, 3)
Size: 114
Key: Vertex(-1, -1, 5) -> Value: Vertex(-1, -2, 3)
Size: 114
Key: Vertex(0, 2, 0) -> Value: Vertex(0, 1, 4)
Size: 114
Key: Vertex(-1, 0, 0) -> Value: Vertex(-2, -1, 2)
Size: 114
Key: Vertex(0, 2, 1) -> Value: Vertex(0, 1, 3)
Size: 114
Key: Vertex(-1, 0, 1) -> Value: Vertex(0, 0, 5)
Size: 114
Key: Vertex(0, 2, 2) -> Value: Vertex(1, 2, 4)
Size: 114
Key: Vertex(0, 2, 3) -> Value: Vertex(0, 2, 3)
Size: 114
Key: Vertex(-1, 0, 2) -> Value: Vertex(0, 0, 4)
Size: 114
Key: Vertex(-1, 0, 3) -> Value: Vertex(-2, 1, 1)
Size: 114
Key: Vertex(0, 2, 4) -> Value: Vertex(0, 2, 4)
Size: 114
Key: Vertex(-1, 0, 4) -> Value: Vertex(-2, 1, 0)
Size: 114
Key: Vertex(0, 2, 5) -> Value: Vertex(0, 2, 5)
Size: 114
Key: Vertex(-1, 0, 5) -> Value: Vertex(-2, 0, 1)
Size: 114
Key: Vertex(-1, 1, 0) -> Value: Vertex(0, 0, 4)
Size: 114
Key: Vertex(-2, -1, 0) -> Value: Vertex(-1, -2, 4)
Size: 114
Key: Vertex(-1, 1, 1) -> Value: Vertex(0, 0, 3)
Size: 114
Key: Vertex(-1, 1, 2) -> Value: Vertex(0, 1, 4)
Size: 114
Key: Vertex(-2, -1, 1) -> Value: Vertex(-1, -2, 3)
Size: 114
Key: Vertex(-2, -1, 2) -> Value: Vertex(-2, -1, 2)
Size: 114
Key: Vertex(-1, 1, 3) -> Value: Vertex(0, 2, 5)
Size: 114
Key: Vertex(-2, -1, 3) -> Value: Vertex(-2, 0, 1)
Size: 114
Key: Vertex(-1, 1, 4) -> Value: Vertex(-2, 1, 2)
Size: 114
Key: Vertex(-2, -1, 4) -> Value: Vertex(-2, 0, 0)
Size: 114
Key: Vertex(-1, 1, 5) -> Value: Vertex(-2, 1, 1)
Size: 114
Key: Vertex(-2, -1, 5) -> Value: Vertex(-2, -1, 5)
Size: 114
Key: Vertex(-1, 2, 0) -> Value: Vertex(-2, 1, 2)
Size: 114
Key: Vertex(-2, 0, 0) -> Value: Vertex(-2, 0, 0)
Size: 114
Key: Vertex(-1, 2, 1) -> Value: Vertex(0, 2, 5)
Size: 114
Key: Vertex(-2, 0, 1) -> Value: Vertex(-2, 0, 1)
Size: 114
Key: Vertex(-1, 2, 2) -> Value: Vertex(0, 2, 4)
Size: 114
Key: Vertex(-2, 0, 2) -> Value: Vertex(-2, 1, 0)
Size: 114
Key: Vertex(-1, 2, 3) -> Value: Vertex(-1, 2, 3)
Size: 114
Key: Vertex(-2, 0, 3) -> Value: Vertex(-2, 1, 5)
Size: 114
Key: Vertex(-1, 2, 4) -> Value: Vertex(-1, 2, 4)
Size: 114
Key: Vertex(2, 0, 0) -> Value: Vertex(1, -1, 2)
Size: 114
Key: Vertex(-1, 2, 5) -> Value: Vertex(-2, 1, 3)
Size: 114
Key: Vertex(-2, 0, 4) -> Value: Vertex(-2, 0, 4)
Size: 114
Key: Vertex(2, 0, 1) -> Value: Vertex(2, 0, 1)
Size: 114
Key: Vertex(1, -2, 0) -> Value: Vertex(1, -2, 0)
Size: 114
Key: Vertex(-2, 0, 5) -> Value: Vertex(-2, 0, 5)
Size: 114
Key: Vertex(1, -2, 1) -> Value: Vertex(1, -2, 1)
Size: 114
Key: Vertex(2, 0, 2) -> Value: Vertex(2, 0, 2)
Size: 114
Key: Vertex(2, 0, 3) -> Value: Vertex(1, 1, 1)
Size: 114
Key: Vertex(1, -2, 2) -> Value: Vertex(1, -2, 2)
Size: 114
Key: Vertex(2, 0, 4) -> Value: Vertex(1, 1, 0)
Size: 114
Key: Vertex(1, -2, 3) -> Value: Vertex(0, -1, 1)
Size: 114
Key: Vertex(1, -2, 4) -> Value: Vertex(0, -1, 0)
Size: 114
Key: Vertex(2, 0, 5) -> Value: Vertex(1, -1, 3)
Size: 114
Key: Vertex(1, -2, 5) -> Value: Vertex(0, -2, 1)
Size: 114
Key: Vertex(-2, 1, 0) -> Value: Vertex(-2, 1, 0)
Size: 114
Key: Vertex(-2, 1, 1) -> Value: Vertex(-2, 1, 1)
Size: 114
Key: Vertex(-2, 1, 2) -> Value: Vertex(-2, 1, 2)
Size: 114
Key: Vertex(-2, 1, 3) -> Value: Vertex(-2, 1, 3)
Size: 114
Vertex dir=0 q: -1 r: -2 x=441.43593539448983 roundedX=441.0 y=80.0 roundedY=80.0
Vertex dir=1 q: -1 r: -2 x=510.71796769724494 roundedX=511.0 y=120.0 roundedY=120.0
Vertex dir=2 q: -1 r: -2 x=510.71796769724494 roundedX=511.0 y=200.0 roundedY=200.0
Vertex dir=3 q: -1 r: -2 x=441.43593539448983 roundedX=441.0 y=240.0 roundedY=240.0
Vertex dir=4 q: -1 r: -2 x=372.1539030917347 roundedX=372.0 y=200.00000000000003 roundedY=200.0
Vertex dir=5 q: -1 r: -2 x=372.1539030917347 roundedX=372.0 y=120.0 roundedY=120.0
Vertex dir=0 q: 0 r: -1 x=649.282032302755 roundedX=649.0 y=200.0 roundedY=200.0
Vertex dir=1 q: 0 r: -1 x=718.5640646055101 roundedX=719.0 y=240.0 roundedY=240.0
Vertex dir=2 q: 0 r: -1 x=718.5640646055101 roundedX=719.0 y=320.0 roundedY=320.0
Vertex dir=3 q: 0 r: -1 x=649.282032302755 roundedX=649.0 y=360.0 roundedY=360.0
Vertex dir=4 q: 0 r: -1 x=580.0 roundedX=580.0 y=320.0 roundedY=320.0
Vertex dir=5 q: 0 r: -1 x=580.0 roundedX=580.0 y=240.0 roundedY=240.0
Vertex dir=0 q: 0 r: 0 x=580.0 roundedX=580.0 y=320.0 roundedY=320.0
Vertex dir=1 q: 0 r: 0 x=649.282032302755 roundedX=649.0 y=360.0 roundedY=360.0
Vertex dir=2 q: 0 r: 0 x=649.282032302755 roundedX=649.0 y=440.0 roundedY=440.0
Vertex dir=3 q: 0 r: 0 x=580.0 roundedX=580.0 y=480.0 roundedY=480.0
Vertex dir=4 q: 0 r: 0 x=510.71796769724494 roundedX=511.0 y=440.0 roundedY=440.0
Vertex dir=5 q: 0 r: 0 x=510.71796769724494 roundedX=511.0 y=360.0 roundedY=360.0
Vertex dir=0 q: 1 r: 1 x=787.8460969082653 roundedX=788.0 y=440.0 roundedY=440.0
Vertex dir=1 q: 1 r: 1 x=857.1281292110203 roundedX=857.0 y=480.0 roundedY=480.0
Vertex dir=2 q: 1 r: 1 x=857.1281292110203 roundedX=857.0 y=560.0 roundedY=560.0
Vertex dir=3 q: 1 r: 1 x=787.8460969082653 roundedX=788.0 y=600.0 roundedY=600.0
Vertex dir=4 q: 1 r: 1 x=718.5640646055102 roundedX=719.0 y=560.0 roundedY=560.0
Vertex dir=5 q: 1 r: 1 x=718.5640646055102 roundedX=719.0 y=480.0 roundedY=480.0
Vertex dir=0 q: 0 r: -2 x=580.0 roundedX=580.0 y=80.0 roundedY=80.0
Vertex dir=1 q: 0 r: -2 x=649.282032302755 roundedX=649.0 y=120.0 roundedY=120.0
Vertex dir=2 q: 0 r: -2 x=649.282032302755 roundedX=649.0 y=200.0 roundedY=200.0
Vertex dir=3 q: 0 r: -2 x=580.0 roundedX=580.0 y=240.0 roundedY=240.0
Vertex dir=4 q: 0 r: -2 x=510.71796769724494 roundedX=511.0 y=200.00000000000003 roundedY=200.0
Vertex dir=5 q: 0 r: -2 x=510.71796769724494 roundedX=511.0 y=120.0 roundedY=120.0
Vertex dir=0 q: 0 r: 1 x=649.282032302755 roundedX=649.0 y=440.0 roundedY=440.0
Vertex dir=1 q: 0 r: 1 x=718.5640646055101 roundedX=719.0 y=480.0 roundedY=480.0
Vertex dir=2 q: 0 r: 1 x=718.5640646055101 roundedX=719.0 y=560.0 roundedY=560.0
Vertex dir=3 q: 0 r: 1 x=649.282032302755 roundedX=649.0 y=600.0 roundedY=600.0
Vertex dir=4 q: 0 r: 1 x=580.0 roundedX=580.0 y=560.0 roundedY=560.0
Vertex dir=5 q: 0 r: 1 x=580.0 roundedX=580.0 y=480.0 roundedY=480.0
Vertex dir=0 q: 1 r: 2 x=718.5640646055101 roundedX=719.0 y=560.0 roundedY=560.0
Vertex dir=1 q: 1 r: 2 x=787.8460969082652 roundedX=788.0 y=600.0 roundedY=600.0
Vertex dir=2 q: 1 r: 2 x=787.8460969082652 roundedX=788.0 y=680.0 roundedY=680.0
Vertex dir=3 q: 1 r: 2 x=718.5640646055101 roundedX=719.0 y=720.0 roundedY=720.0
Vertex dir=4 q: 1 r: 2 x=649.282032302755 roundedX=649.0 y=680.0 roundedY=680.0
Vertex dir=5 q: 1 r: 2 x=649.282032302755 roundedX=649.0 y=600.0 roundedY=600.0
Vertex dir=0 q: 0 r: 2 x=580.0 roundedX=580.0 y=560.0 roundedY=560.0
Vertex dir=1 q: 0 r: 2 x=649.282032302755 roundedX=649.0 y=600.0 roundedY=600.0
Vertex dir=2 q: 0 r: 2 x=649.282032302755 roundedX=649.0 y=680.0 roundedY=680.0
Vertex dir=3 q: 0 r: 2 x=580.0 roundedX=580.0 y=720.0 roundedY=720.0
Vertex dir=4 q: 0 r: 2 x=510.71796769724494 roundedX=511.0 y=680.0 roundedY=680.0
Vertex dir=5 q: 0 r: 2 x=510.71796769724494 roundedX=511.0 y=600.0 roundedY=600.0
Vertex dir=0 q: -2 r: 1 x=372.1539030917347 roundedX=372.0 y=440.0 roundedY=440.0
Vertex dir=1 q: -2 r: 1 x=441.4359353944898 roundedX=441.0 y=480.0 roundedY=480.0
Vertex dir=2 q: -2 r: 1 x=441.43593539448983 roundedX=441.0 y=560.0 roundedY=560.0
Vertex dir=3 q: -2 r: 1 x=372.1539030917347 roundedX=372.0 y=600.0 roundedY=600.0
Vertex dir=4 q: -2 r: 1 x=302.87187078897966 roundedX=303.0 y=560.0 roundedY=560.0
Vertex dir=5 q: -2 r: 1 x=302.87187078897966 roundedX=303.0 y=480.0 roundedY=480.0
Vertex dir=0 q: -1 r: 2 x=441.43593539448983 roundedX=441.0 y=560.0 roundedY=560.0
Vertex dir=1 q: -1 r: 2 x=510.71796769724494 roundedX=511.0 y=600.0 roundedY=600.0
Vertex dir=2 q: -1 r: 2 x=510.71796769724494 roundedX=511.0 y=680.0 roundedY=680.0
Vertex dir=3 q: -1 r: 2 x=441.43593539448983 roundedX=441.0 y=720.0 roundedY=720.0
Vertex dir=4 q: -1 r: 2 x=372.1539030917347 roundedX=372.0 y=680.0 roundedY=680.0
Vertex dir=5 q: -1 r: 2 x=372.1539030917347 roundedX=372.0 y=600.0 roundedY=600.0
Vertex dir=0 q: 1 r: -2 x=718.5640646055101 roundedX=719.0 y=80.0 roundedY=80.0
Vertex dir=1 q: 1 r: -2 x=787.8460969082652 roundedX=788.0 y=120.0 roundedY=120.0
Vertex dir=2 q: 1 r: -2 x=787.8460969082652 roundedX=788.0 y=200.0 roundedY=200.0
Vertex dir=3 q: 1 r: -2 x=718.5640646055101 roundedX=719.0 y=240.0 roundedY=240.0
Vertex dir=4 q: 1 r: -2 x=649.282032302755 roundedX=649.0 y=200.00000000000003 roundedY=200.0
Vertex dir=5 q: 1 r: -2 x=649.282032302755 roundedX=649.0 y=120.0 roundedY=120.0
Vertex dir=0 q: -2 r: 0 x=302.87187078897966 roundedX=303.0 y=320.0 roundedY=320.0
Vertex dir=1 q: -2 r: 0 x=372.1539030917347 roundedX=372.0 y=360.0 roundedY=360.0
Vertex dir=2 q: -2 r: 0 x=372.1539030917348 roundedX=372.0 y=440.0 roundedY=440.0
Vertex dir=3 q: -2 r: 0 x=302.87187078897966 roundedX=303.0 y=480.0 roundedY=480.0
Vertex dir=4 q: -2 r: 0 x=233.58983848622458 roundedX=234.0 y=440.0 roundedY=440.0
Vertex dir=5 q: -2 r: 0 x=233.58983848622458 roundedX=234.0 y=360.0 roundedY=360.0
Vertex dir=0 q: -1 r: 1 x=510.71796769724494 roundedX=511.0 y=440.0 roundedY=440.0
Vertex dir=1 q: -1 r: 1 x=580.0 roundedX=580.0 y=480.0 roundedY=480.0
Vertex dir=2 q: -1 r: 1 x=580.0 roundedX=580.0 y=560.0 roundedY=560.0
Vertex dir=3 q: -1 r: 1 x=510.71796769724494 roundedX=511.0 y=600.0 roundedY=600.0
Vertex dir=4 q: -1 r: 1 x=441.4359353944899 roundedX=441.0 y=560.0 roundedY=560.0
Vertex dir=5 q: -1 r: 1 x=441.4359353944899 roundedX=441.0 y=480.0 roundedY=480.0
Vertex dir=0 q: -2 r: -1 x=372.1539030917347 roundedX=372.0 y=200.0 roundedY=200.0
Vertex dir=1 q: -2 r: -1 x=441.4359353944898 roundedX=441.0 y=240.0 roundedY=240.0
Vertex dir=2 q: -2 r: -1 x=441.43593539448983 roundedX=441.0 y=320.0 roundedY=320.0
Vertex dir=3 q: -2 r: -1 x=372.1539030917347 roundedX=372.0 y=360.0 roundedY=360.0
Vertex dir=4 q: -2 r: -1 x=302.87187078897966 roundedX=303.0 y=320.0 roundedY=320.0
Vertex dir=5 q: -2 r: -1 x=302.87187078897966 roundedX=303.0 y=240.0 roundedY=240.0
Vertex dir=0 q: 1 r: -1 x=787.8460969082653 roundedX=788.0 y=200.0 roundedY=200.0
Vertex dir=1 q: 1 r: -1 x=857.1281292110203 roundedX=857.0 y=240.0 roundedY=240.0
[...]
Key X: 580.0Key Y: 480.0, Value: [Vertex(0, 0, 3), Vertex(0, 1, 5), Vertex(-1, 1, 1)]
Vertex dir=0 q: -1 r: -2 x=441.43593539448983 roundedX=441.0 y=80.0 roundedY=80.0
Vertex dir=1 q: -1 r: -2 x=510.71796769724494 roundedX=511.0 y=120.0 roundedY=120.0
Vertex dir=2 q: -1 r: -2 x=510.71796769724494 roundedX=511.0 y=200.0 roundedY=200.0
Vertex dir=3 q: -1 r: -2 x=441.43593539448983 roundedX=441.0 y=240.0 roundedY=240.0
Vertex dir=4 q: -1 r: -2 x=372.1539030917347 roundedX=372.0 y=200.00000000000003 roundedY=200.0
Vertex dir=5 q: -1 r: -2 x=372.1539030917347 roundedX=372.0 y=120.0 roundedY=120.0
Vertex dir=0 q: 0 r: -1 x=649.282032302755 roundedX=649.0 y=200.0 roundedY=200.0
Vertex dir=1 q: 0 r: -1 x=718.5640646055101 roundedX=719.0 y=240.0 roundedY=240.0
Vertex dir=2 q: 0 r: -1 x=718.5640646055101 roundedX=719.0 y=320.0 roundedY=320.0
Vertex dir=3 q: 0 r: -1 x=649.282032302755 roundedX=649.0 y=360.0 roundedY=360.0
Vertex dir=4 q: 0 r: -1 x=580.0 roundedX=580.0 y=320.0 roundedY=320.0
Vertex dir=5 q: 0 r: -1 x=580.0 roundedX=580.0 y=240.0 roundedY=240.0
Vertex dir=0 q: 0 r: 0 x=580.0 roundedX=580.0 y=320.0 roundedY=320.0
Vertex dir=1 q: 0 r: 0 x=649.282032302755 roundedX=649.0 y=360.0 roundedY=360.0
Vertex dir=2 q: 0 r: 0 x=649.282032302755 roundedX=649.0 y=440.0 roundedY=440.0
Vertex dir=3 q: 0 r: 0 x=580.0 roundedX=580.0 y=480.0 roundedY=480.0
Vertex dir=4 q: 0 r: 0 x=510.71796769724494 roundedX=511.0 y=440.0 roundedY=440.0
Vertex dir=5 q: 0 r: 0 x=510.71796769724494 roundedX=511.0 y=360.0 roundedY=360.0
Vertex dir=0 q: 1 r: 1 x=787.8460969082653 roundedX=788.0 y=440.0 roundedY=440.0
Vertex dir=1 q: 1 r: 1 x=857.1281292110203 roundedX=857.0 y=480.0 roundedY=480.0
Vertex dir=2 q: 1 r: 1 x=857.1281292110203 roundedX=857.0 y=560.0 roundedY=560.0
Vertex dir=3 q: 1 r: 1 x=787.8460969082653 roundedX=788.0 y=600.0 roundedY=600.0
Vertex dir=4 q: 1 r: 1 x=718.5640646055102 roundedX=719.0 y=560.0 roundedY=560.0
Vertex dir=5 q: 1 r: 1 x=718.5640646055102 roundedX=719.0 y=480.0 roundedY=480.0
Vertex dir=0 q: 0 r: -2 x=580.0 roundedX=580.0 y=80.0 roundedY=80.0
Vertex dir=1 q: 0 r: -2 x=649.282032302755 roundedX=649.0 y=120.0 roundedY=120.0
Vertex dir=2 q: 0 r: -2 x=649.282032302755 roundedX=649.0 y=200.0 roundedY=200.0
Vertex dir=3 q: 0 r: -2 x=580.0 roundedX=580.0 y=240.0 roundedY=240.0
Vertex dir=4 q: 0 r: -2 x=510.71796769724494 roundedX=511.0 y=200.00000000000003 roundedY=200.0
Vertex dir=5 q: 0 r: -2 x=510.71796769724494 roundedX=511.0 y=120.0 roundedY=120.0
Vertex dir=0 q: 0 r: 1 x=649.282032302755 roundedX=649.0 y=440.0 roundedY=440.0
Vertex dir=1 q: 0 r: 1 x=718.5640646055101 roundedX=719.0 y=480.0 roundedY=480.0
Vertex dir=2 q: 0 r: 1 x=718.5640646055101 roundedX=719.0 y=560.0 roundedY=560.0
Vertex dir=3 q: 0 r: 1 x=649.282032302755 roundedX=649.0 y=600.0 roundedY=600.0
Vertex dir=4 q: 0 r: 1 x=580.0 roundedX=580.0 y=560.0 roundedY=560.0
Vertex dir=5 q: 0 r: 1 x=580.0 roundedX=580.0 y=480.0 roundedY=480.0
Vertex dir=0 q: 1 r: 2 x=718.5640646055101 roundedX=719.0 y=560.0 roundedY=560.0
Vertex dir=1 q: 1 r: 2 x=787.8460969082652 roundedX=788.0 y=600.0 roundedY=600.0
Vertex dir=2 q: 1 r: 2 x=787.8460969082652 roundedX=788.0 y=680.0 roundedY=680.0
Vertex dir=3 q: 1 r: 2 x=718.5640646055101 roundedX=719.0 y=720.0 roundedY=720.0
Vertex dir=4 q: 1 r: 2 x=649.282032302755 roundedX=649.0 y=680.0 roundedY=680.0
Vertex dir=5 q: 1 r: 2 x=649.282032302755 roundedX=649.0 y=600.0 roundedY=600.0
Vertex dir=0 q: 0 r: 2 x=580.0 roundedX=580.0 y=560.0 roundedY=560.0
Vertex dir=1 q: 0 r: 2 x=649.282032302755 roundedX=649.0 y=600.0 roundedY=600.0
Vertex dir=2 q: 0 r: 2 x=649.282032302755 roundedX=649.0 y=680.0 roundedY=680.0
Vertex dir=3 q: 0 r: 2 x=580.0 roundedX=580.0 y=720.0 roundedY=720.0
Vertex dir=4 q: 0 r: 2 x=510.71796769724494 roundedX=511.0 y=680.0 roundedY=680.0
Vertex dir=5 q: 0 r: 2 x=510.71796769724494 roundedX=511.0 y=600.0 roundedY=600.0
Vertex dir=0 q: -2 r: 1 x=372.1539030917347 roundedX=372.0 y=440.0 roundedY=440.0
Vertex dir=1 q: -2 r: 1 x=441.4359353944898 roundedX=441.0 y=480.0 roundedY=480.0
Vertex dir=2 q: -2 r: 1 x=441.43593539448983 roundedX=441.0 y=560.0 roundedY=560.0
Vertex dir=3 q: -2 r: 1 x=372.1539030917347 roundedX=372.0 y=600.0 roundedY=600.0
Vertex dir=4 q: -2 r: 1 x=302.87187078897966 roundedX=303.0 y=560.0 roundedY=560.0
Vertex dir=5 q: -2 r: 1 x=302.87187078897966 roundedX=303.0 y=480.0 roundedY=480.0
Vertex dir=0 q: -1 r: 2 x=441.43593539448983 roundedX=441.0 y=560.0 roundedY=560.0
Vertex dir=1 q: -1 r: 2 x=510.71796769724494 roundedX=511.0 y=600.0 roundedY=600.0
Vertex dir=2 q: -1 r: 2 x=510.71796769724494 roundedX=511.0 y=680.0 roundedY=680.0
Vertex dir=3 q: -1 r: 2 x=441.43593539448983 roundedX=441.0 y=720.0 roundedY=720.0
Vertex dir=4 q: -1 r: 2 x=372.1539030917347 roundedX=372.0 y=680.0 roundedY=680.0
Vertex dir=5 q: -1 r: 2 x=372.1539030917347 roundedX=372.0 y=600.0 roundedY=600.0
Vertex dir=0 q: 1 r: -2 x=718.5640646055101 roundedX=719.0 y=80.0 roundedY=80.0
Vertex dir=1 q: 1 r: -2 x=787.8460969082652 roundedX=788.0 y=120.0 roundedY=120.0
Vertex dir=2 q: 1 r: -2 x=787.8460969082652 roundedX=788.0 y=200.0 roundedY=200.0
Vertex dir=3 q: 1 r: -2 x=718.5640646055101 roundedX=719.0 y=240.0 roundedY=240.0
Vertex dir=4 q: 1 r: -2 x=649.282032302755 roundedX=649.0 y=200.00000000000003 roundedY=200.0
Vertex dir=5 q: 1 r: -2 x=649.282032302755 roundedX=649.0 y=120.0 roundedY=120.0
Vertex dir=0 q: -2 r: 0 x=302.87187078897966 roundedX=303.0 y=320.0 roundedY=320.0
Vertex dir=1 q: -2 r: 0 x=372.1539030917347 roundedX=372.0 y=360.0 roundedY=360.0
Vertex dir=2 q: -2 r: 0 x=372.1539030917348 roundedX=372.0 y=440.0 roundedY=440.0
Vertex dir=3 q: -2 r: 0 x=302.87187078897966 roundedX=303.0 y=480.0 roundedY=480.0
Vertex dir=4 q: -2 r: 0 x=233.58983848622458 roundedX=234.0 y=440.0 roundedY=440.0
Vertex dir=5 q: -2 r: 0 x=233.58983848622458 roundedX=234.0 y=360.0 roundedY=360.0
Vertex dir=0 q: -1 r: 1 x=510.71796769724494 roundedX=511.0 y=440.0 roundedY=440.0
Vertex dir=1 q: -1 r: 1 x=580.0 roundedX=580.0 y=480.0 roundedY=480.0
Vertex dir=2 q: -1 r: 1 x=580.0 roundedX=580.0 y=560.0 roundedY=560.0
Vertex dir=3 q: -1 r: 1 x=510.71796769724494 roundedX=511.0 y=600.0 roundedY=600.0
Vertex dir=4 q: -1 r: 1 x=441.4359353944899 roundedX=441.0 y=560.0 roundedY=560.0
Vertex dir=5 q: -1 r: 1 x=441.4359353944899 roundedX=441.0 y=480.0 roundedY=480.0
Vertex dir=0 q: -2 r: -1 x=372.1539030917347 roundedX=372.0 y=200.0 roundedY=200.0
Vertex dir=1 q: -2 r: -1 x=441.4359353944898 roundedX=441.0 y=240.0 roundedY=240.0
Vertex dir=2 q: -2 r: -1 x=441.43593539448983 roundedX=441.0 y=320.0 roundedY=320.0
Vertex dir=3 q: -2 r: -1 x=372.1539030917347 roundedX=372.0 y=360.0 roundedY=360.0
Vertex dir=4 q: -2 r: -1 x=302.87187078897966 roundedX=303.0 y=320.0 roundedY=320.0
Vertex dir=5 q: -2 r: -1 x=302.87187078897966 roundedX=303.0 y=240.0 roundedY=240.0
Vertex dir=0 q: 1 r: -1 x=787.8460969082653 roundedX=788.0 y=200.0 roundedY=200.0
Vertex dir=1 q: 1 r: -1 x=857.1281292110203 roundedX=857.0 y=240.0 roundedY=240.0
Vertex dir=2 q: 1 r: -1 x=857.1281292110203 roundedX=857.0 y=320.0 roundedY=320.0
Vertex dir=3 q: 1 r: -1 x=787.8460969082653 roundedX=788.0 y=360.0 roundedY=360.0
Vertex dir=4 q: 1 r: -1 x=718.5640646055102 roundedX=719.0 y=320.0 roundedY=320.0
Vertex dir=5 q: 1 r: -1 x=718.5640646055102 roundedX=719.0 y=240.0 roundedY=240.0
Vertex dir=0 q: -1 r: 0 x=441.43593539448983 roundedX=441.0 y=320.0 roundedY=320.0
Vertex dir=1 q: -1 r: 0 x=510.71796769724494 roundedX=511.0 y=360.0 roundedY=360.0
Vertex dir=2 q: -1 r: 0 x=510.71796769724494 roundedX=511.0 y=440.0 roundedY=440.0
Vertex dir=3 q: -1 r: 0 x=441.43593539448983 roundedX=441.0 y=480.0 roundedY=480.0
Vertex dir=4 q: -1 r: 0 x=372.1539030917347 roundedX=372.0 y=440.0 roundedY=440.0
Vertex dir=5 q: -1 r: 0 x=372.1539030917347 roundedX=372.0 y=360.0 roundedY=360.0
Vertex dir=0 q: 2 r: 0 x=857.1281292110203 roundedX=857.0 y=320.0 roundedY=320.0
Vertex dir=1 q: 2 r: 0 x=926.4101615137754 roundedX=926.0 y=360.0 roundedY=360.0
Vertex dir=2 q: 2 r: 0 x=926.4101615137754 roundedX=926.0 y=440.0 roundedY=440.0
Vertex dir=3 q: 2 r: 0 x=857.1281292110203 roundedX=857.0 y=480.0 roundedY=480.0
Vertex dir=4 q: 2 r: 0 x=787.8460969082653 roundedX=788.0 y=440.0 roundedY=440.0
Vertex dir=5 q: 2 r: 0 x=787.8460969082653 roundedX=788.0 y=360.0 roundedY=360.0
Vertex dir=0 q: -1 r: -1 x=510.71796769724494 roundedX=511.0 y=200.0 roundedY=200.0
Vertex dir=1 q: -1 r: -1 x=580.0 roundedX=580.0 y=240.0 roundedY=240.0
Vertex dir=2 q: -1 r: -1 x=580.0 roundedX=580.0 y=320.0 roundedY=320.0
Vertex dir=3 q: -1 r: -1 x=510.71796769724494 roundedX=511.0 y=360.0 roundedY=360.0
Vertex dir=4 q: -1 r: -1 x=441.4359353944899 roundedX=441.0 y=320.0 roundedY=320.0
Vertex dir=5 q: -1 r: -1 x=441.4359353944899 roundedX=441.0 y=240.0 roundedY=240.0
Vertex dir=0 q: 1 r: 0 x=718.5640646055101 roundedX=719.0 y=320.0 roundedY=320.0
Vertex dir=1 q: 1 r: 0 x=787.8460969082652 roundedX=788.0 y=360.0 roundedY=360.0
Vertex dir=2 q: 1 r: 0 x=787.8460969082652 roundedX=788.0 y=440.0 roundedY=440.0
Vertex dir=3 q: 1 r: 0 x=718.5640646055101 roundedX=719.0 y=480.0 roundedY=480.0
Vertex dir=4 q: 1 r: 0 x=649.282032302755 roundedX=649.0 y=440.0 roundedY=440.0
Vertex dir=5 q: 1 r: 0 x=649.282032302755 roundedX=649.0 y=360.0 roundedY=360.0
Key X: 580.0Key Y: 560.0, Value: [Vertex(0, 1, 4), Vertex(0, 2, 0), Vertex(-1, 1, 2)]
Key X: 857.0Key Y: 320.0, Value: [Vertex(1, -1, 2), Vertex(2, 0, 0)]
Key X: 719.0Key Y: 480.0, Value: [Vertex(1, 1, 5), Vertex(0, 1, 1), Vertex(1, 0, 3)]
Key X: 580.0Key Y: 720.0, Value: [Vertex(0, 2, 3)]
Key X: 719.0Key Y: 560.0, Value: [Vertex(1, 1, 4), Vertex(0, 1, 2), Vertex(1, 2, 0)]
Key X: 441.0Key Y: 80.0, Value: [Vertex(-1, -2, 0)]
Key X: 857.0Key Y: 480.0, Value: [Vertex(1, 1, 1), Vertex(2, 0, 3)]
Key X: 719.0Key Y: 720.0, Value: [Vertex(1, 2, 3)]
Key X: 857.0Key Y: 560.0, Value: [Vertex(1, 1, 2)]
Key X: 372.0Key Y: 120.0, Value: [Vertex(-1, -2, 5)]
Key X: 303.0Key Y: 240.0, Value: [Vertex(-2, -1, 5)]
Key X: 372.0Key Y: 200.0, Value: [Vertex(-1, -2, 4), Vertex(-2, -1, 0)]
Key X: 511.0Key Y: 120.0, Value: [Vertex(-1, -2, 1), Vertex(0, -2, 5)]
Key X: 303.0Key Y: 320.0, Value: [Vertex(-2, 0, 0), Vertex(-2, -1, 4)]
Key X: 649.0Key Y: 120.0, Value: [Vertex(0, -2, 1), Vertex(1, -2, 5)]
Key X: 441.0Key Y: 240.0, Value: [Vertex(-1, -2, 3), Vertex(-2, -1, 1), Vertex(-1, -1, 5)]
Key X: 372.0Key Y: 360.0, Value: [Vertex(-2, 0, 1), Vertex(-2, -1, 3), Vertex(-1, 0, 5)]
Key X: 511.0Key Y: 200.0, Value: [Vertex(-1, -2, 2), Vertex(0, -2, 4), Vertex(-1, -1, 0)]
Key X: 788.0Key Y: 120.0, Value: [Vertex(1, -2, 1)]
Key X: 303.0Key Y: 480.0, Value: [Vertex(-2, 1, 5), Vertex(-2, 0, 3)]
Key X: 441.0Key Y: 320.0, Value: [Vertex(-2, -1, 2), Vertex(-1, 0, 0), Vertex(-1, -1, 4)]
Key X: 649.0Key Y: 200.0, Value: [Vertex(0, -1, 0), Vertex(0, -2, 2), Vertex(1, -2, 4)]
Key X: 303.0Key Y: 560.0, Value: [Vertex(-2, 1, 4)]
Key X: 372.0Key Y: 440.0, Value: [Vertex(-2, 1, 0), Vertex(-2, 0, 2), Vertex(-1, 0, 4)]
Key X: 372.0Key Y: 600.0, Value: [Vertex(-2, 1, 3), Vertex(-1, 2, 5)]
Key X: 788.0Key Y: 200.0, Value: [Vertex(1, -2, 2), Vertex(1, -1, 0)]
Key X: 441.0Key Y: 480.0, Value: [Vertex(-2, 1, 1), Vertex(-1, 1, 5), Vertex(-1, 0, 3)]
Key X: 511.0Key Y: 360.0, Value: [Vertex(0, 0, 5), Vertex(-1, 0, 1), Vertex(-1, -1, 3)]
Key X: 441.0Key Y: 560.0, Value: [Vertex(-2, 1, 2), Vertex(-1, 2, 0), Vertex(-1, 1, 4)]
Key X: 372.0Key Y: 680.0, Value: [Vertex(-1, 2, 4)]
Key X: 511.0Key Y: 440.0, Value: [Vertex(0, 0, 4), Vertex(-1, 1, 0), Vertex(-1, 0, 2)]
Key X: 649.0Key Y: 360.0, Value: [Vertex(0, -1, 3), Vertex(0, 0, 1), Vertex(1, 0, 5)]
Key X: 441.0Key Y: 720.0, Value: [Vertex(-1, 2, 3)]
Key X: 788.0Key Y: 360.0, Value: [Vertex(1, -1, 3), Vertex(2, 0, 5), Vertex(1, 0, 1)]
Key X: 511.0Key Y: 600.0, Value: [Vertex(0, 2, 5), Vertex(-1, 2, 1), Vertex(-1, 1, 3)]
Key X: 649.0Key Y: 440.0, Value: [Vertex(0, 0, 2), Vertex(0, 1, 0), Vertex(1, 0, 4)]
Key X: 511.0Key Y: 680.0, Value: [Vertex(0, 2, 4), Vertex(-1, 2, 2)]
Key X: 926.0Key Y: 360.0, Value: [Vertex(2, 0, 1)]
Key X: 649.0Key Y: 600.0, Value: [Vertex(0, 1, 3), Vertex(1, 2, 5), Vertex(0, 2, 1)]
Key X: 788.0Key Y: 440.0, Value: [Vertex(1, 1, 0), Vertex(2, 0, 4), Vertex(1, 0, 2)]
Key X: 649.0Key Y: 680.0, Value: [Vertex(1, 2, 4), Vertex(0, 2, 2)]
Key X: 926.0Key Y: 440.0, Value: [Vertex(2, 0, 2)]
Key X: 788.0Key Y: 600.0, Value: [Vertex(1, 1, 3), Vertex(1, 2, 1)]
Key X: 788.0Key Y: 680.0, Value: [Vertex(1, 2, 2)]
Key X: 580.0Key Y: 80.0, Value: [Vertex(0, -2, 0)]
Key X: 719.0Key Y: 80.0, Value: [Vertex(1, -2, 0)]
Key X: 580.0Key Y: 240.0, Value: [Vertex(0, -1, 5), Vertex(0, -2, 3), Vertex(-1, -1, 1)]
Key X: 234.0Key Y: 360.0, Value: [Vertex(-2, 0, 5)]
Key X: 580.0Key Y: 320.0, Value: [Vertex(0, -1, 4), Vertex(0, 0, 0), Vertex(-1, -1, 2)]
Key X: 234.0Key Y: 440.0, Value: [Vertex(-2, 0, 4)]
Key X: 719.0Key Y: 240.0, Value: [Vertex(0, -1, 1), Vertex(1, -2, 3), Vertex(1, -1, 5)]
Key X: 857.0Key Y: 240.0, Value: [Vertex(1, -1, 1)]
Key X: 719.0Key Y: 320.0, Value: [Vertex(0, -1, 2), Vertex(1, -1, 4), Vertex(1, 0, 0)]
Key X: 580.0Key Y: 480.0, Value: [Vertex(0, 0, 3), Vertex(0, 1, 5), Vertex(-1, 1, 1)]
Key: Vertex(-2, 1, 4) -> Value: Vertex(-2, 1, 4)
Size: 114
Key: Vertex(-2, 1, 5) -> Value: Vertex(-2, 1, 5)
Size: 114
Key: Vertex(1, -1, 0) -> Value: Vertex(1, -2, 2)
Size: 114
Key: Vertex(1, -1, 1) -> Value: Vertex(1, -1, 1)
Size: 114
Key: Vertex(1, -1, 2) -> Value: Vertex(1, -1, 2)
Size: 114
Key: Vertex(1, -1, 3) -> Value: Vertex(1, -1, 3)
Size: 114
Key: Vertex(1, -1, 4) -> Value: Vertex(0, -1, 2)
Size: 114
Key: Vertex(1, -1, 5) -> Value: Vertex(0, -1, 1)
Size: 114
Key: Vertex(1, 0, 0) -> Value: Vertex(0, -1, 2)
Size: 114
Key: Vertex(1, 0, 1) -> Value: Vertex(1, -1, 3)
Size: 114
Key: Vertex(0, -2, 0) -> Value: Vertex(0, -2, 0)
Size: 114
Key: Vertex(0, -2, 1) -> Value: Vertex(0, -2, 1)
Size: 114
Key: Vertex(1, 0, 2) -> Value: Vertex(1, 1, 0)
Size: 114
Key: Vertex(1, 0, 3) -> Value: Vertex(1, 1, 5)
Size: 114
Key: Vertex(0, -2, 2) -> Value: Vertex(0, -1, 0)
Size: 114
Key: Vertex(1, 0, 4) -> Value: Vertex(0, 0, 2)
Size: 114
Key: Vertex(0, -2, 3) -> Value: Vertex(0, -1, 5)
Size: 114
Key: Vertex(0, -2, 4) -> Value: Vertex(-1, -2, 2)
Size: 114
Key: Vertex(1, 0, 5) -> Value: Vertex(0, -1, 3)
Size: 114
Key: Vertex(0, -2, 5) -> Value: Vertex(-1, -2, 1)
Size: 114
Key: Vertex(1, 1, 0) -> Value: Vertex(1, 1, 0)
Size: 114
Key: Vertex(1, 1, 1) -> Value: Vertex(1, 1, 1)
Size: 114
Key: Vertex(0, -1, 0) -> Value: Vertex(0, -1, 0)
Size: 114
Key: Vertex(1, 1, 2) -> Value: Vertex(1, 1, 2)
Size: 114
Key: Vertex(0, -1, 1) -> Value: Vertex(0, -1, 1)
Size: 114
Key: Vertex(1, 1, 3) -> Value: Vertex(1, 1, 3)
Size: 114
Key: Vertex(0, -1, 2) -> Value: Vertex(0, -1, 2)
Size: 114
Key: Vertex(1, 1, 4) -> Value: Vertex(1, 1, 4)
Size: 114
Key: Vertex(0, -1, 3) -> Value: Vertex(0, -1, 3)
Size: 114
Key: Vertex(1, 1, 5) -> Value: Vertex(1, 1, 5)
Size: 114
Key: Vertex(0, -1, 4) -> Value: Vertex(0, -1, 4)
Size: 114
Key: Vertex(0, -1, 5) -> Value: Vertex(0, -1, 5)
Size: 114
Key: Vertex(1, 2, 0) -> Value: Vertex(1, 1, 4)
Size: 114
Key: Vertex(1, 2, 1) -> Value: Vertex(1, 1, 3)
Size: 114
Key: Vertex(0, 0, 0) -> Value: Vertex(0, -1, 4)
Size: 114
Key: Vertex(-1, -2, 0) -> Value: Vertex(-1, -2, 0)
Size: 114
Key: Vertex(0, 0, 1) -> Value: Vertex(0, -1, 3)
Size: 114
Key: Vertex(1, 2, 2) -> Value: Vertex(1, 2, 2)
Size: 114
Key: Vertex(1, 2, 3) -> Value: Vertex(1, 2, 3)
Size: 114
Key: Vertex(-1, -2, 1) -> Value: Vertex(-1, -2, 1)
Size: 114
Key: Vertex(0, 0, 2) -> Value: Vertex(0, 0, 2)
Size: 114
Key: Vertex(-1, -2, 2) -> Value: Vertex(-1, -2, 2)
Size: 114
Key: Vertex(1, 2, 4) -> Value: Vertex(1, 2, 4)
Size: 114
Key: Vertex(0, 0, 3) -> Value: Vertex(0, 0, 3)
Size: 114
Key: Vertex(-1, -2, 3) -> Value: Vertex(-1, -2, 3)
Size: 114
Key: Vertex(0, 0, 4) -> Value: Vertex(0, 0, 4)
Size: 114
Key: Vertex(1, 2, 5) -> Value: Vertex(0, 1, 3)
Size: 114
Key: Vertex(-1, -2, 4) -> Value: Vertex(-1, -2, 4)
Size: 114
Key: Vertex(0, 0, 5) -> Value: Vertex(0, 0, 5)
Size: 114
Key: Vertex(-1, -2, 5) -> Value: Vertex(-1, -2, 5)
Size: 114
Key: Vertex(0, 1, 0) -> Value: Vertex(0, 0, 2)
Size: 114
Key: Vertex(0, 1, 1) -> Value: Vertex(1, 1, 5)
Size: 114
Key: Vertex(-1, -1, 0) -> Value: Vertex(-1, -2, 2)
Size: 114
Key: Vertex(0, 1, 2) -> Value: Vertex(1, 1, 4)
Size: 114
Key: Vertex(-1, -1, 1) -> Value: Vertex(0, -1, 5)
Size: 114
Key: Vertex(0, 1, 3) -> Value: Vertex(0, 1, 3)
Size: 114
Key: Vertex(-1, -1, 2) -> Value: Vertex(0, -1, 4)
Size: 114
Key: Vertex(0, 1, 4) -> Value: Vertex(0, 1, 4)
Size: 114
Key: Vertex(-1, -1, 3) -> Value: Vertex(0, 0, 5)
Size: 114
Key: Vertex(-1, -1, 4) -> Value: Vertex(-2, -1, 2)
Size: 114
Key: Vertex(0, 1, 5) -> Value: Vertex(0, 0, 3)
Size: 114
Key: Vertex(-1, -1, 5) -> Value: Vertex(-1, -2, 3)
Size: 114
Key: Vertex(0, 2, 0) -> Value: Vertex(0, 1, 4)
Size: 114
Key: Vertex(-1, 0, 0) -> Value: Vertex(-2, -1, 2)
Size: 114
Key: Vertex(0, 2, 1) -> Value: Vertex(0, 1, 3)
Size: 114
Key: Vertex(-1, 0, 1) -> Value: Vertex(0, 0, 5)
Size: 114
Key: Vertex(0, 2, 2) -> Value: Vertex(1, 2, 4)
Size: 114
Key: Vertex(0, 2, 3) -> Value: Vertex(0, 2, 3)
Size: 114
Key: Vertex(-1, 0, 2) -> Value: Vertex(0, 0, 4)
Size: 114
Key: Vertex(-1, 0, 3) -> Value: Vertex(-2, 1, 1)
Size: 114
Key: Vertex(0, 2, 4) -> Value: Vertex(0, 2, 4)
Size: 114
Key: Vertex(-1, 0, 4) -> Value: Vertex(-2, 1, 0)
Size: 114
Key: Vertex(0, 2, 5) -> Value: Vertex(0, 2, 5)
Size: 114
Key: Vertex(-1, 0, 5) -> Value: Vertex(-2, 0, 1)
Size: 114
Key: Vertex(-1, 1, 0) -> Value: Vertex(0, 0, 4)
Size: 114
Key: Vertex(-2, -1, 0) -> Value: Vertex(-1, -2, 4)
Size: 114
Key: Vertex(-1, 1, 1) -> Value: Vertex(0, 0, 3)
Size: 114
Key: Vertex(-1, 1, 2) -> Value: Vertex(0, 1, 4)
Size: 114
Key: Vertex(-2, -1, 1) -> Value: Vertex(-1, -2, 3)
Size: 114
Key: Vertex(-2, -1, 2) -> Value: Vertex(-2, -1, 2)
Size: 114
Key: Vertex(-1, 1, 3) -> Value: Vertex(0, 2, 5)
Size: 114
Key: Vertex(-2, -1, 3) -> Value: Vertex(-2, 0, 1)
Size: 114
Key: Vertex(-1, 1, 4) -> Value: Vertex(-2, 1, 2)
Size: 114
Key: Vertex(-2, -1, 4) -> Value: Vertex(-2, 0, 0)
Size: 114
Key: Vertex(-1, 1, 5) -> Value: Vertex(-2, 1, 1)
Size: 114
Key: Vertex(-2, -1, 5) -> Value: Vertex(-2, -1, 5)
Size: 114
Key: Vertex(-1, 2, 0) -> Value: Vertex(-2, 1, 2)
Size: 114
Key: Vertex(-2, 0, 0) -> Value: Vertex(-2, 0, 0)
Size: 114
Key: Vertex(-1, 2, 1) -> Value: Vertex(0, 2, 5)
Size: 114
Key: Vertex(-2, 0, 1) -> Value: Vertex(-2, 0, 1)
Size: 114
Key: Vertex(-1, 2, 2) -> Value: Vertex(0, 2, 4)
Size: 114
Key: Vertex(-2, 0, 2) -> Value: Vertex(-2, 1, 0)
Size: 114
Key: Vertex(-1, 2, 3) -> Value: Vertex(-1, 2, 3)
Size: 114
Key: Vertex(-2, 0, 3) -> Value: Vertex(-2, 1, 5)
Size: 114
Key: Vertex(-1, 2, 4) -> Value: Vertex(-1, 2, 4)
Size: 114
Key: Vertex(2, 0, 0) -> Value: Vertex(1, -1, 2)
Size: 114
Key: Vertex(-1, 2, 5) -> Value: Vertex(-2, 1, 3)
Size: 114
Key: Vertex(-2, 0, 4) -> Value: Vertex(-2, 0, 4)
Size: 114
Key: Vertex(2, 0, 1) -> Value: Vertex(2, 0, 1)
Size: 114
Key: Vertex(1, -2, 0) -> Value: Vertex(1, -2, 0)
Size: 114
Key: Vertex(-2, 0, 5) -> Value: Vertex(-2, 0, 5)
Size: 114
Key: Vertex(1, -2, 1) -> Value: Vertex(1, -2, 1)
Size: 114
Key: Vertex(2, 0, 2) -> Value: Vertex(2, 0, 2)
Size: 114
Key: Vertex(2, 0, 3) -> Value: Vertex(1, 1, 1)
Size: 114
Key: Vertex(1, -2, 2) -> Value: Vertex(1, -2, 2)
Size: 114
Key: Vertex(2, 0, 4) -> Value: Vertex(1, 1, 0)
Size: 114
Key: Vertex(1, -2, 3) -> Value: Vertex(0, -1, 1)
Size: 114
Key: Vertex(1, -2, 4) -> Value: Vertex(0, -1, 0)
Size: 114
Key: Vertex(2, 0, 5) -> Value: Vertex(1, -1, 3)
Size: 114
Key: Vertex(1, -2, 5) -> Value: Vertex(0, -2, 1)
Size: 114
Key: Vertex(-2, 1, 0) -> Value: Vertex(-2, 1, 0)
Size: 114
Key: Vertex(-2, 1, 1) -> Value: Vertex(-2, 1, 1)
Size: 114
Key: Vertex(-2, 1, 2) -> Value: Vertex(-2, 1, 2)
Size: 114
Key: Vertex(-2, 1, 3) -> Value: Vertex(-2, 1, 3)
Size: 114
Berechnete einzigartige Edges: 72
✓ Authentisches CATAN-Board initialisiert: 54 Siedlungen, 72 Straßen
]]></system-out>
  </testcase>
</testsuite>