<?xml version="1.0" encoding="UTF-8"?>
<testsuite xmlns:xsi="http://www.w3.org/2001/XMLSchema-instance" xsi:noNamespaceSchemaLocation="https://maven.apache.org/surefire/maven-surefire-plugin/xsd/surefire-test-report-3.0.xsd" version="3.0" name="com.catan.model.CatanGameTest" time="0.368" tests="6" errors="0" skipped="0" failures="0">
  <properties>
[...]
</properties>
  <testcase name="testInvalidPlayerCount" classname="com.catan.model.CatanGameTest" time="0.224">
    <system-out><![CDATA[STANDARD_HEX_SET.size() = 19
Vertex dir=0 q: -1 r: -2 x=441.43593539448983 roundedX=441.0 y=240.0 roundedY=240.0
count: 1
Vertex dir=1 q: -1 r: -2 x=510.71796769724494 roundedX=511.0 y=200.0 roundedY=200.0
count: 2
Vertex dir=2 q: -1 r: -2 x=510.71796769724494 roundedX=511.0 y=120.00000000000001 roundedY=120.0
count: 3
Vertex dir=3 q: -1 r: -2 x=441.43593539448983 roundedX=441.0 y=80.0 roundedY=80.0
count: 4
Vertex dir=4 q: -1 r: -2 x=372.1539030917347 roundedX=372.0 y=119.99999999999997 roundedY=120.0
count: 5
Vertex dir=5 q: -1 r: -2 x=372.1539030917347 roundedX=372.0 y=200.0 roundedY=200.0
count: 6
Vertex dir=0 q: 0 r: -1 x=649.282032302755 roundedX=649.0 y=360.0 roundedY=360.0
count: 7
Vertex dir=1 q: 0 r: -1 x=718.5640646055101 roundedX=719.0 y=320.0 roundedY=320.0
count: 8
Vertex dir=2 q: 0 r: -1 x=718.5640646055101 roundedX=719.0 y=240.0 roundedY=240.0
count: 9
Vertex dir=3 q: 0 r: -1 x=649.282032302755 roundedX=649.0 y=200.0 roundedY=200.0
count: 10
Vertex dir=4 q: 0 r: -1 x=580.0 roundedX=580.0 y=239.99999999999997 roundedY=240.0
count: 11
Vertex dir=5 q: 0 r: -1 x=580.0 roundedX=580.0 y=320.0 roundedY=320.0
count: 12
Vertex dir=0 q: 0 r: 0 x=580.0 roundedX=580.0 y=480.0 roundedY=480.0
count: 13
Vertex dir=1 q: 0 r: 0 x=649.282032302755 roundedX=649.0 y=440.0 roundedY=440.0
count: 14
Vertex dir=2 q: 0 r: 0 x=649.282032302755 roundedX=649.0 y=360.0 roundedY=360.0
count: 15
Vertex dir=3 q: 0 r: 0 x=580.0 roundedX=580.0 y=320.0 roundedY=320.0
count: 16
Vertex dir=4 q: 0 r: 0 x=510.71796769724494 roundedX=511.0 y=360.0 roundedY=360.0
count: 17
Vertex dir=5 q: 0 r: 0 x=510.71796769724494 roundedX=511.0 y=440.0 roundedY=440.0
count: 18
Vertex dir=0 q: 1 r: 1 x=787.8460969082653 roundedX=788.0 y=600.0 roundedY=600.0
count: 19
Vertex dir=1 q: 1 r: 1 x=857.1281292110203 roundedX=857.0 y=560.0 roundedY=560.0
count: 20
Vertex dir=2 q: 1 r: 1 x=857.1281292110203 roundedX=857.0 y=480.0 roundedY=480.0
count: 21
Vertex dir=3 q: 1 r: 1 x=787.8460969082653 roundedX=788.0 y=440.0 roundedY=440.0
count: 22
Vertex dir=4 q: 1 r: 1 x=718.5640646055102 roundedX=719.0 y=480.0 roundedY=480.0
count: 23
Vertex dir=5 q: 1 r: 1 x=718.5640646055102 roundedX=719.0 y=560.0 roundedY=560.0
count: 24
Vertex dir=0 q: 0 r: -2 x=580.0 roundedX=580.0 y=240.0 roundedY=240.0
count: 25
Vertex dir=1 q: 0 r: -2 x=649.282032302755 roundedX=649.0 y=200.0 roundedY=200.0
count: 26
Vertex dir=2 q: 0 r: -2 x=649.282032302755 roundedX=649.0 y=120.00000000000001 roundedY=120.0
count: 27
Vertex dir=3 q: 0 r: -2 x=580.0 roundedX=580.0 y=80.0 roundedY=80.0
count: 28
Vertex dir=4 q: 0 r: -2 x=510.71796769724494 roundedX=511.0 y=119.99999999999997 roundedY=120.0
count: 29
Vertex dir=5 q: 0 r: -2 x=510.71796769724494 roundedX=511.0 y=200.0 roundedY=200.0
count: 30
Vertex dir=0 q: 0 r: 1 x=649.282032302755 roundedX=649.0 y=600.0 roundedY=600.0
count: 31
Vertex dir=1 q: 0 r: 1 x=718.5640646055101 roundedX=719.0 y=560.0 roundedY=560.0
count: 32
Vertex dir=2 q: 0 r: 1 x=718.5640646055101 roundedX=719.0 y=480.0 roundedY=480.0
count: 33
Vertex dir=3 q: 0 r: 1 x=649.282032302755 roundedX=649.0 y=440.0 roundedY=440.0
count: 34
Vertex dir=4 q: 0 r: 1 x=580.0 roundedX=580.0 y=480.0 roundedY=480.0
count: 35
Vertex dir=5 q: 0 r: 1 x=580.0 roundedX=580.0 y=560.0 roundedY=560.0
count: 36
Vertex dir=0 q: 1 r: 2 x=718.5640646055101 roundedX=719.0 y=720.0 roundedY=720.0
count: 37
Vertex dir=1 q: 1 r: 2 x=787.8460969082652 roundedX=788.0 y=680.0 roundedY=680.0
count: 38
Vertex dir=2 q: 1 r: 2 x=787.8460969082652 roundedX=788.0 y=600.0 roundedY=600.0
count: 39
Vertex dir=3 q: 1 r: 2 x=718.5640646055101 roundedX=719.0 y=560.0 roundedY=560.0
count: 40
Vertex dir=4 q: 1 r: 2 x=649.282032302755 roundedX=649.0 y=600.0 roundedY=600.0
count: 41
Vertex dir=5 q: 1 r: 2 x=649.282032302755 roundedX=649.0 y=680.0 roundedY=680.0
count: 42
Vertex dir=0 q: 0 r: 2 x=580.0 roundedX=580.0 y=720.0 roundedY=720.0
count: 43
Vertex dir=1 q: 0 r: 2 x=649.282032302755 roundedX=649.0 y=680.0 roundedY=680.0
count: 44
Vertex dir=2 q: 0 r: 2 x=649.282032302755 roundedX=649.0 y=600.0 roundedY=600.0
count: 45
Vertex dir=3 q: 0 r: 2 x=580.0 roundedX=580.0 y=560.0 roundedY=560.0
count: 46
Vertex dir=4 q: 0 r: 2 x=510.71796769724494 roundedX=511.0 y=600.0 roundedY=600.0
count: 47
Vertex dir=5 q: 0 r: 2 x=510.71796769724494 roundedX=511.0 y=680.0 roundedY=680.0
count: 48
Vertex dir=0 q: -2 r: 1 x=372.1539030917347 roundedX=372.0 y=600.0 roundedY=600.0
count: 49
Vertex dir=1 q: -2 r: 1 x=441.4359353944898 roundedX=441.0 y=560.0 roundedY=560.0
count: 50
Vertex dir=2 q: -2 r: 1 x=441.43593539448983 roundedX=441.0 y=480.0 roundedY=480.0
count: 51
Vertex dir=3 q: -2 r: 1 x=372.1539030917347 roundedX=372.0 y=440.0 roundedY=440.0
count: 52
Vertex dir=4 q: -2 r: 1 x=302.87187078897966 roundedX=303.0 y=480.0 roundedY=480.0
count: 53
Vertex dir=5 q: -2 r: 1 x=302.87187078897966 roundedX=303.0 y=560.0 roundedY=560.0
count: 54
Vertex dir=0 q: -1 r: 2 x=441.43593539448983 roundedX=441.0 y=720.0 roundedY=720.0
count: 55
Vertex dir=1 q: -1 r: 2 x=510.71796769724494 roundedX=511.0 y=680.0 roundedY=680.0
count: 56
Vertex dir=2 q: -1 r: 2 x=510.71796769724494 roundedX=511.0 y=600.0 roundedY=600.0
count: 57
Vertex dir=3 q: -1 r: 2 x=441.43593539448983 roundedX=441.0 y=560.0 roundedY=560.0
count: 58
Vertex dir=4 q: -1 r: 2 x=372.1539030917347 roundedX=372.0 y=600.0 roundedY=600.0
count: 59
Vertex dir=5 q: -1 r: 2 x=372.1539030917347 roundedX=372.0 y=680.0 roundedY=680.0
count: 60
Vertex dir=0 q: 1 r: -2 x=718.5640646055101 roundedX=719.0 y=240.0 roundedY=240.0
count: 61
Vertex dir=1 q: 1 r: -2 x=787.8460969082652 roundedX=788.0 y=200.0 roundedY=200.0
count: 62
Vertex dir=2 q: 1 r: -2 x=787.8460969082652 roundedX=788.0 y=120.00000000000001 roundedY=120.0
count: 63
Vertex dir=3 q: 1 r: -2 x=718.5640646055101 roundedX=719.0 y=80.0 roundedY=80.0
count: 64
Vertex dir=4 q: 1 r: -2 x=649.282032302755 roundedX=649.0 y=119.99999999999997 roundedY=120.0
count: 65
Vertex dir=5 q: 1 r: -2 x=649.282032302755 roundedX=649.0 y=200.0 roundedY=200.0
count: 66
Vertex dir=0 q: -2 r: 0 x=302.87187078897966 roundedX=303.0 y=480.0 roundedY=480.0
count: 67
Vertex dir=1 q: -2 r: 0 x=372.1539030917347 roundedX=372.0 y=440.0 roundedY=440.0
count: 68
Vertex dir=2 q: -2 r: 0 x=372.1539030917348 roundedX=372.0 y=360.0 roundedY=360.0
count: 69
Vertex dir=3 q: -2 r: 0 x=302.87187078897966 roundedX=303.0 y=320.0 roundedY=320.0
count: 70
Vertex dir=4 q: -2 r: 0 x=233.58983848622458 roundedX=234.0 y=360.0 roundedY=360.0
count: 71
Vertex dir=5 q: -2 r: 0 x=233.58983848622458 roundedX=234.0 y=440.0 roundedY=440.0
count: 72
Vertex dir=0 q: -1 r: 1 x=510.71796769724494 roundedX=511.0 y=600.0 roundedY=600.0
count: 73
Vertex dir=1 q: -1 r: 1 x=580.0 roundedX=580.0 y=560.0 roundedY=560.0
count: 74
Vertex dir=2 q: -1 r: 1 x=580.0 roundedX=580.0 y=480.0 roundedY=480.0
count: 75
Vertex dir=3 q: -1 r: 1 x=510.71796769724494 roundedX=511.0 y=440.0 roundedY=440.0
count: 76
Vertex dir=4 q: -1 r: 1 x=441.4359353944899 roundedX=441.0 y=480.0 roundedY=480.0
count: 77
Vertex dir=5 q: -1 r: 1 x=441.4359353944899 roundedX=441.0 y=560.0 roundedY=560.0
count: 78
Vertex dir=0 q: -2 r: -1 x=372.1539030917347 roundedX=372.0 y=360.0 roundedY=360.0
count: 79
Vertex dir=1 q: -2 r: -1 x=441.4359353944898 roundedX=441.0 y=320.0 roundedY=320.0
count: 80
Vertex dir=2 q: -2 r: -1 x=441.43593539448983 roundedX=441.0 y=240.0 roundedY=240.0
count: 81
Vertex dir=3 q: -2 r: -1 x=372.1539030917347 roundedX=372.0 y=200.0 roundedY=200.0
count: 82
Vertex dir=4 q: -2 r: -1 x=302.87187078897966 roundedX=303.0 y=239.99999999999997 roundedY=240.0
count: 83
Vertex dir=5 q: -2 r: -1 x=302.87187078897966 roundedX=303.0 y=320.0 roundedY=320.0
count: 84
Vertex dir=0 q: 1 r: -1 x=787.8460969082653 roundedX=788.0 y=360.0 roundedY=360.0
count: 85
Vertex dir=1 q: 1 r: -1 x=857.1281292110203 roundedX=857.0 y=320.0 roundedY=320.0
count: 86
Vertex dir=2 q: 1 r: -1 x=857.1281292110203 roundedX=857.0 y=240.0 roundedY=240.0
count: 87
Vertex dir=3 q: 1 r: -1 x=787.8460969082653 roundedX=788.0 y=200.0 roundedY=200.0
count: 88
Vertex dir=4 q: 1 r: -1 x=718.5640646055102 roundedX=719.0 y=239.99999999999997 roundedY=240.0
count: 89
Vertex dir=5 q: 1 r: -1 x=718.5640646055102 roundedX=719.0 y=320.0 roundedY=320.0
count: 90
Vertex dir=0 q: -1 r: 0 x=441.43593539448983 roundedX=441.0 y=480.0 roundedY=480.0
count: 91
Vertex dir=1 q: -1 r: 0 x=510.71796769724494 roundedX=511.0 y=440.0 roundedY=440.0
count: 92
Vertex dir=2 q: -1 r: 0 x=510.71796769724494 roundedX=511.0 y=360.0 roundedY=360.0
count: 93
Vertex dir=3 q: -1 r: 0 x=441.43593539448983 roundedX=441.0 y=320.0 roundedY=320.0
count: 94
Vertex dir=4 q: -1 r: 0 x=372.1539030917347 roundedX=372.0 y=360.0 roundedY=360.0
count: 95
Vertex dir=5 q: -1 r: 0 x=372.1539030917347 roundedX=372.0 y=440.0 roundedY=440.0
count: 96
Vertex dir=0 q: 2 r: 0 x=857.1281292110203 roundedX=857.0 y=480.0 roundedY=480.0
count: 97
Vertex dir=1 q: 2 r: 0 x=926.4101615137754 roundedX=926.0 y=440.0 roundedY=440.0
count: 98
Vertex dir=2 q: 2 r: 0 x=926.4101615137754 roundedX=926.0 y=360.0 roundedY=360.0
count: 99
Vertex dir=3 q: 2 r: 0 x=857.1281292110203 roundedX=857.0 y=320.0 roundedY=320.0
count: 100
Vertex dir=4 q: 2 r: 0 x=787.8460969082653 roundedX=788.0 y=360.0 roundedY=360.0
count: 101
Vertex dir=5 q: 2 r: 0 x=787.8460969082653 roundedX=788.0 y=440.0 roundedY=440.0
count: 102
Vertex dir=0 q: -1 r: -1 x=510.71796769724494 roundedX=511.0 y=360.0 roundedY=360.0
count: 103
Vertex dir=1 q: -1 r: -1 x=580.0 roundedX=580.0 y=320.0 roundedY=320.0
count: 104
Vertex dir=2 q: -1 r: -1 x=580.0 roundedX=580.0 y=240.0 roundedY=240.0
count: 105
Vertex dir=3 q: -1 r: -1 x=510.71796769724494 roundedX=511.0 y=200.0 roundedY=200.0
count: 106
Vertex dir=4 q: -1 r: -1 x=441.4359353944899 roundedX=441.0 y=239.99999999999997 roundedY=240.0
count: 107
Vertex dir=5 q: -1 r: -1 x=441.4359353944899 roundedX=441.0 y=320.0 roundedY=320.0
count: 108
Vertex dir=0 q: 1 r: 0 x=718.5640646055101 roundedX=719.0 y=480.0 roundedY=480.0
count: 109
Vertex dir=1 q: 1 r: 0 x=787.8460969082652 roundedX=788.0 y=440.0 roundedY=440.0
count: 110
Vertex dir=2 q: 1 r: 0 x=787.8460969082652 roundedX=788.0 y=360.0 roundedY=360.0
count: 111
Vertex dir=3 q: 1 r: 0 x=718.5640646055101 roundedX=719.0 y=320.0 roundedY=320.0
count: 112
Vertex dir=4 q: 1 r: 0 x=649.282032302755 roundedX=649.0 y=360.0 roundedY=360.0
count: 113
Vertex dir=5 q: 1 r: 0 x=649.282032302755 roundedX=649.0 y=440.0 roundedY=440.0
count: 114
Key X: 580.0Key Y: 560.0, Value: [Vertex(0, 1, 5), Vertex(0, 2, 3), Vertex(-1, 1, 1)]
Key X: 857.0Key Y: 320.0, Value: [Vertex(1, -1, 1), Vertex(2, 0, 3)]
Key X: 719.0Key Y: 480.0, Value: [Vertex(1, 1, 4), Vertex(0, 1, 2), Vertex(1, 0, 0)]
Key X: 580.0Key Y: 720.0, Value: [Vertex(0, 2, 0)]
Key X: 719.0Key Y: 560.0, Value: [Vertex(1, 1, 5), Vertex(0, 1, 1), Vertex(1, 2, 3)]
Key X: 441.0Key Y: 80.0, Value: [Vertex(-1, -2, 3)]
Key X: 857.0Key Y: 480.0, Value: [Vertex(1, 1, 2), Vertex(2, 0, 0)]
Key X: 719.0Key Y: 720.0, Value: [Vertex(1, 2, 0)]
Key X: 857.0Key Y: 560.0, Value: [Vertex(1, 1, 1)]
Key X: 372.0Key Y: 120.0, Value: [Vertex(-1, -2, 4)]
Key X: 303.0Key Y: 240.0, Value: [Vertex(-2, -1, 4)]
Key X: 372.0Key Y: 200.0, Value: [Vertex(-1, -2, 5), Vertex(-2, -1, 3)]
Key X: 511.0Key Y: 120.0, Value: [Vertex(-1, -2, 2), Vertex(0, -2, 4)]
Key X: 303.0Key Y: 320.0, Value: [Vertex(-2, 0, 3), Vertex(-2, -1, 5)]
Key X: 649.0Key Y: 120.0, Value: [Vertex(0, -2, 2), Vertex(1, -2, 4)]
Key X: 441.0Key Y: 240.0, Value: [Vertex(-1, -2, 0), Vertex(-2, -1, 2), Vertex(-1, -1, 4)]
Key X: 372.0Key Y: 360.0, Value: [Vertex(-2, 0, 2), Vertex(-2, -1, 0), Vertex(-1, 0, 4)]
Key X: 511.0Key Y: 200.0, Value: [Vertex(-1, -2, 1), Vertex(0, -2, 5), Vertex(-1, -1, 3)]
Key X: 788.0Key Y: 120.0, Value: [Vertex(1, -2, 2)]
Key X: 303.0Key Y: 480.0, Value: [Vertex(-2, 1, 4), Vertex(-2, 0, 0)]
Key X: 441.0Key Y: 320.0, Value: [Vertex(-2, -1, 1), Vertex(-1, 0, 3), Vertex(-1, -1, 5)]
Key X: 649.0Key Y: 200.0, Value: [Vertex(0, -1, 3), Vertex(0, -2, 1), Vertex(1, -2, 5)]
Key X: 303.0Key Y: 560.0, Value: [Vertex(-2, 1, 5)]
Key X: 372.0Key Y: 440.0, Value: [Vertex(-2, 1, 3), Vertex(-2, 0, 1), Vertex(-1, 0, 5)]
Key X: 372.0Key Y: 600.0, Value: [Vertex(-2, 1, 0), Vertex(-1, 2, 4)]
Key X: 788.0Key Y: 200.0, Value: [Vertex(1, -2, 1), Vertex(1, -1, 3)]
Key X: 441.0Key Y: 480.0, Value: [Vertex(-2, 1, 2), Vertex(-1, 1, 4), Vertex(-1, 0, 0)]
Key X: 511.0Key Y: 360.0, Value: [Vertex(0, 0, 4), Vertex(-1, 0, 2), Vertex(-1, -1, 0)]
Key X: 441.0Key Y: 560.0, Value: [Vertex(-2, 1, 1), Vertex(-1, 2, 3), Vertex(-1, 1, 5)]
Key X: 372.0Key Y: 680.0, Value: [Vertex(-1, 2, 5)]
Key X: 511.0Key Y: 440.0, Value: [Vertex(0, 0, 5), Vertex(-1, 1, 3), Vertex(-1, 0, 1)]
Key X: 649.0Key Y: 360.0, Value: [Vertex(0, -1, 0), Vertex(0, 0, 2), Vertex(1, 0, 4)]
Key X: 441.0Key Y: 720.0, Value: [Vertex(-1, 2, 0)]
Key X: 788.0Key Y: 360.0, Value: [Vertex(1, -1, 0), Vertex(2, 0, 4), Vertex(1, 0, 2)]
Key X: 511.0Key Y: 600.0, Value: [Vertex(0, 2, 4), Vertex(-1, 2, 2), Vertex(-1, 1, 0)]
Key X: 649.0Key Y: 440.0, Value: [Vertex(0, 0, 1), Vertex(0, 1, 3), Vertex(1, 0, 5)]
Key X: 511.0Key Y: 680.0, Value: [Vertex(0, 2, 5), Vertex(-1, 2, 1)]
Key X: 926.0Key Y: 360.0, Value: [Vertex(2, 0, 2)]
Key X: 649.0Key Y: 600.0, Value: [Vertex(0, 1, 0), Vertex(1, 2, 4), Vertex(0, 2, 2)]
Key X: 788.0Key Y: 440.0, Value: [Vertex(1, 1, 3), Vertex(2, 0, 5), Vertex(1, 0, 1)]
Key X: 649.0Key Y: 680.0, Value: [Vertex(1, 2, 5), Vertex(0, 2, 1)]
Key X: 926.0Key Y: 440.0, Value: [Vertex(2, 0, 1)]
Key X: 788.0Key Y: 600.0, Value: [Vertex(1, 1, 0), Vertex(1, 2, 2)]
Key X: 788.0Key Y: 680.0, Value: [Vertex(1, 2, 1)]
Key X: 580.0Key Y: 80.0, Value: [Vertex(0, -2, 3)]
Key X: 719.0Key Y: 80.0, Value: [Vertex(1, -2, 3)]
Key X: 580.0Key Y: 240.0, Value: [Vertex(0, -1, 4), Vertex(0, -2, 0), Vertex(-1, -1, 2)]
Key X: 234.0Key Y: 360.0, Value: [Vertex(-2, 0, 4)]
Key X: 580.0Key Y: 320.0, Value: [Vertex(0, -1, 5), Vertex(0, 0, 3), Vertex(-1, -1, 1)]
Key X: 234.0Key Y: 440.0, Value: [Vertex(-2, 0, 5)]
Key X: 719.0Key Y: 240.0, Value: [Vertex(0, -1, 2), Vertex(1, -2, 0), Vertex(1, -1, 4)]
Key X: 857.0Key Y: 240.0, Value: [Vertex(1, -1, 2)]
Key X: 719.0Key Y: 320.0, Value: [Vertex(0, -1, 1), Vertex(1, -1, 5), Vertex(1, 0, 3)]
Key X: 580.0Key Y: 480.0, Value: [Vertex(0, 0, 0), Vertex(0, 1, 4), Vertex(-1, 1, 2)]
Berechnete einzigartige Vertices: 0
Berechnete einzigartige Edges: 72
✓ Authentisches CATAN-Board initialisiert: 54 Siedlungen, 72 Straßen
]]></system-out>
  </testcase>
  <testcase name="testTrading" classname="com.catan.model.CatanGameTest" time="0.036">
    <system-out><![CDATA[STANDARD_HEX_SET.size() = 19
Vertex dir=0 q: -1 r: -2 x=441.43593539448983 roundedX=441.0 y=240.0 roundedY=240.0
count: 1
Vertex dir=1 q: -1 r: -2 x=510.71796769724494 roundedX=511.0 y=200.0 roundedY=200.0
count: 2
Vertex dir=2 q: -1 r: -2 x=510.71796769724494 roundedX=511.0 y=120.00000000000001 roundedY=120.0
count: 3
Vertex dir=3 q: -1 r: -2 x=441.43593539448983 roundedX=441.0 y=80.0 roundedY=80.0
count: 4
Vertex dir=4 q: -1 r: -2 x=372.1539030917347 roundedX=372.0 y=119.99999999999997 roundedY=120.0
count: 5
Vertex dir=5 q: -1 r: -2 x=372.1539030917347 roundedX=372.0 y=200.0 roundedY=200.0
count: 6
Vertex dir=0 q: 0 r: -1 x=649.282032302755 roundedX=649.0 y=360.0 roundedY=360.0
count: 7
Vertex dir=1 q: 0 r: -1 x=718.5640646055101 roundedX=719.0 y=320.0 roundedY=320.0
count: 8
Vertex dir=2 q: 0 r: -1 x=718.5640646055101 roundedX=719.0 y=240.0 roundedY=240.0
count: 9
Vertex dir=3 q: 0 r: -1 x=649.282032302755 roundedX=649.0 y=200.0 roundedY=200.0
count: 10
Vertex dir=4 q: 0 r: -1 x=580.0 roundedX=580.0 y=239.99999999999997 roundedY=240.0
count: 11
Vertex dir=5 q: 0 r: -1 x=580.0 roundedX=580.0 y=320.0 roundedY=320.0
count: 12
Vertex dir=0 q: 0 r: 0 x=580.0 roundedX=580.0 y=480.0 roundedY=480.0
count: 13
Vertex dir=1 q: 0 r: 0 x=649.282032302755 roundedX=649.0 y=440.0 roundedY=440.0
count: 14
Vertex dir=2 q: 0 r: 0 x=649.282032302755 roundedX=649.0 y=360.0 roundedY=360.0
count: 15
Vertex dir=3 q: 0 r: 0 x=580.0 roundedX=580.0 y=320.0 roundedY=320.0
count: 16
Vertex dir=4 q: 0 r: 0 x=510.71796769724494 roundedX=511.0 y=360.0 roundedY=360.0
count: 17
Vertex dir=5 q: 0 r: 0 x=510.71796769724494 roundedX=511.0 y=440.0 roundedY=440.0
count: 18
Vertex dir=0 q: 1 r: 1 x=787.8460969082653 roundedX=788.0 y=600.0 roundedY=600.0
count: 19
Vertex dir=1 q: 1 r: 1 x=857.1281292110203 roundedX=857.0 y=560.0 roundedY=560.0
count: 20
Vertex dir=2 q: 1 r: 1 x=857.1281292110203 roundedX=857.0 y=480.0 roundedY=480.0
count: 21
Vertex dir=3 q: 1 r: 1 x=787.8460969082653 roundedX=788.0 y=440.0 roundedY=440.0
count: 22
Vertex dir=4 q: 1 r: 1 x=718.5640646055102 roundedX=719.0 y=480.0 roundedY=480.0
count: 23
Vertex dir=5 q: 1 r: 1 x=718.5640646055102 roundedX=719.0 y=560.0 roundedY=560.0
count: 24
Vertex dir=0 q: 0 r: -2 x=580.0 roundedX=580.0 y=240.0 roundedY=240.0
count: 25
Vertex dir=1 q: 0 r: -2 x=649.282032302755 roundedX=649.0 y=200.0 roundedY=200.0
count: 26
Vertex dir=2 q: 0 r: -2 x=649.282032302755 roundedX=649.0 y=120.00000000000001 roundedY=120.0
count: 27
Vertex dir=3 q: 0 r: -2 x=580.0 roundedX=580.0 y=80.0 roundedY=80.0
count: 28
Vertex dir=4 q: 0 r: -2 x=510.71796769724494 roundedX=511.0 y=119.99999999999997 roundedY=120.0
count: 29
Vertex dir=5 q: 0 r: -2 x=510.71796769724494 roundedX=511.0 y=200.0 roundedY=200.0
count: 30
Vertex dir=0 q: 0 r: 1 x=649.282032302755 roundedX=649.0 y=600.0 roundedY=600.0
count: 31
Vertex dir=1 q: 0 r: 1 x=718.5640646055101 roundedX=719.0 y=560.0 roundedY=560.0
count: 32
Vertex dir=2 q: 0 r: 1 x=718.5640646055101 roundedX=719.0 y=480.0 roundedY=480.0
count: 33
Vertex dir=3 q: 0 r: 1 x=649.282032302755 roundedX=649.0 y=440.0 roundedY=440.0
count: 34
Vertex dir=4 q: 0 r: 1 x=580.0 roundedX=580.0 y=480.0 roundedY=480.0
count: 35
Vertex dir=5 q: 0 r: 1 x=580.0 roundedX=580.0 y=560.0 roundedY=560.0
count: 36
Vertex dir=0 q: 1 r: 2 x=718.5640646055101 roundedX=719.0 y=720.0 roundedY=720.0
count: 37
Vertex dir=1 q: 1 r: 2 x=787.8460969082652 roundedX=788.0 y=680.0 roundedY=680.0
count: 38
Vertex dir=2 q: 1 r: 2 x=787.8460969082652 roundedX=788.0 y=600.0 roundedY=600.0
count: 39
Vertex dir=3 q: 1 r: 2 x=718.5640646055101 roundedX=719.0 y=560.0 roundedY=560.0
count: 40
Vertex dir=4 q: 1 r: 2 x=649.282032302755 roundedX=649.0 y=600.0 roundedY=600.0
count: 41
Vertex dir=5 q: 1 r: 2 x=649.282032302755 roundedX=649.0 y=680.0 roundedY=680.0
count: 42
Vertex dir=0 q: 0 r: 2 x=580.0 roundedX=580.0 y=720.0 roundedY=720.0
count: 43
Vertex dir=1 q: 0 r: 2 x=649.282032302755 roundedX=649.0 y=680.0 roundedY=680.0
count: 44
Vertex dir=2 q: 0 r: 2 x=649.282032302755 roundedX=649.0 y=600.0 roundedY=600.0
count: 45
Vertex dir=3 q: 0 r: 2 x=580.0 roundedX=580.0 y=560.0 roundedY=560.0
count: 46
Vertex dir=4 q: 0 r: 2 x=510.71796769724494 roundedX=511.0 y=600.0 roundedY=600.0
count: 47
Vertex dir=5 q: 0 r: 2 x=510.71796769724494 roundedX=511.0 y=680.0 roundedY=680.0
count: 48
Vertex dir=0 q: -2 r: 1 x=372.1539030917347 roundedX=372.0 y=600.0 roundedY=600.0
count: 49
Vertex dir=1 q: -2 r: 1 x=441.4359353944898 roundedX=441.0 y=560.0 roundedY=560.0
count: 50
Vertex dir=2 q: -2 r: 1 x=441.43593539448983 roundedX=441.0 y=480.0 roundedY=480.0
count: 51
Vertex dir=3 q: -2 r: 1 x=372.1539030917347 roundedX=372.0 y=440.0 roundedY=440.0
count: 52
Vertex dir=4 q: -2 r: 1 x=302.87187078897966 roundedX=303.0 y=480.0 roundedY=480.0
count: 53
Vertex dir=5 q: -2 r: 1 x=302.87187078897966 roundedX=303.0 y=560.0 roundedY=560.0
count: 54
Vertex dir=0 q: -1 r: 2 x=441.43593539448983 roundedX=441.0 y=720.0 roundedY=720.0
count: 55
Vertex dir=1 q: -1 r: 2 x=510.71796769724494 roundedX=511.0 y=680.0 roundedY=680.0
count: 56
Vertex dir=2 q: -1 r: 2 x=510.71796769724494 roundedX=511.0 y=600.0 roundedY=600.0
count: 57
Vertex dir=3 q: -1 r: 2 x=441.43593539448983 roundedX=441.0 y=560.0 roundedY=560.0
count: 58
Vertex dir=4 q: -1 r: 2 x=372.1539030917347 roundedX=372.0 y=600.0 roundedY=600.0
count: 59
Vertex dir=5 q: -1 r: 2 x=372.1539030917347 roundedX=372.0 y=680.0 roundedY=680.0
count: 60
Vertex dir=0 q: 1 r: -2 x=718.5640646055101 roundedX=719.0 y=240.0 roundedY=240.0
count: 61
Vertex dir=1 q: 1 r: -2 x=787.8460969082652 roundedX=788.0 y=200.0 roundedY=200.0
count: 62
Vertex dir=2 q: 1 r: -2 x=787.8460969082652 roundedX=788.0 y=120.00000000000001 roundedY=120.0
count: 63
Vertex dir=3 q: 1 r: -2 x=718.5640646055101 roundedX=719.0 y=80.0 roundedY=80.0
count: 64
Vertex dir=4 q: 1 r: -2 x=649.282032302755 roundedX=649.0 y=119.99999999999997 roundedY=120.0
count: 65
Vertex dir=5 q: 1 r: -2 x=649.282032302755 roundedX=649.0 y=200.0 roundedY=200.0
count: 66
Vertex dir=0 q: -2 r: 0 x=302.87187078897966 roundedX=303.0 y=480.0 roundedY=480.0
count: 67
Vertex dir=1 q: -2 r: 0 x=372.1539030917347 roundedX=372.0 y=440.0 roundedY=440.0
count: 68
Vertex dir=2 q: -2 r: 0 x=372.1539030917348 roundedX=372.0 y=360.0 roundedY=360.0
count: 69
Vertex dir=3 q: -2 r: 0 x=302.87187078897966 roundedX=303.0 y=320.0 roundedY=320.0
count: 70
Vertex dir=4 q: -2 r: 0 x=233.58983848622458 roundedX=234.0 y=360.0 roundedY=360.0
count: 71
Vertex dir=5 q: -2 r: 0 x=233.58983848622458 roundedX=234.0 y=440.0 roundedY=440.0
count: 72
Vertex dir=0 q: -1 r: 1 x=510.71796769724494 roundedX=511.0 y=600.0 roundedY=600.0
count: 73
Vertex dir=1 q: -1 r: 1 x=580.0 roundedX=580.0 y=560.0 roundedY=560.0
count: 74
Vertex dir=2 q: -1 r: 1 x=580.0 roundedX=580.0 y=480.0 roundedY=480.0
count: 75
Vertex dir=3 q: -1 r: 1 x=510.71796769724494 roundedX=511.0 y=440.0 roundedY=440.0
count: 76
Vertex dir=4 q: -1 r: 1 x=441.4359353944899 roundedX=441.0 y=480.0 roundedY=480.0
count: 77
Vertex dir=5 q: -1 r: 1 x=441.4359353944899 roundedX=441.0 y=560.0 roundedY=560.0
count: 78
Vertex dir=0 q: -2 r: -1 x=372.1539030917347 roundedX=372.0 y=360.0 roundedY=360.0
count: 79
Vertex dir=1 q: -2 r: -1 x=441.4359353944898 roundedX=441.0 y=320.0 roundedY=320.0
count: 80
Vertex dir=2 q: -2 r: -1 x=441.43593539448983 roundedX=441.0 y=240.0 roundedY=240.0
count: 81
Vertex dir=3 q: -2 r: -1 x=372.1539030917347 roundedX=372.0 y=200.0 roundedY=200.0
count: 82
Vertex dir=4 q: -2 r: -1 x=302.87187078897966 roundedX=303.0 y=239.99999999999997 roundedY=240.0
count: 83
Vertex dir=5 q: -2 r: -1 x=302.87187078897966 roundedX=303.0 y=320.0 roundedY=320.0
count: 84
Vertex dir=0 q: 1 r: -1 x=787.8460969082653 roundedX=788.0 y=360.0 roundedY=360.0
count: 85
Vertex dir=1 q: 1 r: -1 x=857.1281292110203 roundedX=857.0 y=320.0 roundedY=320.0
count: 86
Vertex dir=2 q: 1 r: -1 x=857.1281292110203 roundedX=857.0 y=240.0 roundedY=240.0
count: 87
Vertex dir=3 q: 1 r: -1 x=787.8460969082653 roundedX=788.0 y=200.0 roundedY=200.0
count: 88
Vertex dir=4 q: 1 r: -1 x=718.5640646055102 roundedX=719.0 y=239.99999999999997 roundedY=240.0
count: 89
Vertex dir=5 q: 1 r: -1 x=718.5640646055102 roundedX=719.0 y=320.0 roundedY=320.0
count: 90
Vertex dir=0 q: -1 r: 0 x=441.43593539448983 roundedX=441.0 y=480.0 roundedY=480.0
count: 91
Vertex dir=1 q: -1 r: 0 x=510.71796769724494 roundedX=511.0 y=440.0 roundedY=440.0
count: 92
Vertex dir=2 q: -1 r: 0 x=510.71796769724494 roundedX=511.0 y=360.0 roundedY=360.0
count: 93
Vertex dir=3 q: -1 r: 0 x=441.43593539448983 roundedX=441.0 y=320.0 roundedY=320.0
count: 94
Vertex dir=4 q: -1 r: 0 x=372.1539030917347 roundedX=372.0 y=360.0 roundedY=360.0
count: 95
Vertex dir=5 q: -1 r: 0 x=372.1539030917347 roundedX=372.0 y=440.0 roundedY=440.0
count: 96
Vertex dir=0 q: 2 r: 0 x=857.1281292110203 roundedX=857.0 y=480.0 roundedY=480.0
count: 97
Vertex dir=1 q: 2 r: 0 x=926.4101615137754 roundedX=926.0 y=440.0 roundedY=440.0
count: 98
Vertex dir=2 q: 2 r: 0 x=926.4101615137754 roundedX=926.0 y=360.0 roundedY=360.0
count: 99
Vertex dir=3 q: 2 r: 0 x=857.1281292110203 roundedX=857.0 y=320.0 roundedY=320.0
count: 100
Vertex dir=4 q: 2 r: 0 x=787.8460969082653 roundedX=788.0 y=360.0 roundedY=360.0
count: 101
Vertex dir=5 q: 2 r: 0 x=787.8460969082653 roundedX=788.0 y=440.0 roundedY=440.0
count: 102
Vertex dir=0 q: -1 r: -1 x=510.71796769724494 roundedX=511.0 y=360.0 roundedY=360.0
count: 103
Vertex dir=1 q: -1 r: -1 x=580.0 roundedX=580.0 y=320.0 roundedY=320.0
count: 104
Vertex dir=2 q: -1 r: -1 x=580.0 roundedX=580.0 y=240.0 roundedY=240.0
count: 105
Vertex dir=3 q: -1 r: -1 x=510.71796769724494 roundedX=511.0 y=200.0 roundedY=200.0
count: 106
Vertex dir=4 q: -1 r: -1 x=441.4359353944899 roundedX=441.0 y=239.99999999999997 roundedY=240.0
count: 107
Vertex dir=5 q: -1 r: -1 x=441.4359353944899 roundedX=441.0 y=320.0 roundedY=320.0
count: 108
Vertex dir=0 q: 1 r: 0 x=718.5640646055101 roundedX=719.0 y=480.0 roundedY=480.0
count: 109
Vertex dir=1 q: 1 r: 0 x=787.8460969082652 roundedX=788.0 y=440.0 roundedY=440.0
count: 110
Vertex dir=2 q: 1 r: 0 x=787.8460969082652 roundedX=788.0 y=360.0 roundedY=360.0
count: 111
Vertex dir=3 q: 1 r: 0 x=718.5640646055101 roundedX=719.0 y=320.0 roundedY=320.0
count: 112
Vertex dir=4 q: 1 r: 0 x=649.282032302755 roundedX=649.0 y=360.0 roundedY=360.0
count: 113
Vertex dir=5 q: 1 r: 0 x=649.282032302755 roundedX=649.0 y=440.0 roundedY=440.0
count: 114
Key X: 580.0Key Y: 560.0, Value: [Vertex(0, 1, 5), Vertex(0, 2, 3), Vertex(-1, 1, 1)]
Key X: 857.0Key Y: 320.0, Value: [Vertex(1, -1, 1), Vertex(2, 0, 3)]
Key X: 719.0Key Y: 480.0, Value: [Vertex(1, 1, 4), Vertex(0, 1, 2), Vertex(1, 0, 0)]
Key X: 580.0Key Y: 720.0, Value: [Vertex(0, 2, 0)]
Key X: 719.0Key Y: 560.0, Value: [Vertex(1, 1, 5), Vertex(0, 1, 1), Vertex(1, 2, 3)]
Key X: 441.0Key Y: 80.0, Value: [Vertex(-1, -2, 3)]
Key X: 857.0Key Y: 480.0, Value: [Vertex(1, 1, 2), Vertex(2, 0, 0)]
Key X: 719.0Key Y: 720.0, Value: [Vertex(1, 2, 0)]
Key X: 857.0Key Y: 560.0, Value: [Vertex(1, 1, 1)]
Key X: 372.0Key Y: 120.0, Value: [Vertex(-1, -2, 4)]
Key X: 303.0Key Y: 240.0, Value: [Vertex(-2, -1, 4)]
Key X: 372.0Key Y: 200.0, Value: [Vertex(-1, -2, 5), Vertex(-2, -1, 3)]
Key X: 511.0Key Y: 120.0, Value: [Vertex(-1, -2, 2), Vertex(0, -2, 4)]
Key X: 303.0Key Y: 320.0, Value: [Vertex(-2, 0, 3), Vertex(-2, -1, 5)]
Key X: 649.0Key Y: 120.0, Value: [Vertex(0, -2, 2), Vertex(1, -2, 4)]
Key X: 441.0Key Y: 240.0, Value: [Vertex(-1, -2, 0), Vertex(-2, -1, 2), Vertex(-1, -1, 4)]
Key X: 372.0Key Y: 360.0, Value: [Vertex(-2, 0, 2), Vertex(-2, -1, 0), Vertex(-1, 0, 4)]
Key X: 511.0Key Y: 200.0, Value: [Vertex(-1, -2, 1), Vertex(0, -2, 5), Vertex(-1, -1, 3)]
Key X: 788.0Key Y: 120.0, Value: [Vertex(1, -2, 2)]
Key X: 303.0Key Y: 480.0, Value: [Vertex(-2, 1, 4), Vertex(-2, 0, 0)]
Key X: 441.0Key Y: 320.0, Value: [Vertex(-2, -1, 1), Vertex(-1, 0, 3), Vertex(-1, -1, 5)]
Key X: 649.0Key Y: 200.0, Value: [Vertex(0, -1, 3), Vertex(0, -2, 1), Vertex(1, -2, 5)]
Key X: 303.0Key Y: 560.0, Value: [Vertex(-2, 1, 5)]
Key X: 372.0Key Y: 440.0, Value: [Vertex(-2, 1, 3), Vertex(-2, 0, 1), Vertex(-1, 0, 5)]
Key X: 372.0Key Y: 600.0, Value: [Vertex(-2, 1, 0), Vertex(-1, 2, 4)]
Key X: 788.0Key Y: 200.0, Value: [Vertex(1, -2, 1), Vertex(1, -1, 3)]
Key X: 441.0Key Y: 480.0, Value: [Vertex(-2, 1, 2), Vertex(-1, 1, 4), Vertex(-1, 0, 0)]
Key X: 511.0Key Y: 360.0, Value: [Vertex(0, 0, 4), Vertex(-1, 0, 2), Vertex(-1, -1, 0)]
Key X: 441.0Key Y: 560.0, Value: [Vertex(-2, 1, 1), Vertex(-1, 2, 3), Vertex(-1, 1, 5)]
Key X: 372.0Key Y: 680.0, Value: [Vertex(-1, 2, 5)]
Key X: 511.0Key Y: 440.0, Value: [Vertex(0, 0, 5), Vertex(-1, 1, 3), Vertex(-1, 0, 1)]
Key X: 649.0Key Y: 360.0, Value: [Vertex(0, -1, 0), Vertex(0, 0, 2), Vertex(1, 0, 4)]
Key X: 441.0Key Y: 720.0, Value: [Vertex(-1, 2, 0)]
Key X: 788.0Key Y: 360.0, Value: [Vertex(1, -1, 0), Vertex(2, 0, 4), Vertex(1, 0, 2)]
Key X: 511.0Key Y: 600.0, Value: [Vertex(0, 2, 4), Vertex(-1, 2, 2), Vertex(-1, 1, 0)]
Key X: 649.0Key Y: 440.0, Value: [Vertex(0, 0, 1), Vertex(0, 1, 3), Vertex(1, 0, 5)]
Key X: 511.0Key Y: 680.0, Value: [Vertex(0, 2, 5), Vertex(-1, 2, 1)]
Key X: 926.0Key Y: 360.0, Value: [Vertex(2, 0, 2)]
Key X: 649.0Key Y: 600.0, Value: [Vertex(0, 1, 0), Vertex(1, 2, 4), Vertex(0, 2, 2)]
Key X: 788.0Key Y: 440.0, Value: [Vertex(1, 1, 3), Vertex(2, 0, 5), Vertex(1, 0, 1)]
Key X: 649.0Key Y: 680.0, Value: [Vertex(1, 2, 5), Vertex(0, 2, 1)]
Key X: 926.0Key Y: 440.0, Value: [Vertex(2, 0, 1)]
Key X: 788.0Key Y: 600.0, Value: [Vertex(1, 1, 0), Vertex(1, 2, 2)]
Key X: 788.0Key Y: 680.0, Value: [Vertex(1, 2, 1)]
Key X: 580.0Key Y: 80.0, Value: [Vertex(0, -2, 3)]
Key X: 719.0Key Y: 80.0, Value: [Vertex(1, -2, 3)]
Key X: 580.0Key Y: 240.0, Value: [Vertex(0, -1, 4), Vertex(0, -2, 0), Vertex(-1, -1, 2)]
Key X: 234.0Key Y: 360.0, Value: [Vertex(-2, 0, 4)]
Key X: 580.0Key Y: 320.0, Value: [Vertex(0, -1, 5), Vertex(0, 0, 3), Vertex(-1, -1, 1)]
Key X: 234.0Key Y: 440.0, Value: [Vertex(-2, 0, 5)]
Key X: 719.0Key Y: 240.0, Value: [Vertex(0, -1, 2), Vertex(1, -2, 0), Vertex(1, -1, 4)]
Key X: 857.0Key Y: 240.0, Value: [Vertex(1, -1, 2)]
Key X: 719.0Key Y: 320.0, Value: [Vertex(0, -1, 1), Vertex(1, -1, 5), Vertex(1, 0, 3)]
Key X: 580.0Key Y: 480.0, Value: [Vertex(0, 0, 0), Vertex(0, 1, 4), Vertex(-1, 1, 2)]
Berechnete einzigartige Vertices: 0
Berechnete einzigartige Edges: 72
✓ Authentisches CATAN-Board initialisiert: 54 Siedlungen, 72 Straßen
]]></system-out>
  </testcase>
  <testcase name="testGameInitialization" classname="com.catan.model.CatanGameTest" time="0.028">
    <system-out><![CDATA[STANDARD_HEX_SET.size() = 19
Vertex dir=0 q: -1 r: -2 x=441.43593539448983 roundedX=441.0 y=240.0 roundedY=240.0
count: 1
Vertex dir=1 q: -1 r: -2 x=510.71796769724494 roundedX=511.0 y=200.0 roundedY=200.0
count: 2
Vertex dir=2 q: -1 r: -2 x=510.71796769724494 roundedX=511.0 y=120.00000000000001 roundedY=120.0
count: 3
Vertex dir=3 q: -1 r: -2 x=441.43593539448983 roundedX=441.0 y=80.0 roundedY=80.0
count: 4
Vertex dir=4 q: -1 r: -2 x=372.1539030917347 roundedX=372.0 y=119.99999999999997 roundedY=120.0
count: 5
Vertex dir=5 q: -1 r: -2 x=372.1539030917347 roundedX=372.0 y=200.0 roundedY=200.0
count: 6
Vertex dir=0 q: 0 r: -1 x=649.282032302755 roundedX=649.0 y=360.0 roundedY=360.0
count: 7
Vertex dir=1 q: 0 r: -1 x=718.5640646055101 roundedX=719.0 y=320.0 roundedY=320.0
count: 8
Vertex dir=2 q: 0 r: -1 x=718.5640646055101 roundedX=719.0 y=240.0 roundedY=240.0
count: 9
Vertex dir=3 q: 0 r: -1 x=649.282032302755 roundedX=649.0 y=200.0 roundedY=200.0
count: 10
Vertex dir=4 q: 0 r: -1 x=580.0 roundedX=580.0 y=239.99999999999997 roundedY=240.0
count: 11
Vertex dir=5 q: 0 r: -1 x=580.0 roundedX=580.0 y=320.0 roundedY=320.0
count: 12
Vertex dir=0 q: 0 r: 0 x=580.0 roundedX=580.0 y=480.0 roundedY=480.0
count: 13
Vertex dir=1 q: 0 r: 0 x=649.282032302755 roundedX=649.0 y=440.0 roundedY=440.0
count: 14
Vertex dir=2 q: 0 r: 0 x=649.282032302755 roundedX=649.0 y=360.0 roundedY=360.0
count: 15
Vertex dir=3 q: 0 r: 0 x=580.0 roundedX=580.0 y=320.0 roundedY=320.0
count: 16
Vertex dir=4 q: 0 r: 0 x=510.71796769724494 roundedX=511.0 y=360.0 roundedY=360.0
count: 17
Vertex dir=5 q: 0 r: 0 x=510.71796769724494 roundedX=511.0 y=440.0 roundedY=440.0
count: 18
Vertex dir=0 q: 1 r: 1 x=787.8460969082653 roundedX=788.0 y=600.0 roundedY=600.0
count: 19
Vertex dir=1 q: 1 r: 1 x=857.1281292110203 roundedX=857.0 y=560.0 roundedY=560.0
count: 20
Vertex dir=2 q: 1 r: 1 x=857.1281292110203 roundedX=857.0 y=480.0 roundedY=480.0
count: 21
Vertex dir=3 q: 1 r: 1 x=787.8460969082653 roundedX=788.0 y=440.0 roundedY=440.0
count: 22
Vertex dir=4 q: 1 r: 1 x=718.5640646055102 roundedX=719.0 y=480.0 roundedY=480.0
count: 23
Vertex dir=5 q: 1 r: 1 x=718.5640646055102 roundedX=719.0 y=560.0 roundedY=560.0
count: 24
Vertex dir=0 q: 0 r: -2 x=580.0 roundedX=580.0 y=240.0 roundedY=240.0
count: 25
Vertex dir=1 q: 0 r: -2 x=649.282032302755 roundedX=649.0 y=200.0 roundedY=200.0
count: 26
Vertex dir=2 q: 0 r: -2 x=649.282032302755 roundedX=649.0 y=120.00000000000001 roundedY=120.0
count: 27
Vertex dir=3 q: 0 r: -2 x=580.0 roundedX=580.0 y=80.0 roundedY=80.0
count: 28
Vertex dir=4 q: 0 r: -2 x=510.71796769724494 roundedX=511.0 y=119.99999999999997 roundedY=120.0
count: 29
Vertex dir=5 q: 0 r: -2 x=510.71796769724494 roundedX=511.0 y=200.0 roundedY=200.0
count: 30
Vertex dir=0 q: 0 r: 1 x=649.282032302755 roundedX=649.0 y=600.0 roundedY=600.0
count: 31
Vertex dir=1 q: 0 r: 1 x=718.5640646055101 roundedX=719.0 y=560.0 roundedY=560.0
count: 32
Vertex dir=2 q: 0 r: 1 x=718.5640646055101 roundedX=719.0 y=480.0 roundedY=480.0
count: 33
Vertex dir=3 q: 0 r: 1 x=649.282032302755 roundedX=649.0 y=440.0 roundedY=440.0
count: 34
Vertex dir=4 q: 0 r: 1 x=580.0 roundedX=580.0 y=480.0 roundedY=480.0
count: 35
Vertex dir=5 q: 0 r: 1 x=580.0 roundedX=580.0 y=560.0 roundedY=560.0
count: 36
Vertex dir=0 q: 1 r: 2 x=718.5640646055101 roundedX=719.0 y=720.0 roundedY=720.0
count: 37
Vertex dir=1 q: 1 r: 2 x=787.8460969082652 roundedX=788.0 y=680.0 roundedY=680.0
count: 38
Vertex dir=2 q: 1 r: 2 x=787.8460969082652 roundedX=788.0 y=600.0 roundedY=600.0
count: 39
Vertex dir=3 q: 1 r: 2 x=718.5640646055101 roundedX=719.0 y=560.0 roundedY=560.0
count: 40
Vertex dir=4 q: 1 r: 2 x=649.282032302755 roundedX=649.0 y=600.0 roundedY=600.0
count: 41
Vertex dir=5 q: 1 r: 2 x=649.282032302755 roundedX=649.0 y=680.0 roundedY=680.0
count: 42
Vertex dir=0 q: 0 r: 2 x=580.0 roundedX=580.0 y=720.0 roundedY=720.0
count: 43
Vertex dir=1 q: 0 r: 2 x=649.282032302755 roundedX=649.0 y=680.0 roundedY=680.0
count: 44
Vertex dir=2 q: 0 r: 2 x=649.282032302755 roundedX=649.0 y=600.0 roundedY=600.0
count: 45
Vertex dir=3 q: 0 r: 2 x=580.0 roundedX=580.0 y=560.0 roundedY=560.0
count: 46
Vertex dir=4 q: 0 r: 2 x=510.71796769724494 roundedX=511.0 y=600.0 roundedY=600.0
count: 47
Vertex dir=5 q: 0 r: 2 x=510.71796769724494 roundedX=511.0 y=680.0 roundedY=680.0
count: 48
Vertex dir=0 q: -2 r: 1 x=372.1539030917347 roundedX=372.0 y=600.0 roundedY=600.0
count: 49
Vertex dir=1 q: -2 r: 1 x=441.4359353944898 roundedX=441.0 y=560.0 roundedY=560.0
count: 50
Vertex dir=2 q: -2 r: 1 x=441.43593539448983 roundedX=441.0 y=480.0 roundedY=480.0
count: 51
Vertex dir=3 q: -2 r: 1 x=372.1539030917347 roundedX=372.0 y=440.0 roundedY=440.0
count: 52
Vertex dir=4 q: -2 r: 1 x=302.87187078897966 roundedX=303.0 y=480.0 roundedY=480.0
count: 53
Vertex dir=5 q: -2 r: 1 x=302.87187078897966 roundedX=303.0 y=560.0 roundedY=560.0
count: 54
Vertex dir=0 q: -1 r: 2 x=441.43593539448983 roundedX=441.0 y=720.0 roundedY=720.0
count: 55
Vertex dir=1 q: -1 r: 2 x=510.71796769724494 roundedX=511.0 y=680.0 roundedY=680.0
count: 56
Vertex dir=2 q: -1 r: 2 x=510.71796769724494 roundedX=511.0 y=600.0 roundedY=600.0
count: 57
Vertex dir=3 q: -1 r: 2 x=441.43593539448983 roundedX=441.0 y=560.0 roundedY=560.0
count: 58
Vertex dir=4 q: -1 r: 2 x=372.1539030917347 roundedX=372.0 y=600.0 roundedY=600.0
count: 59
Vertex dir=5 q: -1 r: 2 x=372.1539030917347 roundedX=372.0 y=680.0 roundedY=680.0
count: 60
Vertex dir=0 q: 1 r: -2 x=718.5640646055101 roundedX=719.0 y=240.0 roundedY=240.0
count: 61
Vertex dir=1 q: 1 r: -2 x=787.8460969082652 roundedX=788.0 y=200.0 roundedY=200.0
count: 62
Vertex dir=2 q: 1 r: -2 x=787.8460969082652 roundedX=788.0 y=120.00000000000001 roundedY=120.0
count: 63
Vertex dir=3 q: 1 r: -2 x=718.5640646055101 roundedX=719.0 y=80.0 roundedY=80.0
count: 64
Vertex dir=4 q: 1 r: -2 x=649.282032302755 roundedX=649.0 y=119.99999999999997 roundedY=120.0
count: 65
Vertex dir=5 q: 1 r: -2 x=649.282032302755 roundedX=649.0 y=200.0 roundedY=200.0
count: 66
Vertex dir=0 q: -2 r: 0 x=302.87187078897966 roundedX=303.0 y=480.0 roundedY=480.0
count: 67
Vertex dir=1 q: -2 r: 0 x=372.1539030917347 roundedX=372.0 y=440.0 roundedY=440.0
count: 68
Vertex dir=2 q: -2 r: 0 x=372.1539030917348 roundedX=372.0 y=360.0 roundedY=360.0
count: 69
Vertex dir=3 q: -2 r: 0 x=302.87187078897966 roundedX=303.0 y=320.0 roundedY=320.0
count: 70
Vertex dir=4 q: -2 r: 0 x=233.58983848622458 roundedX=234.0 y=360.0 roundedY=360.0
count: 71
Vertex dir=5 q: -2 r: 0 x=233.58983848622458 roundedX=234.0 y=440.0 roundedY=440.0
count: 72
Vertex dir=0 q: -1 r: 1 x=510.71796769724494 roundedX=511.0 y=600.0 roundedY=600.0
count: 73
Vertex dir=1 q: -1 r: 1 x=580.0 roundedX=580.0 y=560.0 roundedY=560.0
count: 74
Vertex dir=2 q: -1 r: 1 x=580.0 roundedX=580.0 y=480.0 roundedY=480.0
count: 75
Vertex dir=3 q: -1 r: 1 x=510.71796769724494 roundedX=511.0 y=440.0 roundedY=440.0
count: 76
Vertex dir=4 q: -1 r: 1 x=441.4359353944899 roundedX=441.0 y=480.0 roundedY=480.0
count: 77
Vertex dir=5 q: -1 r: 1 x=441.4359353944899 roundedX=441.0 y=560.0 roundedY=560.0
count: 78
Vertex dir=0 q: -2 r: -1 x=372.1539030917347 roundedX=372.0 y=360.0 roundedY=360.0
count: 79
Vertex dir=1 q: -2 r: -1 x=441.4359353944898 roundedX=441.0 y=320.0 roundedY=320.0
count: 80
Vertex dir=2 q: -2 r: -1 x=441.43593539448983 roundedX=441.0 y=240.0 roundedY=240.0
count: 81
Vertex dir=3 q: -2 r: -1 x=372.1539030917347 roundedX=372.0 y=200.0 roundedY=200.0
count: 82
Vertex dir=4 q: -2 r: -1 x=302.87187078897966 roundedX=303.0 y=239.99999999999997 roundedY=240.0
count: 83
Vertex dir=5 q: -2 r: -1 x=302.87187078897966 roundedX=303.0 y=320.0 roundedY=320.0
count: 84
Vertex dir=0 q: 1 r: -1 x=787.8460969082653 roundedX=788.0 y=360.0 roundedY=360.0
count: 85
Vertex dir=1 q: 1 r: -1 x=857.1281292110203 roundedX=857.0 y=320.0 roundedY=320.0
count: 86
Vertex dir=2 q: 1 r: -1 x=857.1281292110203 roundedX=857.0 y=240.0 roundedY=240.0
count: 87
Vertex dir=3 q: 1 r: -1 x=787.8460969082653 roundedX=788.0 y=200.0 roundedY=200.0
count: 88
Vertex dir=4 q: 1 r: -1 x=718.5640646055102 roundedX=719.0 y=239.99999999999997 roundedY=240.0
count: 89
Vertex dir=5 q: 1 r: -1 x=718.5640646055102 roundedX=719.0 y=320.0 roundedY=320.0
count: 90
Vertex dir=0 q: -1 r: 0 x=441.43593539448983 roundedX=441.0 y=480.0 roundedY=480.0
count: 91
Vertex dir=1 q: -1 r: 0 x=510.71796769724494 roundedX=511.0 y=440.0 roundedY=440.0
count: 92
Vertex dir=2 q: -1 r: 0 x=510.71796769724494 roundedX=511.0 y=360.0 roundedY=360.0
count: 93
Vertex dir=3 q: -1 r: 0 x=441.43593539448983 roundedX=441.0 y=320.0 roundedY=320.0
count: 94
Vertex dir=4 q: -1 r: 0 x=372.1539030917347 roundedX=372.0 y=360.0 roundedY=360.0
count: 95
Vertex dir=5 q: -1 r: 0 x=372.1539030917347 roundedX=372.0 y=440.0 roundedY=440.0
count: 96
Vertex dir=0 q: 2 r: 0 x=857.1281292110203 roundedX=857.0 y=480.0 roundedY=480.0
count: 97
Vertex dir=1 q: 2 r: 0 x=926.4101615137754 roundedX=926.0 y=440.0 roundedY=440.0
count: 98
Vertex dir=2 q: 2 r: 0 x=926.4101615137754 roundedX=926.0 y=360.0 roundedY=360.0
count: 99
Vertex dir=3 q: 2 r: 0 x=857.1281292110203 roundedX=857.0 y=320.0 roundedY=320.0
count: 100
Vertex dir=4 q: 2 r: 0 x=787.8460969082653 roundedX=788.0 y=360.0 roundedY=360.0
count: 101
Vertex dir=5 q: 2 r: 0 x=787.8460969082653 roundedX=788.0 y=440.0 roundedY=440.0
count: 102
Vertex dir=0 q: -1 r: -1 x=510.71796769724494 roundedX=511.0 y=360.0 roundedY=360.0
count: 103
Vertex dir=1 q: -1 r: -1 x=580.0 roundedX=580.0 y=320.0 roundedY=320.0
count: 104
Vertex dir=2 q: -1 r: -1 x=580.0 roundedX=580.0 y=240.0 roundedY=240.0
count: 105
Vertex dir=3 q: -1 r: -1 x=510.71796769724494 roundedX=511.0 y=200.0 roundedY=200.0
count: 106
Vertex dir=4 q: -1 r: -1 x=441.4359353944899 roundedX=441.0 y=239.99999999999997 roundedY=240.0
count: 107
Vertex dir=5 q: -1 r: -1 x=441.4359353944899 roundedX=441.0 y=320.0 roundedY=320.0
count: 108
Vertex dir=0 q: 1 r: 0 x=718.5640646055101 roundedX=719.0 y=480.0 roundedY=480.0
count: 109
Vertex dir=1 q: 1 r: 0 x=787.8460969082652 roundedX=788.0 y=440.0 roundedY=440.0
count: 110
Vertex dir=2 q: 1 r: 0 x=787.8460969082652 roundedX=788.0 y=360.0 roundedY=360.0
count: 111
Vertex dir=3 q: 1 r: 0 x=718.5640646055101 roundedX=719.0 y=320.0 roundedY=320.0
count: 112
Vertex dir=4 q: 1 r: 0 x=649.282032302755 roundedX=649.0 y=360.0 roundedY=360.0
count: 113
Vertex dir=5 q: 1 r: 0 x=649.282032302755 roundedX=649.0 y=440.0 roundedY=440.0
count: 114
Key X: 580.0Key Y: 560.0, Value: [Vertex(0, 1, 5), Vertex(0, 2, 3), Vertex(-1, 1, 1)]
Key X: 857.0Key Y: 320.0, Value: [Vertex(1, -1, 1), Vertex(2, 0, 3)]
Key X: 719.0Key Y: 480.0, Value: [Vertex(1, 1, 4), Vertex(0, 1, 2), Vertex(1, 0, 0)]
Key X: 580.0Key Y: 720.0, Value: [Vertex(0, 2, 0)]
Key X: 719.0Key Y: 560.0, Value: [Vertex(1, 1, 5), Vertex(0, 1, 1), Vertex(1, 2, 3)]
Key X: 441.0Key Y: 80.0, Value: [Vertex(-1, -2, 3)]
Key X: 857.0Key Y: 480.0, Value: [Vertex(1, 1, 2), Vertex(2, 0, 0)]
Key X: 719.0Key Y: 720.0, Value: [Vertex(1, 2, 0)]
Key X: 857.0Key Y: 560.0, Value: [Vertex(1, 1, 1)]
Key X: 372.0Key Y: 120.0, Value: [Vertex(-1, -2, 4)]
Key X: 303.0Key Y: 240.0, Value: [Vertex(-2, -1, 4)]
Key X: 372.0Key Y: 200.0, Value: [Vertex(-1, -2, 5), Vertex(-2, -1, 3)]
Key X: 511.0Key Y: 120.0, Value: [Vertex(-1, -2, 2), Vertex(0, -2, 4)]
Key X: 303.0Key Y: 320.0, Value: [Vertex(-2, 0, 3), Vertex(-2, -1, 5)]
Key X: 649.0Key Y: 120.0, Value: [Vertex(0, -2, 2), Vertex(1, -2, 4)]
Key X: 441.0Key Y: 240.0, Value: [Vertex(-1, -2, 0), Vertex(-2, -1, 2), Vertex(-1, -1, 4)]
Key X: 372.0Key Y: 360.0, Value: [Vertex(-2, 0, 2), Vertex(-2, -1, 0), Vertex(-1, 0, 4)]
Key X: 511.0Key Y: 200.0, Value: [Vertex(-1, -2, 1), Vertex(0, -2, 5), Vertex(-1, -1, 3)]
Key X: 788.0Key Y: 120.0, Value: [Vertex(1, -2, 2)]
Key X: 303.0Key Y: 480.0, Value: [Vertex(-2, 1, 4), Vertex(-2, 0, 0)]
Key X: 441.0Key Y: 320.0, Value: [Vertex(-2, -1, 1), Vertex(-1, 0, 3), Vertex(-1, -1, 5)]
Key X: 649.0Key Y: 200.0, Value: [Vertex(0, -1, 3), Vertex(0, -2, 1), Vertex(1, -2, 5)]
Key X: 303.0Key Y: 560.0, Value: [Vertex(-2, 1, 5)]
Key X: 372.0Key Y: 440.0, Value: [Vertex(-2, 1, 3), Vertex(-2, 0, 1), Vertex(-1, 0, 5)]
Key X: 372.0Key Y: 600.0, Value: [Vertex(-2, 1, 0), Vertex(-1, 2, 4)]
Key X: 788.0Key Y: 200.0, Value: [Vertex(1, -2, 1), Vertex(1, -1, 3)]
Key X: 441.0Key Y: 480.0, Value: [Vertex(-2, 1, 2), Vertex(-1, 1, 4), Vertex(-1, 0, 0)]
Key X: 511.0Key Y: 360.0, Value: [Vertex(0, 0, 4), Vertex(-1, 0, 2), Vertex(-1, -1, 0)]
Key X: 441.0Key Y: 560.0, Value: [Vertex(-2, 1, 1), Vertex(-1, 2, 3), Vertex(-1, 1, 5)]
Key X: 372.0Key Y: 680.0, Value: [Vertex(-1, 2, 5)]
Key X: 511.0Key Y: 440.0, Value: [Vertex(0, 0, 5), Vertex(-1, 1, 3), Vertex(-1, 0, 1)]
Key X: 649.0Key Y: 360.0, Value: [Vertex(0, -1, 0), Vertex(0, 0, 2), Vertex(1, 0, 4)]
Key X: 441.0Key Y: 720.0, Value: [Vertex(-1, 2, 0)]
Key X: 788.0Key Y: 360.0, Value: [Vertex(1, -1, 0), Vertex(2, 0, 4), Vertex(1, 0, 2)]
Key X: 511.0Key Y: 600.0, Value: [Vertex(0, 2, 4), Vertex(-1, 2, 2), Vertex(-1, 1, 0)]
Key X: 649.0Key Y: 440.0, Value: [Vertex(0, 0, 1), Vertex(0, 1, 3), Vertex(1, 0, 5)]
Key X: 511.0Key Y: 680.0, Value: [Vertex(0, 2, 5), Vertex(-1, 2, 1)]
Key X: 926.0Key Y: 360.0, Value: [Vertex(2, 0, 2)]
Key X: 649.0Key Y: 600.0, Value: [Vertex(0, 1, 0), Vertex(1, 2, 4), Vertex(0, 2, 2)]
Key X: 788.0Key Y: 440.0, Value: [Vertex(1, 1, 3), Vertex(2, 0, 5), Vertex(1, 0, 1)]
Key X: 649.0Key Y: 680.0, Value: [Vertex(1, 2, 5), Vertex(0, 2, 1)]
Key X: 926.0Key Y: 440.0, Value: [Vertex(2, 0, 1)]
Key X: 788.0Key Y: 600.0, Value: [Vertex(1, 1, 0), Vertex(1, 2, 2)]
Key X: 788.0Key Y: 680.0, Value: [Vertex(1, 2, 1)]
Key X: 580.0Key Y: 80.0, Value: [Vertex(0, -2, 3)]
Key X: 719.0Key Y: 80.0, Value: [Vertex(1, -2, 3)]
Key X: 580.0Key Y: 240.0, Value: [Vertex(0, -1, 4), Vertex(0, -2, 0), Vertex(-1, -1, 2)]
Key X: 234.0Key Y: 360.0, Value: [Vertex(-2, 0, 4)]
Key X: 580.0Key Y: 320.0, Value: [Vertex(0, -1, 5), Vertex(0, 0, 3), Vertex(-1, -1, 1)]
Key X: 234.0Key Y: 440.0, Value: [Vertex(-2, 0, 5)]
Key X: 719.0Key Y: 240.0, Value: [Vertex(0, -1, 2), Vertex(1, -2, 0), Vertex(1, -1, 4)]
Key X: 857.0Key Y: 240.0, Value: [Vertex(1, -1, 2)]
Key X: 719.0Key Y: 320.0, Value: [Vertex(0, -1, 1), Vertex(1, -1, 5), Vertex(1, 0, 3)]
Key X: 580.0Key Y: 480.0, Value: [Vertex(0, 0, 0), Vertex(0, 1, 4), Vertex(-1, 1, 2)]
Berechnete einzigartige Vertices: 0
Berechnete einzigartige Edges: 72
✓ Authentisches CATAN-Board initialisiert: 54 Siedlungen, 72 Straßen
]]></system-out>
  </testcase>
  <testcase name="testDiceRolling" classname="com.catan.model.CatanGameTest" time="0.018">
    <system-out><![CDATA[STANDARD_HEX_SET.size() = 19
Vertex dir=0 q: -1 r: -2 x=441.43593539448983 roundedX=441.0 y=240.0 roundedY=240.0
count: 1
Vertex dir=1 q: -1 r: -2 x=510.71796769724494 roundedX=511.0 y=200.0 roundedY=200.0
count: 2
Vertex dir=2 q: -1 r: -2 x=510.71796769724494 roundedX=511.0 y=120.00000000000001 roundedY=120.0
count: 3
Vertex dir=3 q: -1 r: -2 x=441.43593539448983 roundedX=441.0 y=80.0 roundedY=80.0
count: 4
Vertex dir=4 q: -1 r: -2 x=372.1539030917347 roundedX=372.0 y=119.99999999999997 roundedY=120.0
count: 5
Vertex dir=5 q: -1 r: -2 x=372.1539030917347 roundedX=372.0 y=200.0 roundedY=200.0
count: 6
Vertex dir=0 q: 0 r: -1 x=649.282032302755 roundedX=649.0 y=360.0 roundedY=360.0
count: 7
Vertex dir=1 q: 0 r: -1 x=718.5640646055101 roundedX=719.0 y=320.0 roundedY=320.0
count: 8
Vertex dir=2 q: 0 r: -1 x=718.5640646055101 roundedX=719.0 y=240.0 roundedY=240.0
count: 9
Vertex dir=3 q: 0 r: -1 x=649.282032302755 roundedX=649.0 y=200.0 roundedY=200.0
count: 10
Vertex dir=4 q: 0 r: -1 x=580.0 roundedX=580.0 y=239.99999999999997 roundedY=240.0
count: 11
Vertex dir=5 q: 0 r: -1 x=580.0 roundedX=580.0 y=320.0 roundedY=320.0
count: 12
Vertex dir=0 q: 0 r: 0 x=580.0 roundedX=580.0 y=480.0 roundedY=480.0
count: 13
Vertex dir=1 q: 0 r: 0 x=649.282032302755 roundedX=649.0 y=440.0 roundedY=440.0
count: 14
Vertex dir=2 q: 0 r: 0 x=649.282032302755 roundedX=649.0 y=360.0 roundedY=360.0
count: 15
Vertex dir=3 q: 0 r: 0 x=580.0 roundedX=580.0 y=320.0 roundedY=320.0
count: 16
Vertex dir=4 q: 0 r: 0 x=510.71796769724494 roundedX=511.0 y=360.0 roundedY=360.0
count: 17
Vertex dir=5 q: 0 r: 0 x=510.71796769724494 roundedX=511.0 y=440.0 roundedY=440.0
count: 18
Vertex dir=0 q: 1 r: 1 x=787.8460969082653 roundedX=788.0 y=600.0 roundedY=600.0
count: 19
Vertex dir=1 q: 1 r: 1 x=857.1281292110203 roundedX=857.0 y=560.0 roundedY=560.0
count: 20
Vertex dir=2 q: 1 r: 1 x=857.1281292110203 roundedX=857.0 y=480.0 roundedY=480.0
count: 21
Vertex dir=3 q: 1 r: 1 x=787.8460969082653 roundedX=788.0 y=440.0 roundedY=440.0
count: 22
Vertex dir=4 q: 1 r: 1 x=718.5640646055102 roundedX=719.0 y=480.0 roundedY=480.0
count: 23
Vertex dir=5 q: 1 r: 1 x=718.5640646055102 roundedX=719.0 y=560.0 roundedY=560.0
count: 24
Vertex dir=0 q: 0 r: -2 x=580.0 roundedX=580.0 y=240.0 roundedY=240.0
count: 25
Vertex dir=1 q: 0 r: -2 x=649.282032302755 roundedX=649.0 y=200.0 roundedY=200.0
count: 26
Vertex dir=2 q: 0 r: -2 x=649.282032302755 roundedX=649.0 y=120.00000000000001 roundedY=120.0
count: 27
Vertex dir=3 q: 0 r: -2 x=580.0 roundedX=580.0 y=80.0 roundedY=80.0
count: 28
Vertex dir=4 q: 0 r: -2 x=510.71796769724494 roundedX=511.0 y=119.99999999999997 roundedY=120.0
count: 29
Vertex dir=5 q: 0 r: -2 x=510.71796769724494 roundedX=511.0 y=200.0 roundedY=200.0
count: 30
Vertex dir=0 q: 0 r: 1 x=649.282032302755 roundedX=649.0 y=600.0 roundedY=600.0
count: 31
Vertex dir=1 q: 0 r: 1 x=718.5640646055101 roundedX=719.0 y=560.0 roundedY=560.0
count: 32
Vertex dir=2 q: 0 r: 1 x=718.5640646055101 roundedX=719.0 y=480.0 roundedY=480.0
count: 33
Vertex dir=3 q: 0 r: 1 x=649.282032302755 roundedX=649.0 y=440.0 roundedY=440.0
count: 34
Vertex dir=4 q: 0 r: 1 x=580.0 roundedX=580.0 y=480.0 roundedY=480.0
count: 35
Vertex dir=5 q: 0 r: 1 x=580.0 roundedX=580.0 y=560.0 roundedY=560.0
count: 36
Vertex dir=0 q: 1 r: 2 x=718.5640646055101 roundedX=719.0 y=720.0 roundedY=720.0
count: 37
Vertex dir=1 q: 1 r: 2 x=787.8460969082652 roundedX=788.0 y=680.0 roundedY=680.0
count: 38
Vertex dir=2 q: 1 r: 2 x=787.8460969082652 roundedX=788.0 y=600.0 roundedY=600.0
count: 39
Vertex dir=3 q: 1 r: 2 x=718.5640646055101 roundedX=719.0 y=560.0 roundedY=560.0
count: 40
Vertex dir=4 q: 1 r: 2 x=649.282032302755 roundedX=649.0 y=600.0 roundedY=600.0
count: 41
Vertex dir=5 q: 1 r: 2 x=649.282032302755 roundedX=649.0 y=680.0 roundedY=680.0
count: 42
Vertex dir=0 q: 0 r: 2 x=580.0 roundedX=580.0 y=720.0 roundedY=720.0
count: 43
Vertex dir=1 q: 0 r: 2 x=649.282032302755 roundedX=649.0 y=680.0 roundedY=680.0
count: 44
Vertex dir=2 q: 0 r: 2 x=649.282032302755 roundedX=649.0 y=600.0 roundedY=600.0
count: 45
Vertex dir=3 q: 0 r: 2 x=580.0 roundedX=580.0 y=560.0 roundedY=560.0
count: 46
Vertex dir=4 q: 0 r: 2 x=510.71796769724494 roundedX=511.0 y=600.0 roundedY=600.0
count: 47
Vertex dir=5 q: 0 r: 2 x=510.71796769724494 roundedX=511.0 y=680.0 roundedY=680.0
count: 48
Vertex dir=0 q: -2 r: 1 x=372.1539030917347 roundedX=372.0 y=600.0 roundedY=600.0
count: 49
Vertex dir=1 q: -2 r: 1 x=441.4359353944898 roundedX=441.0 y=560.0 roundedY=560.0
count: 50
Vertex dir=2 q: -2 r: 1 x=441.43593539448983 roundedX=441.0 y=480.0 roundedY=480.0
count: 51
Vertex dir=3 q: -2 r: 1 x=372.1539030917347 roundedX=372.0 y=440.0 roundedY=440.0
count: 52
Vertex dir=4 q: -2 r: 1 x=302.87187078897966 roundedX=303.0 y=480.0 roundedY=480.0
count: 53
Vertex dir=5 q: -2 r: 1 x=302.87187078897966 roundedX=303.0 y=560.0 roundedY=560.0
count: 54
Vertex dir=0 q: -1 r: 2 x=441.43593539448983 roundedX=441.0 y=720.0 roundedY=720.0
count: 55
Vertex dir=1 q: -1 r: 2 x=510.71796769724494 roundedX=511.0 y=680.0 roundedY=680.0
count: 56
Vertex dir=2 q: -1 r: 2 x=510.71796769724494 roundedX=511.0 y=600.0 roundedY=600.0
count: 57
Vertex dir=3 q: -1 r: 2 x=441.43593539448983 roundedX=441.0 y=560.0 roundedY=560.0
count: 58
Vertex dir=4 q: -1 r: 2 x=372.1539030917347 roundedX=372.0 y=600.0 roundedY=600.0
count: 59
Vertex dir=5 q: -1 r: 2 x=372.1539030917347 roundedX=372.0 y=680.0 roundedY=680.0
count: 60
Vertex dir=0 q: 1 r: -2 x=718.5640646055101 roundedX=719.0 y=240.0 roundedY=240.0
count: 61
Vertex dir=1 q: 1 r: -2 x=787.8460969082652 roundedX=788.0 y=200.0 roundedY=200.0
count: 62
Vertex dir=2 q: 1 r: -2 x=787.8460969082652 roundedX=788.0 y=120.00000000000001 roundedY=120.0
count: 63
Vertex dir=3 q: 1 r: -2 x=718.5640646055101 roundedX=719.0 y=80.0 roundedY=80.0
count: 64
Vertex dir=4 q: 1 r: -2 x=649.282032302755 roundedX=649.0 y=119.99999999999997 roundedY=120.0
count: 65
Vertex dir=5 q: 1 r: -2 x=649.282032302755 roundedX=649.0 y=200.0 roundedY=200.0
count: 66
Vertex dir=0 q: -2 r: 0 x=302.87187078897966 roundedX=303.0 y=480.0 roundedY=480.0
count: 67
Vertex dir=1 q: -2 r: 0 x=372.1539030917347 roundedX=372.0 y=440.0 roundedY=440.0
count: 68
Vertex dir=2 q: -2 r: 0 x=372.1539030917348 roundedX=372.0 y=360.0 roundedY=360.0
count: 69
Vertex dir=3 q: -2 r: 0 x=302.87187078897966 roundedX=303.0 y=320.0 roundedY=320.0
count: 70
Vertex dir=4 q: -2 r: 0 x=233.58983848622458 roundedX=234.0 y=360.0 roundedY=360.0
count: 71
Vertex dir=5 q: -2 r: 0 x=233.58983848622458 roundedX=234.0 y=440.0 roundedY=440.0
count: 72
Vertex dir=0 q: -1 r: 1 x=510.71796769724494 roundedX=511.0 y=600.0 roundedY=600.0
count: 73
Vertex dir=1 q: -1 r: 1 x=580.0 roundedX=580.0 y=560.0 roundedY=560.0
count: 74
Vertex dir=2 q: -1 r: 1 x=580.0 roundedX=580.0 y=480.0 roundedY=480.0
count: 75
Vertex dir=3 q: -1 r: 1 x=510.71796769724494 roundedX=511.0 y=440.0 roundedY=440.0
count: 76
Vertex dir=4 q: -1 r: 1 x=441.4359353944899 roundedX=441.0 y=480.0 roundedY=480.0
count: 77
Vertex dir=5 q: -1 r: 1 x=441.4359353944899 roundedX=441.0 y=560.0 roundedY=560.0
count: 78
Vertex dir=0 q: -2 r: -1 x=372.1539030917347 roundedX=372.0 y=360.0 roundedY=360.0
count: 79
Vertex dir=1 q: -2 r: -1 x=441.4359353944898 roundedX=441.0 y=320.0 roundedY=320.0
count: 80
Vertex dir=2 q: -2 r: -1 x=441.43593539448983 roundedX=441.0 y=240.0 roundedY=240.0
count: 81
Vertex dir=3 q: -2 r: -1 x=372.1539030917347 roundedX=372.0 y=200.0 roundedY=200.0
count: 82
Vertex dir=4 q: -2 r: -1 x=302.87187078897966 roundedX=303.0 y=239.99999999999997 roundedY=240.0
count: 83
Vertex dir=5 q: -2 r: -1 x=302.87187078897966 roundedX=303.0 y=320.0 roundedY=320.0
count: 84
Vertex dir=0 q: 1 r: -1 x=787.8460969082653 roundedX=788.0 y=360.0 roundedY=360.0
count: 85
Vertex dir=1 q: 1 r: -1 x=857.1281292110203 roundedX=857.0 y=320.0 roundedY=320.0
count: 86
Vertex dir=2 q: 1 r: -1 x=857.1281292110203 roundedX=857.0 y=240.0 roundedY=240.0
count: 87
Vertex dir=3 q: 1 r: -1 x=787.8460969082653 roundedX=788.0 y=200.0 roundedY=200.0
count: 88
Vertex dir=4 q: 1 r: -1 x=718.5640646055102 roundedX=719.0 y=239.99999999999997 roundedY=240.0
count: 89
Vertex dir=5 q: 1 r: -1 x=718.5640646055102 roundedX=719.0 y=320.0 roundedY=320.0
count: 90
Vertex dir=0 q: -1 r: 0 x=441.43593539448983 roundedX=441.0 y=480.0 roundedY=480.0
count: 91
Vertex dir=1 q: -1 r: 0 x=510.71796769724494 roundedX=511.0 y=440.0 roundedY=440.0
count: 92
Vertex dir=2 q: -1 r: 0 x=510.71796769724494 roundedX=511.0 y=360.0 roundedY=360.0
count: 93
Vertex dir=3 q: -1 r: 0 x=441.43593539448983 roundedX=441.0 y=320.0 roundedY=320.0
count: 94
Vertex dir=4 q: -1 r: 0 x=372.1539030917347 roundedX=372.0 y=360.0 roundedY=360.0
count: 95
Vertex dir=5 q: -1 r: 0 x=372.1539030917347 roundedX=372.0 y=440.0 roundedY=440.0
count: 96
Vertex dir=0 q: 2 r: 0 x=857.1281292110203 roundedX=857.0 y=480.0 roundedY=480.0
count: 97
Vertex dir=1 q: 2 r: 0 x=926.4101615137754 roundedX=926.0 y=440.0 roundedY=440.0
count: 98
Vertex dir=2 q: 2 r: 0 x=926.4101615137754 roundedX=926.0 y=360.0 roundedY=360.0
count: 99
Vertex dir=3 q: 2 r: 0 x=857.1281292110203 roundedX=857.0 y=320.0 roundedY=320.0
count: 100
Vertex dir=4 q: 2 r: 0 x=787.8460969082653 roundedX=788.0 y=360.0 roundedY=360.0
count: 101
Vertex dir=5 q: 2 r: 0 x=787.8460969082653 roundedX=788.0 y=440.0 roundedY=440.0
count: 102
Vertex dir=0 q: -1 r: -1 x=510.71796769724494 roundedX=511.0 y=360.0 roundedY=360.0
count: 103
Vertex dir=1 q: -1 r: -1 x=580.0 roundedX=580.0 y=320.0 roundedY=320.0
count: 104
Vertex dir=2 q: -1 r: -1 x=580.0 roundedX=580.0 y=240.0 roundedY=240.0
count: 105
Vertex dir=3 q: -1 r: -1 x=510.71796769724494 roundedX=511.0 y=200.0 roundedY=200.0
count: 106
Vertex dir=4 q: -1 r: -1 x=441.4359353944899 roundedX=441.0 y=239.99999999999997 roundedY=240.0
count: 107
Vertex dir=5 q: -1 r: -1 x=441.4359353944899 roundedX=441.0 y=320.0 roundedY=320.0
count: 108
Vertex dir=0 q: 1 r: 0 x=718.5640646055101 roundedX=719.0 y=480.0 roundedY=480.0
count: 109
Vertex dir=1 q: 1 r: 0 x=787.8460969082652 roundedX=788.0 y=440.0 roundedY=440.0
count: 110
Vertex dir=2 q: 1 r: 0 x=787.8460969082652 roundedX=788.0 y=360.0 roundedY=360.0
count: 111
Vertex dir=3 q: 1 r: 0 x=718.5640646055101 roundedX=719.0 y=320.0 roundedY=320.0
count: 112
Vertex dir=4 q: 1 r: 0 x=649.282032302755 roundedX=649.0 y=360.0 roundedY=360.0
count: 113
Vertex dir=5 q: 1 r: 0 x=649.282032302755 roundedX=649.0 y=440.0 roundedY=440.0
count: 114
Key X: 580.0Key Y: 560.0, Value: [Vertex(0, 1, 5), Vertex(0, 2, 3), Vertex(-1, 1, 1)]
Key X: 857.0Key Y: 320.0, Value: [Vertex(1, -1, 1), Vertex(2, 0, 3)]
Key X: 719.0Key Y: 480.0, Value: [Vertex(1, 1, 4), Vertex(0, 1, 2), Vertex(1, 0, 0)]
Key X: 580.0Key Y: 720.0, Value: [Vertex(0, 2, 0)]
Key X: 719.0Key Y: 560.0, Value: [Vertex(1, 1, 5), Vertex(0, 1, 1), Vertex(1, 2, 3)]
Key X: 441.0Key Y: 80.0, Value: [Vertex(-1, -2, 3)]
Key X: 857.0Key Y: 480.0, Value: [Vertex(1, 1, 2), Vertex(2, 0, 0)]
Key X: 719.0Key Y: 720.0, Value: [Vertex(1, 2, 0)]
Key X: 857.0Key Y: 560.0, Value: [Vertex(1, 1, 1)]
Key X: 372.0Key Y: 120.0, Value: [Vertex(-1, -2, 4)]
Key X: 303.0Key Y: 240.0, Value: [Vertex(-2, -1, 4)]
Key X: 372.0Key Y: 200.0, Value: [Vertex(-1, -2, 5), Vertex(-2, -1, 3)]
Key X: 511.0Key Y: 120.0, Value: [Vertex(-1, -2, 2), Vertex(0, -2, 4)]
Key X: 303.0Key Y: 320.0, Value: [Vertex(-2, 0, 3), Vertex(-2, -1, 5)]
Key X: 649.0Key Y: 120.0, Value: [Vertex(0, -2, 2), Vertex(1, -2, 4)]
Key X: 441.0Key Y: 240.0, Value: [Vertex(-1, -2, 0), Vertex(-2, -1, 2), Vertex(-1, -1, 4)]
Key X: 372.0Key Y: 360.0, Value: [Vertex(-2, 0, 2), Vertex(-2, -1, 0), Vertex(-1, 0, 4)]
Key X: 511.0Key Y: 200.0, Value: [Vertex(-1, -2, 1), Vertex(0, -2, 5), Vertex(-1, -1, 3)]
Key X: 788.0Key Y: 120.0, Value: [Vertex(1, -2, 2)]
Key X: 303.0Key Y: 480.0, Value: [Vertex(-2, 1, 4), Vertex(-2, 0, 0)]
Key X: 441.0Key Y: 320.0, Value: [Vertex(-2, -1, 1), Vertex(-1, 0, 3), Vertex(-1, -1, 5)]
Key X: 649.0Key Y: 200.0, Value: [Vertex(0, -1, 3), Vertex(0, -2, 1), Vertex(1, -2, 5)]
Key X: 303.0Key Y: 560.0, Value: [Vertex(-2, 1, 5)]
Key X: 372.0Key Y: 440.0, Value: [Vertex(-2, 1, 3), Vertex(-2, 0, 1), Vertex(-1, 0, 5)]
Key X: 372.0Key Y: 600.0, Value: [Vertex(-2, 1, 0), Vertex(-1, 2, 4)]
Key X: 788.0Key Y: 200.0, Value: [Vertex(1, -2, 1), Vertex(1, -1, 3)]
Key X: 441.0Key Y: 480.0, Value: [Vertex(-2, 1, 2), Vertex(-1, 1, 4), Vertex(-1, 0, 0)]
Key X: 511.0Key Y: 360.0, Value: [Vertex(0, 0, 4), Vertex(-1, 0, 2), Vertex(-1, -1, 0)]
Key X: 441.0Key Y: 560.0, Value: [Vertex(-2, 1, 1), Vertex(-1, 2, 3), Vertex(-1, 1, 5)]
Key X: 372.0Key Y: 680.0, Value: [Vertex(-1, 2, 5)]
Key X: 511.0Key Y: 440.0, Value: [Vertex(0, 0, 5), Vertex(-1, 1, 3), Vertex(-1, 0, 1)]
Key X: 649.0Key Y: 360.0, Value: [Vertex(0, -1, 0), Vertex(0, 0, 2), Vertex(1, 0, 4)]
Key X: 441.0Key Y: 720.0, Value: [Vertex(-1, 2, 0)]
Key X: 788.0Key Y: 360.0, Value: [Vertex(1, -1, 0), Vertex(2, 0, 4), Vertex(1, 0, 2)]
Key X: 511.0Key Y: 600.0, Value: [Vertex(0, 2, 4), Vertex(-1, 2, 2), Vertex(-1, 1, 0)]
Key X: 649.0Key Y: 440.0, Value: [Vertex(0, 0, 1), Vertex(0, 1, 3), Vertex(1, 0, 5)]
Key X: 511.0Key Y: 680.0, Value: [Vertex(0, 2, 5), Vertex(-1, 2, 1)]
Key X: 926.0Key Y: 360.0, Value: [Vertex(2, 0, 2)]
Key X: 649.0Key Y: 600.0, Value: [Vertex(0, 1, 0), Vertex(1, 2, 4), Vertex(0, 2, 2)]
Key X: 788.0Key Y: 440.0, Value: [Vertex(1, 1, 3), Vertex(2, 0, 5), Vertex(1, 0, 1)]
Key X: 649.0Key Y: 680.0, Value: [Vertex(1, 2, 5), Vertex(0, 2, 1)]
Key X: 926.0Key Y: 440.0, Value: [Vertex(2, 0, 1)]
Key X: 788.0Key Y: 600.0, Value: [Vertex(1, 1, 0), Vertex(1, 2, 2)]
Key X: 788.0Key Y: 680.0, Value: [Vertex(1, 2, 1)]
Key X: 580.0Key Y: 80.0, Value: [Vertex(0, -2, 3)]
Key X: 719.0Key Y: 80.0, Value: [Vertex(1, -2, 3)]
Key X: 580.0Key Y: 240.0, Value: [Vertex(0, -1, 4), Vertex(0, -2, 0), Vertex(-1, -1, 2)]
Key X: 234.0Key Y: 360.0, Value: [Vertex(-2, 0, 4)]
Key X: 580.0Key Y: 320.0, Value: [Vertex(0, -1, 5), Vertex(0, 0, 3), Vertex(-1, -1, 1)]
Key X: 234.0Key Y: 440.0, Value: [Vertex(-2, 0, 5)]
Key X: 719.0Key Y: 240.0, Value: [Vertex(0, -1, 2), Vertex(1, -2, 0), Vertex(1, -1, 4)]
Key X: 857.0Key Y: 240.0, Value: [Vertex(1, -1, 2)]
Key X: 719.0Key Y: 320.0, Value: [Vertex(0, -1, 1), Vertex(1, -1, 5), Vertex(1, 0, 3)]
Key X: 580.0Key Y: 480.0, Value: [Vertex(0, 0, 0), Vertex(0, 1, 4), Vertex(-1, 1, 2)]
Berechnete einzigartige Vertices: 0
Berechnete einzigartige Edges: 72
✓ Authentisches CATAN-Board initialisiert: 54 Siedlungen, 72 Straßen
]]></system-out>
  </testcase>
  <testcase name="testResourceProduction" classname="com.catan.model.CatanGameTest" time="0.009">
    <system-out><![CDATA[STANDARD_HEX_SET.size() = 19
Vertex dir=0 q: -1 r: -2 x=441.43593539448983 roundedX=441.0 y=240.0 roundedY=240.0
count: 1
Vertex dir=1 q: -1 r: -2 x=510.71796769724494 roundedX=511.0 y=200.0 roundedY=200.0
count: 2
Vertex dir=2 q: -1 r: -2 x=510.71796769724494 roundedX=511.0 y=120.00000000000001 roundedY=120.0
count: 3
Vertex dir=3 q: -1 r: -2 x=441.43593539448983 roundedX=441.0 y=80.0 roundedY=80.0
count: 4
Vertex dir=4 q: -1 r: -2 x=372.1539030917347 roundedX=372.0 y=119.99999999999997 roundedY=120.0
count: 5
Vertex dir=5 q: -1 r: -2 x=372.1539030917347 roundedX=372.0 y=200.0 roundedY=200.0
count: 6
Vertex dir=0 q: 0 r: -1 x=649.282032302755 roundedX=649.0 y=360.0 roundedY=360.0
count: 7
Vertex dir=1 q: 0 r: -1 x=718.5640646055101 roundedX=719.0 y=320.0 roundedY=320.0
count: 8
Vertex dir=2 q: 0 r: -1 x=718.5640646055101 roundedX=719.0 y=240.0 roundedY=240.0
count: 9
Vertex dir=3 q: 0 r: -1 x=649.282032302755 roundedX=649.0 y=200.0 roundedY=200.0
count: 10
Vertex dir=4 q: 0 r: -1 x=580.0 roundedX=580.0 y=239.99999999999997 roundedY=240.0
count: 11
Vertex dir=5 q: 0 r: -1 x=580.0 roundedX=580.0 y=320.0 roundedY=320.0
count: 12
Vertex dir=0 q: 0 r: 0 x=580.0 roundedX=580.0 y=480.0 roundedY=480.0
count: 13
Vertex dir=1 q: 0 r: 0 x=649.282032302755 roundedX=649.0 y=440.0 roundedY=440.0
count: 14
Vertex dir=2 q: 0 r: 0 x=649.282032302755 roundedX=649.0 y=360.0 roundedY=360.0
count: 15
Vertex dir=3 q: 0 r: 0 x=580.0 roundedX=580.0 y=320.0 roundedY=320.0
count: 16
Vertex dir=4 q: 0 r: 0 x=510.71796769724494 roundedX=511.0 y=360.0 roundedY=360.0
count: 17
Vertex dir=5 q: 0 r: 0 x=510.71796769724494 roundedX=511.0 y=440.0 roundedY=440.0
count: 18
Vertex dir=0 q: 1 r: 1 x=787.8460969082653 roundedX=788.0 y=600.0 roundedY=600.0
count: 19
Vertex dir=1 q: 1 r: 1 x=857.1281292110203 roundedX=857.0 y=560.0 roundedY=560.0
count: 20
Vertex dir=2 q: 1 r: 1 x=857.1281292110203 roundedX=857.0 y=480.0 roundedY=480.0
count: 21
Vertex dir=3 q: 1 r: 1 x=787.8460969082653 roundedX=788.0 y=440.0 roundedY=440.0
count: 22
Vertex dir=4 q: 1 r: 1 x=718.5640646055102 roundedX=719.0 y=480.0 roundedY=480.0
count: 23
Vertex dir=5 q: 1 r: 1 x=718.5640646055102 roundedX=719.0 y=560.0 roundedY=560.0
count: 24
Vertex dir=0 q: 0 r: -2 x=580.0 roundedX=580.0 y=240.0 roundedY=240.0
count: 25
Vertex dir=1 q: 0 r: -2 x=649.282032302755 roundedX=649.0 y=200.0 roundedY=200.0
count: 26
Vertex dir=2 q: 0 r: -2 x=649.282032302755 roundedX=649.0 y=120.00000000000001 roundedY=120.0
count: 27
Vertex dir=3 q: 0 r: -2 x=580.0 roundedX=580.0 y=80.0 roundedY=80.0
count: 28
Vertex dir=4 q: 0 r: -2 x=510.71796769724494 roundedX=511.0 y=119.99999999999997 roundedY=120.0
count: 29
Vertex dir=5 q: 0 r: -2 x=510.71796769724494 roundedX=511.0 y=200.0 roundedY=200.0
count: 30
Vertex dir=0 q: 0 r: 1 x=649.282032302755 roundedX=649.0 y=600.0 roundedY=600.0
count: 31
Vertex dir=1 q: 0 r: 1 x=718.5640646055101 roundedX=719.0 y=560.0 roundedY=560.0
count: 32
Vertex dir=2 q: 0 r: 1 x=718.5640646055101 roundedX=719.0 y=480.0 roundedY=480.0
count: 33
Vertex dir=3 q: 0 r: 1 x=649.282032302755 roundedX=649.0 y=440.0 roundedY=440.0
count: 34
Vertex dir=4 q: 0 r: 1 x=580.0 roundedX=580.0 y=480.0 roundedY=480.0
count: 35
Vertex dir=5 q: 0 r: 1 x=580.0 roundedX=580.0 y=560.0 roundedY=560.0
count: 36
Vertex dir=0 q: 1 r: 2 x=718.5640646055101 roundedX=719.0 y=720.0 roundedY=720.0
count: 37
Vertex dir=1 q: 1 r: 2 x=787.8460969082652 roundedX=788.0 y=680.0 roundedY=680.0
count: 38
Vertex dir=2 q: 1 r: 2 x=787.8460969082652 roundedX=788.0 y=600.0 roundedY=600.0
count: 39
Vertex dir=3 q: 1 r: 2 x=718.5640646055101 roundedX=719.0 y=560.0 roundedY=560.0
count: 40
Vertex dir=4 q: 1 r: 2 x=649.282032302755 roundedX=649.0 y=600.0 roundedY=600.0
count: 41
Vertex dir=5 q: 1 r: 2 x=649.282032302755 roundedX=649.0 y=680.0 roundedY=680.0
count: 42
Vertex dir=0 q: 0 r: 2 x=580.0 roundedX=580.0 y=720.0 roundedY=720.0
count: 43
Vertex dir=1 q: 0 r: 2 x=649.282032302755 roundedX=649.0 y=680.0 roundedY=680.0
count: 44
Vertex dir=2 q: 0 r: 2 x=649.282032302755 roundedX=649.0 y=600.0 roundedY=600.0
count: 45
Vertex dir=3 q: 0 r: 2 x=580.0 roundedX=580.0 y=560.0 roundedY=560.0
count: 46
Vertex dir=4 q: 0 r: 2 x=510.71796769724494 roundedX=511.0 y=600.0 roundedY=600.0
count: 47
Vertex dir=5 q: 0 r: 2 x=510.71796769724494 roundedX=511.0 y=680.0 roundedY=680.0
count: 48
Vertex dir=0 q: -2 r: 1 x=372.1539030917347 roundedX=372.0 y=600.0 roundedY=600.0
count: 49
Vertex dir=1 q: -2 r: 1 x=441.4359353944898 roundedX=441.0 y=560.0 roundedY=560.0
count: 50
Vertex dir=2 q: -2 r: 1 x=441.43593539448983 roundedX=441.0 y=480.0 roundedY=480.0
count: 51
Vertex dir=3 q: -2 r: 1 x=372.1539030917347 roundedX=372.0 y=440.0 roundedY=440.0
count: 52
Vertex dir=4 q: -2 r: 1 x=302.87187078897966 roundedX=303.0 y=480.0 roundedY=480.0
count: 53
Vertex dir=5 q: -2 r: 1 x=302.87187078897966 roundedX=303.0 y=560.0 roundedY=560.0
count: 54
Vertex dir=0 q: -1 r: 2 x=441.43593539448983 roundedX=441.0 y=720.0 roundedY=720.0
count: 55
Vertex dir=1 q: -1 r: 2 x=510.71796769724494 roundedX=511.0 y=680.0 roundedY=680.0
count: 56
Vertex dir=2 q: -1 r: 2 x=510.71796769724494 roundedX=511.0 y=600.0 roundedY=600.0
count: 57
Vertex dir=3 q: -1 r: 2 x=441.43593539448983 roundedX=441.0 y=560.0 roundedY=560.0
count: 58
Vertex dir=4 q: -1 r: 2 x=372.1539030917347 roundedX=372.0 y=600.0 roundedY=600.0
count: 59
Vertex dir=5 q: -1 r: 2 x=372.1539030917347 roundedX=372.0 y=680.0 roundedY=680.0
count: 60
Vertex dir=0 q: 1 r: -2 x=718.5640646055101 roundedX=719.0 y=240.0 roundedY=240.0
count: 61
Vertex dir=1 q: 1 r: -2 x=787.8460969082652 roundedX=788.0 y=200.0 roundedY=200.0
count: 62
Vertex dir=2 q: 1 r: -2 x=787.8460969082652 roundedX=788.0 y=120.00000000000001 roundedY=120.0
count: 63
Vertex dir=3 q: 1 r: -2 x=718.5640646055101 roundedX=719.0 y=80.0 roundedY=80.0
count: 64
Vertex dir=4 q: 1 r: -2 x=649.282032302755 roundedX=649.0 y=119.99999999999997 roundedY=120.0
count: 65
Vertex dir=5 q: 1 r: -2 x=649.282032302755 roundedX=649.0 y=200.0 roundedY=200.0
count: 66
Vertex dir=0 q: -2 r: 0 x=302.87187078897966 roundedX=303.0 y=480.0 roundedY=480.0
count: 67
Vertex dir=1 q: -2 r: 0 x=372.1539030917347 roundedX=372.0 y=440.0 roundedY=440.0
count: 68
Vertex dir=2 q: -2 r: 0 x=372.1539030917348 roundedX=372.0 y=360.0 roundedY=360.0
count: 69
Vertex dir=3 q: -2 r: 0 x=302.87187078897966 roundedX=303.0 y=320.0 roundedY=320.0
count: 70
Vertex dir=4 q: -2 r: 0 x=233.58983848622458 roundedX=234.0 y=360.0 roundedY=360.0
count: 71
Vertex dir=5 q: -2 r: 0 x=233.58983848622458 roundedX=234.0 y=440.0 roundedY=440.0
count: 72
Vertex dir=0 q: -1 r: 1 x=510.71796769724494 roundedX=511.0 y=600.0 roundedY=600.0
count: 73
Vertex dir=1 q: -1 r: 1 x=580.0 roundedX=580.0 y=560.0 roundedY=560.0
count: 74
Vertex dir=2 q: -1 r: 1 x=580.0 roundedX=580.0 y=480.0 roundedY=480.0
count: 75
Vertex dir=3 q: -1 r: 1 x=510.71796769724494 roundedX=511.0 y=440.0 roundedY=440.0
count: 76
Vertex dir=4 q: -1 r: 1 x=441.4359353944899 roundedX=441.0 y=480.0 roundedY=480.0
count: 77
Vertex dir=5 q: -1 r: 1 x=441.4359353944899 roundedX=441.0 y=560.0 roundedY=560.0
count: 78
Vertex dir=0 q: -2 r: -1 x=372.1539030917347 roundedX=372.0 y=360.0 roundedY=360.0
count: 79
Vertex dir=1 q: -2 r: -1 x=441.4359353944898 roundedX=441.0 y=320.0 roundedY=320.0
count: 80
Vertex dir=2 q: -2 r: -1 x=441.43593539448983 roundedX=441.0 y=240.0 roundedY=240.0
count: 81
Vertex dir=3 q: -2 r: -1 x=372.1539030917347 roundedX=372.0 y=200.0 roundedY=200.0
count: 82
Vertex dir=4 q: -2 r: -1 x=302.87187078897966 roundedX=303.0 y=239.99999999999997 roundedY=240.0
count: 83
Vertex dir=5 q: -2 r: -1 x=302.87187078897966 roundedX=303.0 y=320.0 roundedY=320.0
count: 84
Vertex dir=0 q: 1 r: -1 x=787.8460969082653 roundedX=788.0 y=360.0 roundedY=360.0
count: 85
Vertex dir=1 q: 1 r: -1 x=857.1281292110203 roundedX=857.0 y=320.0 roundedY=320.0
count: 86
Vertex dir=2 q: 1 r: -1 x=857.1281292110203 roundedX=857.0 y=240.0 roundedY=240.0
count: 87
Vertex dir=3 q: 1 r: -1 x=787.8460969082653 roundedX=788.0 y=200.0 roundedY=200.0
count: 88
Vertex dir=4 q: 1 r: -1 x=718.5640646055102 roundedX=719.0 y=239.99999999999997 roundedY=240.0
count: 89
Vertex dir=5 q: 1 r: -1 x=718.5640646055102 roundedX=719.0 y=320.0 roundedY=320.0
count: 90
Vertex dir=0 q: -1 r: 0 x=441.43593539448983 roundedX=441.0 y=480.0 roundedY=480.0
count: 91
Vertex dir=1 q: -1 r: 0 x=510.71796769724494 roundedX=511.0 y=440.0 roundedY=440.0
count: 92
Vertex dir=2 q: -1 r: 0 x=510.71796769724494 roundedX=511.0 y=360.0 roundedY=360.0
count: 93
Vertex dir=3 q: -1 r: 0 x=441.43593539448983 roundedX=441.0 y=320.0 roundedY=320.0
count: 94
Vertex dir=4 q: -1 r: 0 x=372.1539030917347 roundedX=372.0 y=360.0 roundedY=360.0
count: 95
Vertex dir=5 q: -1 r: 0 x=372.1539030917347 roundedX=372.0 y=440.0 roundedY=440.0
count: 96
Vertex dir=0 q: 2 r: 0 x=857.1281292110203 roundedX=857.0 y=480.0 roundedY=480.0
count: 97
Vertex dir=1 q: 2 r: 0 x=926.4101615137754 roundedX=926.0 y=440.0 roundedY=440.0
count: 98
Vertex dir=2 q: 2 r: 0 x=926.4101615137754 roundedX=926.0 y=360.0 roundedY=360.0
count: 99
Vertex dir=3 q: 2 r: 0 x=857.1281292110203 roundedX=857.0 y=320.0 roundedY=320.0
count: 100
Vertex dir=4 q: 2 r: 0 x=787.8460969082653 roundedX=788.0 y=360.0 roundedY=360.0
count: 101
Vertex dir=5 q: 2 r: 0 x=787.8460969082653 roundedX=788.0 y=440.0 roundedY=440.0
count: 102
Vertex dir=0 q: -1 r: -1 x=510.71796769724494 roundedX=511.0 y=360.0 roundedY=360.0
count: 103
Vertex dir=1 q: -1 r: -1 x=580.0 roundedX=580.0 y=320.0 roundedY=320.0
count: 104
Vertex dir=2 q: -1 r: -1 x=580.0 roundedX=580.0 y=240.0 roundedY=240.0
count: 105
Vertex dir=3 q: -1 r: -1 x=510.71796769724494 roundedX=511.0 y=200.0 roundedY=200.0
count: 106
Vertex dir=4 q: -1 r: -1 x=441.4359353944899 roundedX=441.0 y=239.99999999999997 roundedY=240.0
count: 107
Vertex dir=5 q: -1 r: -1 x=441.4359353944899 roundedX=441.0 y=320.0 roundedY=320.0
count: 108
Vertex dir=0 q: 1 r: 0 x=718.5640646055101 roundedX=719.0 y=480.0 roundedY=480.0
count: 109
Vertex dir=1 q: 1 r: 0 x=787.8460969082652 roundedX=788.0 y=440.0 roundedY=440.0
count: 110
Vertex dir=2 q: 1 r: 0 x=787.8460969082652 roundedX=788.0 y=360.0 roundedY=360.0
count: 111
Vertex dir=3 q: 1 r: 0 x=718.5640646055101 roundedX=719.0 y=320.0 roundedY=320.0
count: 112
Vertex dir=4 q: 1 r: 0 x=649.282032302755 roundedX=649.0 y=360.0 roundedY=360.0
count: 113
Vertex dir=5 q: 1 r: 0 x=649.282032302755 roundedX=649.0 y=440.0 roundedY=440.0
count: 114
Key X: 580.0Key Y: 560.0, Value: [Vertex(0, 1, 5), Vertex(0, 2, 3), Vertex(-1, 1, 1)]
Key X: 857.0Key Y: 320.0, Value: [Vertex(1, -1, 1), Vertex(2, 0, 3)]
Key X: 719.0Key Y: 480.0, Value: [Vertex(1, 1, 4), Vertex(0, 1, 2), Vertex(1, 0, 0)]
Key X: 580.0Key Y: 720.0, Value: [Vertex(0, 2, 0)]
Key X: 719.0Key Y: 560.0, Value: [Vertex(1, 1, 5), Vertex(0, 1, 1), Vertex(1, 2, 3)]
Key X: 441.0Key Y: 80.0, Value: [Vertex(-1, -2, 3)]
Key X: 857.0Key Y: 480.0, Value: [Vertex(1, 1, 2), Vertex(2, 0, 0)]
Key X: 719.0Key Y: 720.0, Value: [Vertex(1, 2, 0)]
Key X: 857.0Key Y: 560.0, Value: [Vertex(1, 1, 1)]
Key X: 372.0Key Y: 120.0, Value: [Vertex(-1, -2, 4)]
Key X: 303.0Key Y: 240.0, Value: [Vertex(-2, -1, 4)]
Key X: 372.0Key Y: 200.0, Value: [Vertex(-1, -2, 5), Vertex(-2, -1, 3)]
Key X: 511.0Key Y: 120.0, Value: [Vertex(-1, -2, 2), Vertex(0, -2, 4)]
Key X: 303.0Key Y: 320.0, Value: [Vertex(-2, 0, 3), Vertex(-2, -1, 5)]
Key X: 649.0Key Y: 120.0, Value: [Vertex(0, -2, 2), Vertex(1, -2, 4)]
Key X: 441.0Key Y: 240.0, Value: [Vertex(-1, -2, 0), Vertex(-2, -1, 2), Vertex(-1, -1, 4)]
Key X: 372.0Key Y: 360.0, Value: [Vertex(-2, 0, 2), Vertex(-2, -1, 0), Vertex(-1, 0, 4)]
Key X: 511.0Key Y: 200.0, Value: [Vertex(-1, -2, 1), Vertex(0, -2, 5), Vertex(-1, -1, 3)]
Key X: 788.0Key Y: 120.0, Value: [Vertex(1, -2, 2)]
Key X: 303.0Key Y: 480.0, Value: [Vertex(-2, 1, 4), Vertex(-2, 0, 0)]
Key X: 441.0Key Y: 320.0, Value: [Vertex(-2, -1, 1), Vertex(-1, 0, 3), Vertex(-1, -1, 5)]
Key X: 649.0Key Y: 200.0, Value: [Vertex(0, -1, 3), Vertex(0, -2, 1), Vertex(1, -2, 5)]
Key X: 303.0Key Y: 560.0, Value: [Vertex(-2, 1, 5)]
Key X: 372.0Key Y: 440.0, Value: [Vertex(-2, 1, 3), Vertex(-2, 0, 1), Vertex(-1, 0, 5)]
Key X: 372.0Key Y: 600.0, Value: [Vertex(-2, 1, 0), Vertex(-1, 2, 4)]
Key X: 788.0Key Y: 200.0, Value: [Vertex(1, -2, 1), Vertex(1, -1, 3)]
Key X: 441.0Key Y: 480.0, Value: [Vertex(-2, 1, 2), Vertex(-1, 1, 4), Vertex(-1, 0, 0)]
Key X: 511.0Key Y: 360.0, Value: [Vertex(0, 0, 4), Vertex(-1, 0, 2), Vertex(-1, -1, 0)]
Key X: 441.0Key Y: 560.0, Value: [Vertex(-2, 1, 1), Vertex(-1, 2, 3), Vertex(-1, 1, 5)]
Key X: 372.0Key Y: 680.0, Value: [Vertex(-1, 2, 5)]
Key X: 511.0Key Y: 440.0, Value: [Vertex(0, 0, 5), Vertex(-1, 1, 3), Vertex(-1, 0, 1)]
Key X: 649.0Key Y: 360.0, Value: [Vertex(0, -1, 0), Vertex(0, 0, 2), Vertex(1, 0, 4)]
Key X: 441.0Key Y: 720.0, Value: [Vertex(-1, 2, 0)]
Key X: 788.0Key Y: 360.0, Value: [Vertex(1, -1, 0), Vertex(2, 0, 4), Vertex(1, 0, 2)]
Key X: 511.0Key Y: 600.0, Value: [Vertex(0, 2, 4), Vertex(-1, 2, 2), Vertex(-1, 1, 0)]
Key X: 649.0Key Y: 440.0, Value: [Vertex(0, 0, 1), Vertex(0, 1, 3), Vertex(1, 0, 5)]
Key X: 511.0Key Y: 680.0, Value: [Vertex(0, 2, 5), Vertex(-1, 2, 1)]
Key X: 926.0Key Y: 360.0, Value: [Vertex(2, 0, 2)]
Key X: 649.0Key Y: 600.0, Value: [Vertex(0, 1, 0), Vertex(1, 2, 4), Vertex(0, 2, 2)]
Key X: 788.0Key Y: 440.0, Value: [Vertex(1, 1, 3), Vertex(2, 0, 5), Vertex(1, 0, 1)]
Key X: 649.0Key Y: 680.0, Value: [Vertex(1, 2, 5), Vertex(0, 2, 1)]
Key X: 926.0Key Y: 440.0, Value: [Vertex(2, 0, 1)]
Key X: 788.0Key Y: 600.0, Value: [Vertex(1, 1, 0), Vertex(1, 2, 2)]
Key X: 788.0Key Y: 680.0, Value: [Vertex(1, 2, 1)]
Key X: 580.0Key Y: 80.0, Value: [Vertex(0, -2, 3)]
Key X: 719.0Key Y: 80.0, Value: [Vertex(1, -2, 3)]
Key X: 580.0Key Y: 240.0, Value: [Vertex(0, -1, 4), Vertex(0, -2, 0), Vertex(-1, -1, 2)]
Key X: 234.0Key Y: 360.0, Value: [Vertex(-2, 0, 4)]
Key X: 580.0Key Y: 320.0, Value: [Vertex(0, -1, 5), Vertex(0, 0, 3), Vertex(-1, -1, 1)]
Key X: 234.0Key Y: 440.0, Value: [Vertex(-2, 0, 5)]
Key X: 719.0Key Y: 240.0, Value: [Vertex(0, -1, 2), Vertex(1, -2, 0), Vertex(1, -1, 4)]
Key X: 857.0Key Y: 240.0, Value: [Vertex(1, -1, 2)]
Key X: 719.0Key Y: 320.0, Value: [Vertex(0, -1, 1), Vertex(1, -1, 5), Vertex(1, 0, 3)]
Key X: 580.0Key Y: 480.0, Value: [Vertex(0, 0, 0), Vertex(0, 1, 4), Vertex(-1, 1, 2)]
Berechnete einzigartige Vertices: 0
Berechnete einzigartige Edges: 72
✓ Authentisches CATAN-Board initialisiert: 54 Siedlungen, 72 Straßen
]]></system-out>
  </testcase>
  <testcase name="testBuildingCosts" classname="com.catan.model.CatanGameTest" time="0.007">
    <system-out><![CDATA[STANDARD_HEX_SET.size() = 19
Vertex dir=0 q: -1 r: -2 x=441.43593539448983 roundedX=441.0 y=240.0 roundedY=240.0
count: 1
Vertex dir=1 q: -1 r: -2 x=510.71796769724494 roundedX=511.0 y=200.0 roundedY=200.0
count: 2
Vertex dir=2 q: -1 r: -2 x=510.71796769724494 roundedX=511.0 y=120.00000000000001 roundedY=120.0
count: 3
Vertex dir=3 q: -1 r: -2 x=441.43593539448983 roundedX=441.0 y=80.0 roundedY=80.0
count: 4
Vertex dir=4 q: -1 r: -2 x=372.1539030917347 roundedX=372.0 y=119.99999999999997 roundedY=120.0
count: 5
Vertex dir=5 q: -1 r: -2 x=372.1539030917347 roundedX=372.0 y=200.0 roundedY=200.0
count: 6
Vertex dir=0 q: 0 r: -1 x=649.282032302755 roundedX=649.0 y=360.0 roundedY=360.0
count: 7
Vertex dir=1 q: 0 r: -1 x=718.5640646055101 roundedX=719.0 y=320.0 roundedY=320.0
count: 8
Vertex dir=2 q: 0 r: -1 x=718.5640646055101 roundedX=719.0 y=240.0 roundedY=240.0
count: 9
Vertex dir=3 q: 0 r: -1 x=649.282032302755 roundedX=649.0 y=200.0 roundedY=200.0
count: 10
Vertex dir=4 q: 0 r: -1 x=580.0 roundedX=580.0 y=239.99999999999997 roundedY=240.0
count: 11
Vertex dir=5 q: 0 r: -1 x=580.0 roundedX=580.0 y=320.0 roundedY=320.0
count: 12
Vertex dir=0 q: 0 r: 0 x=580.0 roundedX=580.0 y=480.0 roundedY=480.0
count: 13
Vertex dir=1 q: 0 r: 0 x=649.282032302755 roundedX=649.0 y=440.0 roundedY=440.0
count: 14
Vertex dir=2 q: 0 r: 0 x=649.282032302755 roundedX=649.0 y=360.0 roundedY=360.0
count: 15
Vertex dir=3 q: 0 r: 0 x=580.0 roundedX=580.0 y=320.0 roundedY=320.0
count: 16
Vertex dir=4 q: 0 r: 0 x=510.71796769724494 roundedX=511.0 y=360.0 roundedY=360.0
count: 17
Vertex dir=5 q: 0 r: 0 x=510.71796769724494 roundedX=511.0 y=440.0 roundedY=440.0
count: 18
Vertex dir=0 q: 1 r: 1 x=787.8460969082653 roundedX=788.0 y=600.0 roundedY=600.0
count: 19
Vertex dir=1 q: 1 r: 1 x=857.1281292110203 roundedX=857.0 y=560.0 roundedY=560.0
count: 20
Vertex dir=2 q: 1 r: 1 x=857.1281292110203 roundedX=857.0 y=480.0 roundedY=480.0
count: 21
Vertex dir=3 q: 1 r: 1 x=787.8460969082653 roundedX=788.0 y=440.0 roundedY=440.0
count: 22
Vertex dir=4 q: 1 r: 1 x=718.5640646055102 roundedX=719.0 y=480.0 roundedY=480.0
count: 23
Vertex dir=5 q: 1 r: 1 x=718.5640646055102 roundedX=719.0 y=560.0 roundedY=560.0
count: 24
Vertex dir=0 q: 0 r: -2 x=580.0 roundedX=580.0 y=240.0 roundedY=240.0
count: 25
Vertex dir=1 q: 0 r: -2 x=649.282032302755 roundedX=649.0 y=200.0 roundedY=200.0
count: 26
Vertex dir=2 q: 0 r: -2 x=649.282032302755 roundedX=649.0 y=120.00000000000001 roundedY=120.0
count: 27
Vertex dir=3 q: 0 r: -2 x=580.0 roundedX=580.0 y=80.0 roundedY=80.0
count: 28
Vertex dir=4 q: 0 r: -2 x=510.71796769724494 roundedX=511.0 y=119.99999999999997 roundedY=120.0
count: 29
Vertex dir=5 q: 0 r: -2 x=510.71796769724494 roundedX=511.0 y=200.0 roundedY=200.0
count: 30
Vertex dir=0 q: 0 r: 1 x=649.282032302755 roundedX=649.0 y=600.0 roundedY=600.0
count: 31
Vertex dir=1 q: 0 r: 1 x=718.5640646055101 roundedX=719.0 y=560.0 roundedY=560.0
count: 32
Vertex dir=2 q: 0 r: 1 x=718.5640646055101 roundedX=719.0 y=480.0 roundedY=480.0
count: 33
Vertex dir=3 q: 0 r: 1 x=649.282032302755 roundedX=649.0 y=440.0 roundedY=440.0
count: 34
Vertex dir=4 q: 0 r: 1 x=580.0 roundedX=580.0 y=480.0 roundedY=480.0
count: 35
Vertex dir=5 q: 0 r: 1 x=580.0 roundedX=580.0 y=560.0 roundedY=560.0
count: 36
Vertex dir=0 q: 1 r: 2 x=718.5640646055101 roundedX=719.0 y=720.0 roundedY=720.0
count: 37
Vertex dir=1 q: 1 r: 2 x=787.8460969082652 roundedX=788.0 y=680.0 roundedY=680.0
count: 38
Vertex dir=2 q: 1 r: 2 x=787.8460969082652 roundedX=788.0 y=600.0 roundedY=600.0
count: 39
Vertex dir=3 q: 1 r: 2 x=718.5640646055101 roundedX=719.0 y=560.0 roundedY=560.0
count: 40
Vertex dir=4 q: 1 r: 2 x=649.282032302755 roundedX=649.0 y=600.0 roundedY=600.0
count: 41
Vertex dir=5 q: 1 r: 2 x=649.282032302755 roundedX=649.0 y=680.0 roundedY=680.0
count: 42
Vertex dir=0 q: 0 r: 2 x=580.0 roundedX=580.0 y=720.0 roundedY=720.0
count: 43
Vertex dir=1 q: 0 r: 2 x=649.282032302755 roundedX=649.0 y=680.0 roundedY=680.0
count: 44
Vertex dir=2 q: 0 r: 2 x=649.282032302755 roundedX=649.0 y=600.0 roundedY=600.0
count: 45
Vertex dir=3 q: 0 r: 2 x=580.0 roundedX=580.0 y=560.0 roundedY=560.0
count: 46
Vertex dir=4 q: 0 r: 2 x=510.71796769724494 roundedX=511.0 y=600.0 roundedY=600.0
count: 47
Vertex dir=5 q: 0 r: 2 x=510.71796769724494 roundedX=511.0 y=680.0 roundedY=680.0
count: 48
Vertex dir=0 q: -2 r: 1 x=372.1539030917347 roundedX=372.0 y=600.0 roundedY=600.0
count: 49
Vertex dir=1 q: -2 r: 1 x=441.4359353944898 roundedX=441.0 y=560.0 roundedY=560.0
count: 50
Vertex dir=2 q: -2 r: 1 x=441.43593539448983 roundedX=441.0 y=480.0 roundedY=480.0
count: 51
Vertex dir=3 q: -2 r: 1 x=372.1539030917347 roundedX=372.0 y=440.0 roundedY=440.0
count: 52
Vertex dir=4 q: -2 r: 1 x=302.87187078897966 roundedX=303.0 y=480.0 roundedY=480.0
count: 53
Vertex dir=5 q: -2 r: 1 x=302.87187078897966 roundedX=303.0 y=560.0 roundedY=560.0
count: 54
Vertex dir=0 q: -1 r: 2 x=441.43593539448983 roundedX=441.0 y=720.0 roundedY=720.0
count: 55
Vertex dir=1 q: -1 r: 2 x=510.71796769724494 roundedX=511.0 y=680.0 roundedY=680.0
count: 56
Vertex dir=2 q: -1 r: 2 x=510.71796769724494 roundedX=511.0 y=600.0 roundedY=600.0
count: 57
Vertex dir=3 q: -1 r: 2 x=441.43593539448983 roundedX=441.0 y=560.0 roundedY=560.0
count: 58
Vertex dir=4 q: -1 r: 2 x=372.1539030917347 roundedX=372.0 y=600.0 roundedY=600.0
count: 59
Vertex dir=5 q: -1 r: 2 x=372.1539030917347 roundedX=372.0 y=680.0 roundedY=680.0
count: 60
Vertex dir=0 q: 1 r: -2 x=718.5640646055101 roundedX=719.0 y=240.0 roundedY=240.0
count: 61
Vertex dir=1 q: 1 r: -2 x=787.8460969082652 roundedX=788.0 y=200.0 roundedY=200.0
count: 62
Vertex dir=2 q: 1 r: -2 x=787.8460969082652 roundedX=788.0 y=120.00000000000001 roundedY=120.0
count: 63
Vertex dir=3 q: 1 r: -2 x=718.5640646055101 roundedX=719.0 y=80.0 roundedY=80.0
count: 64
Vertex dir=4 q: 1 r: -2 x=649.282032302755 roundedX=649.0 y=119.99999999999997 roundedY=120.0
count: 65
Vertex dir=5 q: 1 r: -2 x=649.282032302755 roundedX=649.0 y=200.0 roundedY=200.0
count: 66
Vertex dir=0 q: -2 r: 0 x=302.87187078897966 roundedX=303.0 y=480.0 roundedY=480.0
count: 67
Vertex dir=1 q: -2 r: 0 x=372.1539030917347 roundedX=372.0 y=440.0 roundedY=440.0
count: 68
Vertex dir=2 q: -2 r: 0 x=372.1539030917348 roundedX=372.0 y=360.0 roundedY=360.0
count: 69
Vertex dir=3 q: -2 r: 0 x=302.87187078897966 roundedX=303.0 y=320.0 roundedY=320.0
count: 70
Vertex dir=4 q: -2 r: 0 x=233.58983848622458 roundedX=234.0 y=360.0 roundedY=360.0
count: 71
Vertex dir=5 q: -2 r: 0 x=233.58983848622458 roundedX=234.0 y=440.0 roundedY=440.0
count: 72
Vertex dir=0 q: -1 r: 1 x=510.71796769724494 roundedX=511.0 y=600.0 roundedY=600.0
count: 73
Vertex dir=1 q: -1 r: 1 x=580.0 roundedX=580.0 y=560.0 roundedY=560.0
count: 74
Vertex dir=2 q: -1 r: 1 x=580.0 roundedX=580.0 y=480.0 roundedY=480.0
count: 75
Vertex dir=3 q: -1 r: 1 x=510.71796769724494 roundedX=511.0 y=440.0 roundedY=440.0
count: 76
Vertex dir=4 q: -1 r: 1 x=441.4359353944899 roundedX=441.0 y=480.0 roundedY=480.0
count: 77
Vertex dir=5 q: -1 r: 1 x=441.4359353944899 roundedX=441.0 y=560.0 roundedY=560.0
count: 78
Vertex dir=0 q: -2 r: -1 x=372.1539030917347 roundedX=372.0 y=360.0 roundedY=360.0
count: 79
Vertex dir=1 q: -2 r: -1 x=441.4359353944898 roundedX=441.0 y=320.0 roundedY=320.0
count: 80
Vertex dir=2 q: -2 r: -1 x=441.43593539448983 roundedX=441.0 y=240.0 roundedY=240.0
count: 81
Vertex dir=3 q: -2 r: -1 x=372.1539030917347 roundedX=372.0 y=200.0 roundedY=200.0
count: 82
Vertex dir=4 q: -2 r: -1 x=302.87187078897966 roundedX=303.0 y=239.99999999999997 roundedY=240.0
count: 83
Vertex dir=5 q: -2 r: -1 x=302.87187078897966 roundedX=303.0 y=320.0 roundedY=320.0
count: 84
Vertex dir=0 q: 1 r: -1 x=787.8460969082653 roundedX=788.0 y=360.0 roundedY=360.0
count: 85
Vertex dir=1 q: 1 r: -1 x=857.1281292110203 roundedX=857.0 y=320.0 roundedY=320.0
count: 86
Vertex dir=2 q: 1 r: -1 x=857.1281292110203 roundedX=857.0 y=240.0 roundedY=240.0
count: 87
Vertex dir=3 q: 1 r: -1 x=787.8460969082653 roundedX=788.0 y=200.0 roundedY=200.0
count: 88
Vertex dir=4 q: 1 r: -1 x=718.5640646055102 roundedX=719.0 y=239.99999999999997 roundedY=240.0
count: 89
Vertex dir=5 q: 1 r: -1 x=718.5640646055102 roundedX=719.0 y=320.0 roundedY=320.0
count: 90
Vertex dir=0 q: -1 r: 0 x=441.43593539448983 roundedX=441.0 y=480.0 roundedY=480.0
count: 91
Vertex dir=1 q: -1 r: 0 x=510.71796769724494 roundedX=511.0 y=440.0 roundedY=440.0
count: 92
Vertex dir=2 q: -1 r: 0 x=510.71796769724494 roundedX=511.0 y=360.0 roundedY=360.0
count: 93
Vertex dir=3 q: -1 r: 0 x=441.43593539448983 roundedX=441.0 y=320.0 roundedY=320.0
count: 94
Vertex dir=4 q: -1 r: 0 x=372.1539030917347 roundedX=372.0 y=360.0 roundedY=360.0
count: 95
Vertex dir=5 q: -1 r: 0 x=372.1539030917347 roundedX=372.0 y=440.0 roundedY=440.0
count: 96
Vertex dir=0 q: 2 r: 0 x=857.1281292110203 roundedX=857.0 y=480.0 roundedY=480.0
count: 97
Vertex dir=1 q: 2 r: 0 x=926.4101615137754 roundedX=926.0 y=440.0 roundedY=440.0
count: 98
Vertex dir=2 q: 2 r: 0 x=926.4101615137754 roundedX=926.0 y=360.0 roundedY=360.0
count: 99
Vertex dir=3 q: 2 r: 0 x=857.1281292110203 roundedX=857.0 y=320.0 roundedY=320.0
count: 100
Vertex dir=4 q: 2 r: 0 x=787.8460969082653 roundedX=788.0 y=360.0 roundedY=360.0
count: 101
Vertex dir=5 q: 2 r: 0 x=787.8460969082653 roundedX=788.0 y=440.0 roundedY=440.0
count: 102
Vertex dir=0 q: -1 r: -1 x=510.71796769724494 roundedX=511.0 y=360.0 roundedY=360.0
count: 103
Vertex dir=1 q: -1 r: -1 x=580.0 roundedX=580.0 y=320.0 roundedY=320.0
count: 104
Vertex dir=2 q: -1 r: -1 x=580.0 roundedX=580.0 y=240.0 roundedY=240.0
count: 105
Vertex dir=3 q: -1 r: -1 x=510.71796769724494 roundedX=511.0 y=200.0 roundedY=200.0
count: 106
Vertex dir=4 q: -1 r: -1 x=441.4359353944899 roundedX=441.0 y=239.99999999999997 roundedY=240.0
count: 107
Vertex dir=5 q: -1 r: -1 x=441.4359353944899 roundedX=441.0 y=320.0 roundedY=320.0
count: 108
Vertex dir=0 q: 1 r: 0 x=718.5640646055101 roundedX=719.0 y=480.0 roundedY=480.0
count: 109
Vertex dir=1 q: 1 r: 0 x=787.8460969082652 roundedX=788.0 y=440.0 roundedY=440.0
count: 110
Vertex dir=2 q: 1 r: 0 x=787.8460969082652 roundedX=788.0 y=360.0 roundedY=360.0
count: 111
Vertex dir=3 q: 1 r: 0 x=718.5640646055101 roundedX=719.0 y=320.0 roundedY=320.0
count: 112
Vertex dir=4 q: 1 r: 0 x=649.282032302755 roundedX=649.0 y=360.0 roundedY=360.0
count: 113
Vertex dir=5 q: 1 r: 0 x=649.282032302755 roundedX=649.0 y=440.0 roundedY=440.0
count: 114
Key X: 580.0Key Y: 560.0, Value: [Vertex(0, 1, 5), Vertex(0, 2, 3), Vertex(-1, 1, 1)]
Key X: 857.0Key Y: 320.0, Value: [Vertex(1, -1, 1), Vertex(2, 0, 3)]
Key X: 719.0Key Y: 480.0, Value: [Vertex(1, 1, 4), Vertex(0, 1, 2), Vertex(1, 0, 0)]
Key X: 580.0Key Y: 720.0, Value: [Vertex(0, 2, 0)]
Key X: 719.0Key Y: 560.0, Value: [Vertex(1, 1, 5), Vertex(0, 1, 1), Vertex(1, 2, 3)]
Key X: 441.0Key Y: 80.0, Value: [Vertex(-1, -2, 3)]
Key X: 857.0Key Y: 480.0, Value: [Vertex(1, 1, 2), Vertex(2, 0, 0)]
Key X: 719.0Key Y: 720.0, Value: [Vertex(1, 2, 0)]
Key X: 857.0Key Y: 560.0, Value: [Vertex(1, 1, 1)]
Key X: 372.0Key Y: 120.0, Value: [Vertex(-1, -2, 4)]
Key X: 303.0Key Y: 240.0, Value: [Vertex(-2, -1, 4)]
Key X: 372.0Key Y: 200.0, Value: [Vertex(-1, -2, 5), Vertex(-2, -1, 3)]
Key X: 511.0Key Y: 120.0, Value: [Vertex(-1, -2, 2), Vertex(0, -2, 4)]
Key X: 303.0Key Y: 320.0, Value: [Vertex(-2, 0, 3), Vertex(-2, -1, 5)]
Key X: 649.0Key Y: 120.0, Value: [Vertex(0, -2, 2), Vertex(1, -2, 4)]
Key X: 441.0Key Y: 240.0, Value: [Vertex(-1, -2, 0), Vertex(-2, -1, 2), Vertex(-1, -1, 4)]
Key X: 372.0Key Y: 360.0, Value: [Vertex(-2, 0, 2), Vertex(-2, -1, 0), Vertex(-1, 0, 4)]
Key X: 511.0Key Y: 200.0, Value: [Vertex(-1, -2, 1), Vertex(0, -2, 5), Vertex(-1, -1, 3)]
Key X: 788.0Key Y: 120.0, Value: [Vertex(1, -2, 2)]
Key X: 303.0Key Y: 480.0, Value: [Vertex(-2, 1, 4), Vertex(-2, 0, 0)]
Key X: 441.0Key Y: 320.0, Value: [Vertex(-2, -1, 1), Vertex(-1, 0, 3), Vertex(-1, -1, 5)]
Key X: 649.0Key Y: 200.0, Value: [Vertex(0, -1, 3), Vertex(0, -2, 1), Vertex(1, -2, 5)]
Key X: 303.0Key Y: 560.0, Value: [Vertex(-2, 1, 5)]
Key X: 372.0Key Y: 440.0, Value: [Vertex(-2, 1, 3), Vertex(-2, 0, 1), Vertex(-1, 0, 5)]
Key X: 372.0Key Y: 600.0, Value: [Vertex(-2, 1, 0), Vertex(-1, 2, 4)]
Key X: 788.0Key Y: 200.0, Value: [Vertex(1, -2, 1), Vertex(1, -1, 3)]
Key X: 441.0Key Y: 480.0, Value: [Vertex(-2, 1, 2), Vertex(-1, 1, 4), Vertex(-1, 0, 0)]
Key X: 511.0Key Y: 360.0, Value: [Vertex(0, 0, 4), Vertex(-1, 0, 2), Vertex(-1, -1, 0)]
Key X: 441.0Key Y: 560.0, Value: [Vertex(-2, 1, 1), Vertex(-1, 2, 3), Vertex(-1, 1, 5)]
Key X: 372.0Key Y: 680.0, Value: [Vertex(-1, 2, 5)]
Key X: 511.0Key Y: 440.0, Value: [Vertex(0, 0, 5), Vertex(-1, 1, 3), Vertex(-1, 0, 1)]
Key X: 649.0Key Y: 360.0, Value: [Vertex(0, -1, 0), Vertex(0, 0, 2), Vertex(1, 0, 4)]
Key X: 441.0Key Y: 720.0, Value: [Vertex(-1, 2, 0)]
Key X: 788.0Key Y: 360.0, Value: [Vertex(1, -1, 0), Vertex(2, 0, 4), Vertex(1, 0, 2)]
Key X: 511.0Key Y: 600.0, Value: [Vertex(0, 2, 4), Vertex(-1, 2, 2), Vertex(-1, 1, 0)]
Key X: 649.0Key Y: 440.0, Value: [Vertex(0, 0, 1), Vertex(0, 1, 3), Vertex(1, 0, 5)]
Key X: 511.0Key Y: 680.0, Value: [Vertex(0, 2, 5), Vertex(-1, 2, 1)]
Key X: 926.0Key Y: 360.0, Value: [Vertex(2, 0, 2)]
Key X: 649.0Key Y: 600.0, Value: [Vertex(0, 1, 0), Vertex(1, 2, 4), Vertex(0, 2, 2)]
Key X: 788.0Key Y: 440.0, Value: [Vertex(1, 1, 3), Vertex(2, 0, 5), Vertex(1, 0, 1)]
Key X: 649.0Key Y: 680.0, Value: [Vertex(1, 2, 5), Vertex(0, 2, 1)]
Key X: 926.0Key Y: 440.0, Value: [Vertex(2, 0, 1)]
Key X: 788.0Key Y: 600.0, Value: [Vertex(1, 1, 0), Vertex(1, 2, 2)]
Key X: 788.0Key Y: 680.0, Value: [Vertex(1, 2, 1)]
Key X: 580.0Key Y: 80.0, Value: [Vertex(0, -2, 3)]
Key X: 719.0Key Y: 80.0, Value: [Vertex(1, -2, 3)]
Key X: 580.0Key Y: 240.0, Value: [Vertex(0, -1, 4), Vertex(0, -2, 0), Vertex(-1, -1, 2)]
Key X: 234.0Key Y: 360.0, Value: [Vertex(-2, 0, 4)]
Key X: 580.0Key Y: 320.0, Value: [Vertex(0, -1, 5), Vertex(0, 0, 3), Vertex(-1, -1, 1)]
Key X: 234.0Key Y: 440.0, Value: [Vertex(-2, 0, 5)]
Key X: 719.0Key Y: 240.0, Value: [Vertex(0, -1, 2), Vertex(1, -2, 0), Vertex(1, -1, 4)]
Key X: 857.0Key Y: 240.0, Value: [Vertex(1, -1, 2)]
Key X: 719.0Key Y: 320.0, Value: [Vertex(0, -1, 1), Vertex(1, -1, 5), Vertex(1, 0, 3)]
Key X: 580.0Key Y: 480.0, Value: [Vertex(0, 0, 0), Vertex(0, 1, 4), Vertex(-1, 1, 2)]
Berechnete einzigartige Vertices: 0
Berechnete einzigartige Edges: 72
✓ Authentisches CATAN-Board initialisiert: 54 Siedlungen, 72 Straßen
]]></system-out>
  </testcase>
</testsuite>